running develop
running egg_info
creating virtual_pet.egg-info
writing virtual_pet.egg-info/PKG-INFO
writing dependency_links to virtual_pet.egg-info/dependency_links.txt
writing entry points to virtual_pet.egg-info/entry_points.txt
writing requirements to virtual_pet.egg-info/requires.txt
writing top-level names to virtual_pet.egg-info/top_level.txt
writing manifest file 'virtual_pet.egg-info/SOURCES.txt'
reading manifest file 'virtual_pet.egg-info/SOURCES.txt'
writing manifest file 'virtual_pet.egg-info/SOURCES.txt'
running build_ext
Creating /home/andrei-robert/ROS2_ws/install/virtual_pet/lib/python3.12/site-packages/virtual-pet.egg-link (link to .)
Installing gesture_recognizer script to /home/andrei-robert/ROS2_ws/install/virtual_pet/lib/virtual_pet
Installing pet_controller script to /home/andrei-robert/ROS2_ws/install/virtual_pet/lib/virtual_pet
Installing shape_drawer script to /home/andrei-robert/ROS2_ws/install/virtual_pet/lib/virtual_pet

Installed /home/andrei-robert/ROS2_ws/build/virtual_pet
running symlink_data
creating /home/andrei-robert/ROS2_ws/install/virtual_pet/share/ament_index
creating /home/andrei-robert/ROS2_ws/install/virtual_pet/share/ament_index/resource_index
creating /home/andrei-robert/ROS2_ws/install/virtual_pet/share/ament_index/resource_index/packages
symbolically linking /home/andrei-robert/ROS2_ws/build/virtual_pet/resource/virtual_pet -> /home/andrei-robert/ROS2_ws/install/virtual_pet/share/ament_index/resource_index/packages
symbolically linking /home/andrei-robert/ROS2_ws/build/virtual_pet/package.xml -> /home/andrei-robert/ROS2_ws/install/virtual_pet/share/virtual_pet
creating /home/andrei-robert/ROS2_ws/install/virtual_pet/share/virtual_pet/launch
symbolically linking /home/andrei-robert/ROS2_ws/build/virtual_pet/launch/virtual_pet.launch.py -> /home/andrei-robert/ROS2_ws/install/virtual_pet/share/virtual_pet/launch
symbolically linking /home/andrei-robert/ROS2_ws/build/virtual_pet/launch/pet_nodes_only.launch.py -> /home/andrei-robert/ROS2_ws/install/virtual_pet/share/virtual_pet/launch
