[0.558s] Invoking command in '/home/andrei-robert/ROS2_ws/build/virtual_pet': PYTHONPATH=/home/andrei-robert/ROS2_ws/build/virtual_pet/prefix_override:/usr/lib/python3/dist-packages/colcon_core/task/python/colcon_distutils_commands:/home/andrei-robert/ROS2_ws/install/virtual_pet/lib/python3.12/site-packages:${PYTHONPATH} VIRTUAL_ENV_PROMPT=(.venv) /usr/bin/python3 -W ignore:setup.py install is deprecated -W ignore:easy_install command is deprecated setup.py develop --editable --build-directory /home/andrei-robert/ROS2_ws/build/virtual_pet/build --no-deps symlink_data
[0.783s] running develop
[0.913s] running egg_info
[0.913s] creating virtual_pet.egg-info
[0.925s] writing virtual_pet.egg-info/PKG-INFO
[0.925s] writing dependency_links to virtual_pet.egg-info/dependency_links.txt
[0.925s] writing entry points to virtual_pet.egg-info/entry_points.txt
[0.925s] writing requirements to virtual_pet.egg-info/requires.txt
[0.926s] writing top-level names to virtual_pet.egg-info/top_level.txt
[0.926s] writing manifest file 'virtual_pet.egg-info/SOURCES.txt'
[0.950s] reading manifest file 'virtual_pet.egg-info/SOURCES.txt'
[0.950s] writing manifest file 'virtual_pet.egg-info/SOURCES.txt'
[0.963s] running build_ext
[0.963s] Creating /home/andrei-robert/ROS2_ws/install/virtual_pet/lib/python3.12/site-packages/virtual-pet.egg-link (link to .)
[0.964s] Installing gesture_recognizer script to /home/andrei-robert/ROS2_ws/install/virtual_pet/lib/virtual_pet
[0.964s] Installing pet_controller script to /home/andrei-robert/ROS2_ws/install/virtual_pet/lib/virtual_pet
[0.964s] Installing shape_drawer script to /home/andrei-robert/ROS2_ws/install/virtual_pet/lib/virtual_pet
[0.964s] 
[0.964s] Installed /home/andrei-robert/ROS2_ws/build/virtual_pet
[0.964s] running symlink_data
[0.964s] creating /home/andrei-robert/ROS2_ws/install/virtual_pet/share/ament_index
[0.964s] creating /home/andrei-robert/ROS2_ws/install/virtual_pet/share/ament_index/resource_index
[0.964s] creating /home/andrei-robert/ROS2_ws/install/virtual_pet/share/ament_index/resource_index/packages
[0.965s] symbolically linking /home/andrei-robert/ROS2_ws/build/virtual_pet/resource/virtual_pet -> /home/andrei-robert/ROS2_ws/install/virtual_pet/share/ament_index/resource_index/packages
[0.965s] symbolically linking /home/andrei-robert/ROS2_ws/build/virtual_pet/package.xml -> /home/andrei-robert/ROS2_ws/install/virtual_pet/share/virtual_pet
[0.965s] creating /home/andrei-robert/ROS2_ws/install/virtual_pet/share/virtual_pet/launch
[0.965s] symbolically linking /home/andrei-robert/ROS2_ws/build/virtual_pet/launch/virtual_pet.launch.py -> /home/andrei-robert/ROS2_ws/install/virtual_pet/share/virtual_pet/launch
[0.965s] symbolically linking /home/andrei-robert/ROS2_ws/build/virtual_pet/launch/pet_nodes_only.launch.py -> /home/andrei-robert/ROS2_ws/install/virtual_pet/share/virtual_pet/launch
[0.995s] Invoked command in '/home/andrei-robert/ROS2_ws/build/virtual_pet' returned '0': PYTHONPATH=/home/andrei-robert/ROS2_ws/build/virtual_pet/prefix_override:/usr/lib/python3/dist-packages/colcon_core/task/python/colcon_distutils_commands:/home/andrei-robert/ROS2_ws/install/virtual_pet/lib/python3.12/site-packages:${PYTHONPATH} VIRTUAL_ENV_PROMPT=(.venv) /usr/bin/python3 -W ignore:setup.py install is deprecated -W ignore:easy_install command is deprecated setup.py develop --editable --build-directory /home/andrei-robert/ROS2_ws/build/virtual_pet/build --no-deps symlink_data
