[0.579s] Invoking command in '/home/andrei-robert/ROS2_ws/build/virtual_pet': PYTHONPATH=/home/andrei-robert/ROS2_ws/build/virtual_pet/prefix_override:/usr/lib/python3/dist-packages/colcon_core/task/python/colcon_distutils_commands:/home/andrei-robert/ROS2_ws/install/virtual_pet/lib/python3.12/site-packages:${PYTHONPATH} /usr/bin/python3 -W ignore:setup.py install is deprecated -W ignore:easy_install command is deprecated setup.py develop --uninstall --editable --build-directory /home/andrei-robert/ROS2_ws/build/virtual_pet/build
[0.792s] running develop
[0.920s] Removing /home/andrei-robert/ROS2_ws/install/virtual_pet/lib/python3.12/site-packages/virtual-pet.egg-link (link to .)
[0.952s] Invoked command in '/home/andrei-robert/ROS2_ws/build/virtual_pet' returned '0': PYTHONPATH=/home/andrei-robert/ROS2_ws/build/virtual_pet/prefix_override:/usr/lib/python3/dist-packages/colcon_core/task/python/colcon_distutils_commands:/home/andrei-robert/ROS2_ws/install/virtual_pet/lib/python3.12/site-packages:${PYTHONPATH} /usr/bin/python3 -W ignore:setup.py install is deprecated -W ignore:easy_install command is deprecated setup.py develop --uninstall --editable --build-directory /home/andrei-robert/ROS2_ws/build/virtual_pet/build
[0.952s] Invoking command in '/home/andrei-robert/ROS2_ws/src/virtual_pet': PYTHONPATH=/home/andrei-robert/ROS2_ws/build/virtual_pet/prefix_override:/usr/lib/python3/dist-packages/colcon_core/task/python/colcon_distutils_commands:/home/andrei-robert/ROS2_ws/install/virtual_pet/lib/python3.12/site-packages:${PYTHONPATH} /usr/bin/python3 -W ignore:setup.py install is deprecated -W ignore:easy_install command is deprecated setup.py egg_info --egg-base ../../build/virtual_pet build --build-base /home/andrei-robert/ROS2_ws/build/virtual_pet/build install --record /home/andrei-robert/ROS2_ws/build/virtual_pet/install.log --single-version-externally-managed install_data --force
[1.128s] running egg_info
[1.141s] writing ../../build/virtual_pet/virtual_pet.egg-info/PKG-INFO
[1.141s] writing dependency_links to ../../build/virtual_pet/virtual_pet.egg-info/dependency_links.txt
[1.141s] writing entry points to ../../build/virtual_pet/virtual_pet.egg-info/entry_points.txt
[1.141s] writing requirements to ../../build/virtual_pet/virtual_pet.egg-info/requires.txt
[1.141s] writing top-level names to ../../build/virtual_pet/virtual_pet.egg-info/top_level.txt
[1.166s] reading manifest file '../../build/virtual_pet/virtual_pet.egg-info/SOURCES.txt'
[1.167s] writing manifest file '../../build/virtual_pet/virtual_pet.egg-info/SOURCES.txt'
[1.167s] running build
[1.167s] running build_py
[1.167s] creating /home/andrei-robert/ROS2_ws/build/virtual_pet/build
[1.167s] creating /home/andrei-robert/ROS2_ws/build/virtual_pet/build/lib
[1.167s] creating /home/andrei-robert/ROS2_ws/build/virtual_pet/build/lib/virtual_pet
[1.167s] copying virtual_pet/gesture_recognizer.py -> /home/andrei-robert/ROS2_ws/build/virtual_pet/build/lib/virtual_pet
[1.167s] copying virtual_pet/gui_controller.py -> /home/andrei-robert/ROS2_ws/build/virtual_pet/build/lib/virtual_pet
[1.167s] copying virtual_pet/shape_drawer.py -> /home/andrei-robert/ROS2_ws/build/virtual_pet/build/lib/virtual_pet
[1.167s] copying virtual_pet/pet_controller.py -> /home/andrei-robert/ROS2_ws/build/virtual_pet/build/lib/virtual_pet
[1.168s] copying virtual_pet/__init__.py -> /home/andrei-robert/ROS2_ws/build/virtual_pet/build/lib/virtual_pet
[1.168s] copying virtual_pet/voice_chat.py -> /home/andrei-robert/ROS2_ws/build/virtual_pet/build/lib/virtual_pet
[1.168s] running install
[1.172s] running install_lib
[1.185s] creating /home/andrei-robert/ROS2_ws/install/virtual_pet/lib/python3.12/site-packages/virtual_pet
[1.185s] copying /home/andrei-robert/ROS2_ws/build/virtual_pet/build/lib/virtual_pet/gesture_recognizer.py -> /home/andrei-robert/ROS2_ws/install/virtual_pet/lib/python3.12/site-packages/virtual_pet
[1.185s] copying /home/andrei-robert/ROS2_ws/build/virtual_pet/build/lib/virtual_pet/gui_controller.py -> /home/andrei-robert/ROS2_ws/install/virtual_pet/lib/python3.12/site-packages/virtual_pet
[1.185s] copying /home/andrei-robert/ROS2_ws/build/virtual_pet/build/lib/virtual_pet/shape_drawer.py -> /home/andrei-robert/ROS2_ws/install/virtual_pet/lib/python3.12/site-packages/virtual_pet
[1.185s] copying /home/andrei-robert/ROS2_ws/build/virtual_pet/build/lib/virtual_pet/pet_controller.py -> /home/andrei-robert/ROS2_ws/install/virtual_pet/lib/python3.12/site-packages/virtual_pet
[1.185s] copying /home/andrei-robert/ROS2_ws/build/virtual_pet/build/lib/virtual_pet/__init__.py -> /home/andrei-robert/ROS2_ws/install/virtual_pet/lib/python3.12/site-packages/virtual_pet
[1.185s] copying /home/andrei-robert/ROS2_ws/build/virtual_pet/build/lib/virtual_pet/voice_chat.py -> /home/andrei-robert/ROS2_ws/install/virtual_pet/lib/python3.12/site-packages/virtual_pet
[1.186s] byte-compiling /home/andrei-robert/ROS2_ws/install/virtual_pet/lib/python3.12/site-packages/virtual_pet/gesture_recognizer.py to gesture_recognizer.cpython-312.pyc
[1.187s] byte-compiling /home/andrei-robert/ROS2_ws/install/virtual_pet/lib/python3.12/site-packages/virtual_pet/gui_controller.py to gui_controller.cpython-312.pyc
[1.188s] byte-compiling /home/andrei-robert/ROS2_ws/install/virtual_pet/lib/python3.12/site-packages/virtual_pet/shape_drawer.py to shape_drawer.cpython-312.pyc
[1.190s] byte-compiling /home/andrei-robert/ROS2_ws/install/virtual_pet/lib/python3.12/site-packages/virtual_pet/pet_controller.py to pet_controller.cpython-312.pyc
[1.190s] byte-compiling /home/andrei-robert/ROS2_ws/install/virtual_pet/lib/python3.12/site-packages/virtual_pet/__init__.py to __init__.cpython-312.pyc
[1.190s] byte-compiling /home/andrei-robert/ROS2_ws/install/virtual_pet/lib/python3.12/site-packages/virtual_pet/voice_chat.py to voice_chat.cpython-312.pyc
[1.192s] running install_data
[1.193s] copying resource/virtual_pet -> /home/andrei-robert/ROS2_ws/install/virtual_pet/share/ament_index/resource_index/packages
[1.193s] copying package.xml -> /home/andrei-robert/ROS2_ws/install/virtual_pet/share/virtual_pet
[1.193s] copying launch/pet_complete.launch.py -> /home/andrei-robert/ROS2_ws/install/virtual_pet/share/virtual_pet/launch
[1.193s] copying rviz/trail_view.rviz -> /home/andrei-robert/ROS2_ws/install/virtual_pet/share/virtual_pet/rviz
[1.193s] running install_egg_info
[1.206s] Copying ../../build/virtual_pet/virtual_pet.egg-info to /home/andrei-robert/ROS2_ws/install/virtual_pet/lib/python3.12/site-packages/virtual_pet-0.1.0-py3.12.egg-info
[1.207s] running install_scripts
[1.294s] Installing gesture_recognizer script to /home/andrei-robert/ROS2_ws/install/virtual_pet/lib/virtual_pet
[1.294s] Installing gui_controller script to /home/andrei-robert/ROS2_ws/install/virtual_pet/lib/virtual_pet
[1.294s] Installing pet_controller script to /home/andrei-robert/ROS2_ws/install/virtual_pet/lib/virtual_pet
[1.294s] Installing shape_drawer script to /home/andrei-robert/ROS2_ws/install/virtual_pet/lib/virtual_pet
[1.294s] Installing voice_chat script to /home/andrei-robert/ROS2_ws/install/virtual_pet/lib/virtual_pet
[1.294s] writing list of installed files to '/home/andrei-robert/ROS2_ws/build/virtual_pet/install.log'
[1.323s] Invoked command in '/home/andrei-robert/ROS2_ws/src/virtual_pet' returned '0': PYTHONPATH=/home/andrei-robert/ROS2_ws/build/virtual_pet/prefix_override:/usr/lib/python3/dist-packages/colcon_core/task/python/colcon_distutils_commands:/home/andrei-robert/ROS2_ws/install/virtual_pet/lib/python3.12/site-packages:${PYTHONPATH} /usr/bin/python3 -W ignore:setup.py install is deprecated -W ignore:easy_install command is deprecated setup.py egg_info --egg-base ../../build/virtual_pet build --build-base /home/andrei-robert/ROS2_ws/build/virtual_pet/build install --record /home/andrei-robert/ROS2_ws/build/virtual_pet/install.log --single-version-externally-managed install_data --force
