[0.585s] Invoking command in '/home/andrei-robert/ROS2_ws/build/turtlebot3_example': AMENT_PREFIX_PATH=/home/andrei-robert/ROS2_ws/install/turtlebot3_msgs:${AMENT_PREFIX_PATH} CMAKE_PREFIX_PATH=/home/andrei-robert/ROS2_ws/install/turtlebot3_msgs:${CMAKE_PREFIX_PATH} LD_LIBRARY_PATH=/home/andrei-robert/ROS2_ws/install/turtlebot3_msgs/lib:${LD_LIBRARY_PATH} PYTHONPATH=/home/andrei-robert/ROS2_ws/build/turtlebot3_example/prefix_override:/usr/lib/python3/dist-packages/colcon_core/task/python/colcon_distutils_commands:/home/andrei-robert/ROS2_ws/install/turtlebot3_example/lib/python3.12/site-packages:/home/andrei-robert/ROS2_ws/install/turtlebot3_msgs/lib/python3.12/site-packages:${PYTHONPATH} /usr/bin/python3 -W ignore:setup.py install is deprecated -W ignore:easy_install command is deprecated setup.py develop --editable --build-directory /home/andrei-robert/ROS2_ws/build/turtlebot3_example/build --no-deps symlink_data
[0.821s] running develop
[0.953s] running egg_info
[0.953s] creating turtlebot3_example.egg-info
[0.965s] writing turtlebot3_example.egg-info/PKG-INFO
[0.965s] writing dependency_links to turtlebot3_example.egg-info/dependency_links.txt
[0.965s] writing entry points to turtlebot3_example.egg-info/entry_points.txt
[0.965s] writing requirements to turtlebot3_example.egg-info/requires.txt
[0.965s] writing top-level names to turtlebot3_example.egg-info/top_level.txt
[0.965s] writing manifest file 'turtlebot3_example.egg-info/SOURCES.txt'
[0.990s] reading manifest file 'turtlebot3_example.egg-info/SOURCES.txt'
[0.990s] writing manifest file 'turtlebot3_example.egg-info/SOURCES.txt'
[1.004s] running build_ext
[1.004s] Creating /home/andrei-robert/ROS2_ws/install/turtlebot3_example/lib/python3.12/site-packages/turtlebot3-example.egg-link (link to .)
[1.004s] Installing turtlebot3_absolute_move script to /home/andrei-robert/ROS2_ws/install/turtlebot3_example/lib/turtlebot3_example
[1.004s] Installing turtlebot3_interactive_marker script to /home/andrei-robert/ROS2_ws/install/turtlebot3_example/lib/turtlebot3_example
[1.005s] Installing turtlebot3_obstacle_detection script to /home/andrei-robert/ROS2_ws/install/turtlebot3_example/lib/turtlebot3_example
[1.005s] Installing turtlebot3_patrol_client script to /home/andrei-robert/ROS2_ws/install/turtlebot3_example/lib/turtlebot3_example
[1.005s] Installing turtlebot3_patrol_server script to /home/andrei-robert/ROS2_ws/install/turtlebot3_example/lib/turtlebot3_example
[1.005s] Installing turtlebot3_relative_move script to /home/andrei-robert/ROS2_ws/install/turtlebot3_example/lib/turtlebot3_example
[1.005s] 
[1.005s] Installed /home/andrei-robert/ROS2_ws/build/turtlebot3_example
[1.005s] running symlink_data
[1.005s] creating /home/andrei-robert/ROS2_ws/install/turtlebot3_example/share/ament_index
[1.005s] creating /home/andrei-robert/ROS2_ws/install/turtlebot3_example/share/ament_index/resource_index
[1.006s] creating /home/andrei-robert/ROS2_ws/install/turtlebot3_example/share/ament_index/resource_index/packages
[1.006s] symbolically linking /home/andrei-robert/ROS2_ws/build/turtlebot3_example/resource/turtlebot3_example -> /home/andrei-robert/ROS2_ws/install/turtlebot3_example/share/ament_index/resource_index/packages
[1.006s] symbolically linking /home/andrei-robert/ROS2_ws/build/turtlebot3_example/package.xml -> /home/andrei-robert/ROS2_ws/install/turtlebot3_example/share/turtlebot3_example
[1.033s] Invoked command in '/home/andrei-robert/ROS2_ws/build/turtlebot3_example' returned '0': AMENT_PREFIX_PATH=/home/andrei-robert/ROS2_ws/install/turtlebot3_msgs:${AMENT_PREFIX_PATH} CMAKE_PREFIX_PATH=/home/andrei-robert/ROS2_ws/install/turtlebot3_msgs:${CMAKE_PREFIX_PATH} LD_LIBRARY_PATH=/home/andrei-robert/ROS2_ws/install/turtlebot3_msgs/lib:${LD_LIBRARY_PATH} PYTHONPATH=/home/andrei-robert/ROS2_ws/build/turtlebot3_example/prefix_override:/usr/lib/python3/dist-packages/colcon_core/task/python/colcon_distutils_commands:/home/andrei-robert/ROS2_ws/install/turtlebot3_example/lib/python3.12/site-packages:/home/andrei-robert/ROS2_ws/install/turtlebot3_msgs/lib/python3.12/site-packages:${PYTHONPATH} /usr/bin/python3 -W ignore:setup.py install is deprecated -W ignore:easy_install command is deprecated setup.py develop --editable --build-directory /home/andrei-robert/ROS2_ws/build/turtlebot3_example/build --no-deps symlink_data
