[0.009s] Invoking command in '/home/andrei-robert/ROS2_ws/build/turtlebot3_node': AMENT_PREFIX_PATH=/home/andrei-robert/ROS2_ws/install/turtlebot3_msgs:/home/andrei-robert/ROS2_ws/install/dynamixel_sdk:${AMENT_PREFIX_PATH} CMAKE_PREFIX_PATH=/home/andrei-robert/ROS2_ws/install/turtlebot3_msgs:/home/andrei-robert/ROS2_ws/install/dynamixel_sdk:/opt/ros/jazzy/opt/gz_sim_vendor:/opt/ros/jazzy/opt/gz_sensors_vendor:/opt/ros/jazzy/opt/gz_physics_vendor:/opt/ros/jazzy/opt/sdformat_vendor:/opt/ros/jazzy/opt/gz_gui_vendor:/opt/ros/jazzy/opt/gz_transport_vendor:/opt/ros/jazzy/opt/gz_rendering_vendor:/opt/ros/jazzy/opt/gz_plugin_vendor:/opt/ros/jazzy/opt/gz_fuel_tools_vendor:/opt/ros/jazzy/opt/gz_msgs_vendor:/opt/ros/jazzy/opt/gz_common_vendor:/opt/ros/jazzy/opt/gz_math_vendor:/opt/ros/jazzy/opt/gz_utils_vendor:/opt/ros/jazzy/opt/gz_tools_vendor:/opt/ros/jazzy/opt/gz_ogre_next_vendor:/opt/ros/jazzy/opt/gz_dartsim_vendor:/opt/ros/jazzy/opt/gz_cmake_vendor:/opt/ros/jazzy LD_LIBRARY_PATH=/home/andrei-robert/ROS2_ws/install/turtlebot3_msgs/lib:/home/andrei-robert/ROS2_ws/install/dynamixel_sdk/lib:${LD_LIBRARY_PATH} PYTHONPATH=/home/andrei-robert/ROS2_ws/install/turtlebot3_msgs/lib/python3.12/site-packages:/home/andrei-robert/ROS2_ws/install/dynamixel_sdk/lib/python3.12/site-packages:${PYTHONPATH} /usr/bin/cmake /home/andrei-robert/ROS2_ws/src/turtlebot3/turtlebot3_node -DAMENT_CMAKE_SYMLINK_INSTALL=1 -DCMAKE_INSTALL_PREFIX=/home/andrei-robert/ROS2_ws/install/turtlebot3_node
[0.057s] -- The C compiler identification is GNU 13.3.0
[0.103s] -- The CXX compiler identification is GNU 13.3.0
[0.117s] -- Detecting C compiler ABI info
[0.200s] -- Detecting C compiler ABI info - done
[0.210s] -- Check for working C compiler: /usr/bin/cc - skipped
[0.210s] -- Detecting C compile features
[0.211s] -- Detecting C compile features - done
[0.223s] -- Detecting CXX compiler ABI info
[0.313s] -- Detecting CXX compiler ABI info - done
[0.320s] -- Check for working CXX compiler: /usr/bin/c++ - skipped
[0.321s] -- Detecting CXX compile features
[0.321s] -- Detecting CXX compile features - done
[0.323s] -- Found ament_cmake: 2.5.4 (/opt/ros/jazzy/share/ament_cmake/cmake)
[0.451s] -- Found Python3: /usr/bin/python3 (found version "3.12.3") found components: Interpreter 
[0.511s] -- Override CMake install command with custom implementation using symlinks instead of copying resources
[0.545s] -- Found dynamixel_sdk: 3.8.4 (/home/andrei-robert/ROS2_ws/install/dynamixel_sdk/share/dynamixel_sdk/cmake)
[0.549s] -- Found geometry_msgs: 5.3.6 (/opt/ros/jazzy/share/geometry_msgs/cmake)
[0.587s] -- Found rosidl_generator_c: 4.6.6 (/opt/ros/jazzy/share/rosidl_generator_c/cmake)
[0.599s] -- Found rosidl_generator_cpp: 4.6.6 (/opt/ros/jazzy/share/rosidl_generator_cpp/cmake)
[0.614s] -- Using all available rosidl_typesupport_c: rosidl_typesupport_fastrtps_c;rosidl_typesupport_introspection_c
[0.629s] -- Using all available rosidl_typesupport_cpp: rosidl_typesupport_fastrtps_cpp;rosidl_typesupport_introspection_cpp
[0.667s] -- Found message_filters: 4.11.8 (/opt/ros/jazzy/share/message_filters/cmake)
[0.728s] -- Found rmw_implementation_cmake: 7.3.2 (/opt/ros/jazzy/share/rmw_implementation_cmake/cmake)
[0.732s] -- Found rmw_fastrtps_cpp: 8.4.3 (/opt/ros/jazzy/share/rmw_fastrtps_cpp/cmake)
[0.812s] -- Found OpenSSL: /usr/lib/x86_64-linux-gnu/libcrypto.so (found version "3.0.13")  
[0.832s] -- Found FastRTPS: /opt/ros/jazzy/include (Required is at least version "2.13") 
[0.857s] -- Using RMW implementation 'rmw_fastrtps_cpp' as default
[0.923s] -- Found nav_msgs: 5.3.6 (/opt/ros/jazzy/share/nav_msgs/cmake)
[0.945s] -- Found sensor_msgs: 5.3.6 (/opt/ros/jazzy/share/sensor_msgs/cmake)
[0.965s] -- Found std_srvs: 5.3.6 (/opt/ros/jazzy/share/std_srvs/cmake)
[0.980s] -- Found tf2: 0.36.14 (/opt/ros/jazzy/share/tf2/cmake)
[0.984s] -- Found tf2_ros: 0.36.14 (/opt/ros/jazzy/share/tf2_ros/cmake)
[1.086s] -- Found turtlebot3_msgs: 2.4.0 (/home/andrei-robert/ROS2_ws/install/turtlebot3_msgs/share/turtlebot3_msgs/cmake)
[1.187s] -- Configuring done (1.2s)
[1.205s] -- Generating done (0.0s)
[1.210s] -- Build files have been written to: /home/andrei-robert/ROS2_ws/build/turtlebot3_node
[1.220s] Invoked command in '/home/andrei-robert/ROS2_ws/build/turtlebot3_node' returned '0': AMENT_PREFIX_PATH=/home/andrei-robert/ROS2_ws/install/turtlebot3_msgs:/home/andrei-robert/ROS2_ws/install/dynamixel_sdk:${AMENT_PREFIX_PATH} CMAKE_PREFIX_PATH=/home/andrei-robert/ROS2_ws/install/turtlebot3_msgs:/home/andrei-robert/ROS2_ws/install/dynamixel_sdk:/opt/ros/jazzy/opt/gz_sim_vendor:/opt/ros/jazzy/opt/gz_sensors_vendor:/opt/ros/jazzy/opt/gz_physics_vendor:/opt/ros/jazzy/opt/sdformat_vendor:/opt/ros/jazzy/opt/gz_gui_vendor:/opt/ros/jazzy/opt/gz_transport_vendor:/opt/ros/jazzy/opt/gz_rendering_vendor:/opt/ros/jazzy/opt/gz_plugin_vendor:/opt/ros/jazzy/opt/gz_fuel_tools_vendor:/opt/ros/jazzy/opt/gz_msgs_vendor:/opt/ros/jazzy/opt/gz_common_vendor:/opt/ros/jazzy/opt/gz_math_vendor:/opt/ros/jazzy/opt/gz_utils_vendor:/opt/ros/jazzy/opt/gz_tools_vendor:/opt/ros/jazzy/opt/gz_ogre_next_vendor:/opt/ros/jazzy/opt/gz_dartsim_vendor:/opt/ros/jazzy/opt/gz_cmake_vendor:/opt/ros/jazzy LD_LIBRARY_PATH=/home/andrei-robert/ROS2_ws/install/turtlebot3_msgs/lib:/home/andrei-robert/ROS2_ws/install/dynamixel_sdk/lib:${LD_LIBRARY_PATH} PYTHONPATH=/home/andrei-robert/ROS2_ws/install/turtlebot3_msgs/lib/python3.12/site-packages:/home/andrei-robert/ROS2_ws/install/dynamixel_sdk/lib/python3.12/site-packages:${PYTHONPATH} /usr/bin/cmake /home/andrei-robert/ROS2_ws/src/turtlebot3/turtlebot3_node -DAMENT_CMAKE_SYMLINK_INSTALL=1 -DCMAKE_INSTALL_PREFIX=/home/andrei-robert/ROS2_ws/install/turtlebot3_node
[1.220s] Invoking command in '/home/andrei-robert/ROS2_ws/build/turtlebot3_node': AMENT_PREFIX_PATH=/home/andrei-robert/ROS2_ws/install/turtlebot3_msgs:/home/andrei-robert/ROS2_ws/install/dynamixel_sdk:${AMENT_PREFIX_PATH} CMAKE_PREFIX_PATH=/home/andrei-robert/ROS2_ws/install/turtlebot3_msgs:/home/andrei-robert/ROS2_ws/install/dynamixel_sdk:/opt/ros/jazzy/opt/gz_sim_vendor:/opt/ros/jazzy/opt/gz_sensors_vendor:/opt/ros/jazzy/opt/gz_physics_vendor:/opt/ros/jazzy/opt/sdformat_vendor:/opt/ros/jazzy/opt/gz_gui_vendor:/opt/ros/jazzy/opt/gz_transport_vendor:/opt/ros/jazzy/opt/gz_rendering_vendor:/opt/ros/jazzy/opt/gz_plugin_vendor:/opt/ros/jazzy/opt/gz_fuel_tools_vendor:/opt/ros/jazzy/opt/gz_msgs_vendor:/opt/ros/jazzy/opt/gz_common_vendor:/opt/ros/jazzy/opt/gz_math_vendor:/opt/ros/jazzy/opt/gz_utils_vendor:/opt/ros/jazzy/opt/gz_tools_vendor:/opt/ros/jazzy/opt/gz_ogre_next_vendor:/opt/ros/jazzy/opt/gz_dartsim_vendor:/opt/ros/jazzy/opt/gz_cmake_vendor:/opt/ros/jazzy LD_LIBRARY_PATH=/home/andrei-robert/ROS2_ws/install/turtlebot3_msgs/lib:/home/andrei-robert/ROS2_ws/install/dynamixel_sdk/lib:${LD_LIBRARY_PATH} PYTHONPATH=/home/andrei-robert/ROS2_ws/install/turtlebot3_msgs/lib/python3.12/site-packages:/home/andrei-robert/ROS2_ws/install/dynamixel_sdk/lib/python3.12/site-packages:${PYTHONPATH} /usr/bin/cmake --build /home/andrei-robert/ROS2_ws/build/turtlebot3_node -- -j12 -l12
[1.265s] [  7%] [32mBuilding CXX object CMakeFiles/turtlebot3_node_lib.dir/src/diff_drive_controller.cpp.o[0m
[1.265s] [ 14%] [32mBuilding CXX object CMakeFiles/turtlebot3_node_lib.dir/src/devices/reset.cpp.o[0m
[1.265s] [ 21%] [32mBuilding CXX object CMakeFiles/turtlebot3_node_lib.dir/src/dynamixel_sdk_wrapper.cpp.o[0m
[1.265s] [ 28%] [32mBuilding CXX object CMakeFiles/turtlebot3_node_lib.dir/src/devices/motor_power.cpp.o[0m
[1.266s] [ 35%] [32mBuilding CXX object CMakeFiles/turtlebot3_node_lib.dir/src/devices/sound.cpp.o[0m
[1.266s] [ 50%] [32mBuilding CXX object CMakeFiles/turtlebot3_node_lib.dir/src/sensors/imu.cpp.o[0m
[1.266s] [ 50%] [32mBuilding CXX object CMakeFiles/turtlebot3_node_lib.dir/src/sensors/battery_state.cpp.o[0m
[1.266s] [ 57%] [32mBuilding CXX object CMakeFiles/turtlebot3_node_lib.dir/src/sensors/joint_state.cpp.o[0m
[1.266s] [ 64%] [32mBuilding CXX object CMakeFiles/turtlebot3_node_lib.dir/src/odometry.cpp.o[0m
[1.266s] [ 71%] [32mBuilding CXX object CMakeFiles/turtlebot3_node_lib.dir/src/turtlebot3.cpp.o[0m
[1.268s] [ 78%] [32mBuilding CXX object CMakeFiles/turtlebot3_node_lib.dir/src/sensors/sensor_state.cpp.o[0m
[13.079s] [ 85%] [32m[1mLinking CXX static library libturtlebot3_node_lib.a[0m
[13.490s] [ 85%] Built target turtlebot3_node_lib
[13.508s] [ 92%] [32mBuilding CXX object CMakeFiles/turtlebot3_ros.dir/src/node_main.cpp.o[0m
[15.586s] [100%] [32m[1mLinking CXX executable turtlebot3_ros[0m
[16.354s] [100%] Built target turtlebot3_ros
[16.363s] Invoked command in '/home/andrei-robert/ROS2_ws/build/turtlebot3_node' returned '0': AMENT_PREFIX_PATH=/home/andrei-robert/ROS2_ws/install/turtlebot3_msgs:/home/andrei-robert/ROS2_ws/install/dynamixel_sdk:${AMENT_PREFIX_PATH} CMAKE_PREFIX_PATH=/home/andrei-robert/ROS2_ws/install/turtlebot3_msgs:/home/andrei-robert/ROS2_ws/install/dynamixel_sdk:/opt/ros/jazzy/opt/gz_sim_vendor:/opt/ros/jazzy/opt/gz_sensors_vendor:/opt/ros/jazzy/opt/gz_physics_vendor:/opt/ros/jazzy/opt/sdformat_vendor:/opt/ros/jazzy/opt/gz_gui_vendor:/opt/ros/jazzy/opt/gz_transport_vendor:/opt/ros/jazzy/opt/gz_rendering_vendor:/opt/ros/jazzy/opt/gz_plugin_vendor:/opt/ros/jazzy/opt/gz_fuel_tools_vendor:/opt/ros/jazzy/opt/gz_msgs_vendor:/opt/ros/jazzy/opt/gz_common_vendor:/opt/ros/jazzy/opt/gz_math_vendor:/opt/ros/jazzy/opt/gz_utils_vendor:/opt/ros/jazzy/opt/gz_tools_vendor:/opt/ros/jazzy/opt/gz_ogre_next_vendor:/opt/ros/jazzy/opt/gz_dartsim_vendor:/opt/ros/jazzy/opt/gz_cmake_vendor:/opt/ros/jazzy LD_LIBRARY_PATH=/home/andrei-robert/ROS2_ws/install/turtlebot3_msgs/lib:/home/andrei-robert/ROS2_ws/install/dynamixel_sdk/lib:${LD_LIBRARY_PATH} PYTHONPATH=/home/andrei-robert/ROS2_ws/install/turtlebot3_msgs/lib/python3.12/site-packages:/home/andrei-robert/ROS2_ws/install/dynamixel_sdk/lib/python3.12/site-packages:${PYTHONPATH} /usr/bin/cmake --build /home/andrei-robert/ROS2_ws/build/turtlebot3_node -- -j12 -l12
[16.363s] Invoking command in '/home/andrei-robert/ROS2_ws/build/turtlebot3_node': AMENT_PREFIX_PATH=/home/andrei-robert/ROS2_ws/install/turtlebot3_msgs:/home/andrei-robert/ROS2_ws/install/dynamixel_sdk:${AMENT_PREFIX_PATH} CMAKE_PREFIX_PATH=/home/andrei-robert/ROS2_ws/install/turtlebot3_msgs:/home/andrei-robert/ROS2_ws/install/dynamixel_sdk:/opt/ros/jazzy/opt/gz_sim_vendor:/opt/ros/jazzy/opt/gz_sensors_vendor:/opt/ros/jazzy/opt/gz_physics_vendor:/opt/ros/jazzy/opt/sdformat_vendor:/opt/ros/jazzy/opt/gz_gui_vendor:/opt/ros/jazzy/opt/gz_transport_vendor:/opt/ros/jazzy/opt/gz_rendering_vendor:/opt/ros/jazzy/opt/gz_plugin_vendor:/opt/ros/jazzy/opt/gz_fuel_tools_vendor:/opt/ros/jazzy/opt/gz_msgs_vendor:/opt/ros/jazzy/opt/gz_common_vendor:/opt/ros/jazzy/opt/gz_math_vendor:/opt/ros/jazzy/opt/gz_utils_vendor:/opt/ros/jazzy/opt/gz_tools_vendor:/opt/ros/jazzy/opt/gz_ogre_next_vendor:/opt/ros/jazzy/opt/gz_dartsim_vendor:/opt/ros/jazzy/opt/gz_cmake_vendor:/opt/ros/jazzy LD_LIBRARY_PATH=/home/andrei-robert/ROS2_ws/install/turtlebot3_msgs/lib:/home/andrei-robert/ROS2_ws/install/dynamixel_sdk/lib:${LD_LIBRARY_PATH} PYTHONPATH=/home/andrei-robert/ROS2_ws/install/turtlebot3_msgs/lib/python3.12/site-packages:/home/andrei-robert/ROS2_ws/install/dynamixel_sdk/lib/python3.12/site-packages:${PYTHONPATH} /usr/bin/cmake --install /home/andrei-robert/ROS2_ws/build/turtlebot3_node
[16.369s] -- Install configuration: ""
[16.369s] -- Execute custom install script
[16.369s] -- Symlinking: /home/andrei-robert/ROS2_ws/install/turtlebot3_node/share/turtlebot3_node/param/burger.yaml
[16.377s] -- Symlinking: /home/andrei-robert/ROS2_ws/install/turtlebot3_node/share/turtlebot3_node/param/waffle.yaml
[16.384s] -- Symlinking: /home/andrei-robert/ROS2_ws/install/turtlebot3_node/share/turtlebot3_node/param/waffle_pi.yaml
[16.392s] -- Symlinking: /home/andrei-robert/ROS2_ws/install/turtlebot3_node/lib/turtlebot3_node/turtlebot3_ros
[16.398s] -- Symlinking: /home/andrei-robert/ROS2_ws/install/turtlebot3_node/share/ament_index/resource_index/package_run_dependencies/turtlebot3_node
[16.405s] -- Symlinking: /home/andrei-robert/ROS2_ws/install/turtlebot3_node/share/ament_index/resource_index/parent_prefix_path/turtlebot3_node
[16.414s] -- Symlinking: /home/andrei-robert/ROS2_ws/install/turtlebot3_node/share/turtlebot3_node/environment/ament_prefix_path.sh
[16.424s] -- Symlinking: /home/andrei-robert/ROS2_ws/install/turtlebot3_node/share/turtlebot3_node/environment/ament_prefix_path.dsv
[16.431s] -- Symlinking: /home/andrei-robert/ROS2_ws/install/turtlebot3_node/share/turtlebot3_node/environment/path.sh
[16.439s] -- Symlinking: /home/andrei-robert/ROS2_ws/install/turtlebot3_node/share/turtlebot3_node/environment/path.dsv
[16.447s] -- Symlinking: /home/andrei-robert/ROS2_ws/install/turtlebot3_node/share/turtlebot3_node/local_setup.bash
[16.456s] -- Symlinking: /home/andrei-robert/ROS2_ws/install/turtlebot3_node/share/turtlebot3_node/local_setup.sh
[16.462s] -- Symlinking: /home/andrei-robert/ROS2_ws/install/turtlebot3_node/share/turtlebot3_node/local_setup.zsh
[16.471s] -- Symlinking: /home/andrei-robert/ROS2_ws/install/turtlebot3_node/share/turtlebot3_node/local_setup.dsv
[16.479s] -- Symlinking: /home/andrei-robert/ROS2_ws/install/turtlebot3_node/share/turtlebot3_node/package.dsv
[16.486s] -- Symlinking: /home/andrei-robert/ROS2_ws/install/turtlebot3_node/share/ament_index/resource_index/packages/turtlebot3_node
[16.493s] -- Symlinking: /home/andrei-robert/ROS2_ws/install/turtlebot3_node/share/turtlebot3_node/cmake/ament_cmake_export_dependencies-extras.cmake
[16.499s] -- Symlinking: /home/andrei-robert/ROS2_ws/install/turtlebot3_node/share/turtlebot3_node/cmake/ament_cmake_export_include_directories-extras.cmake
[16.507s] -- Symlinking: /home/andrei-robert/ROS2_ws/install/turtlebot3_node/share/turtlebot3_node/cmake/turtlebot3_nodeConfig.cmake
[16.516s] -- Symlinking: /home/andrei-robert/ROS2_ws/install/turtlebot3_node/share/turtlebot3_node/cmake/turtlebot3_nodeConfig-version.cmake
[16.521s] -- Symlinking: /home/andrei-robert/ROS2_ws/install/turtlebot3_node/share/turtlebot3_node/package.xml
[16.528s] Invoked command in '/home/andrei-robert/ROS2_ws/build/turtlebot3_node' returned '0': AMENT_PREFIX_PATH=/home/andrei-robert/ROS2_ws/install/turtlebot3_msgs:/home/andrei-robert/ROS2_ws/install/dynamixel_sdk:${AMENT_PREFIX_PATH} CMAKE_PREFIX_PATH=/home/andrei-robert/ROS2_ws/install/turtlebot3_msgs:/home/andrei-robert/ROS2_ws/install/dynamixel_sdk:/opt/ros/jazzy/opt/gz_sim_vendor:/opt/ros/jazzy/opt/gz_sensors_vendor:/opt/ros/jazzy/opt/gz_physics_vendor:/opt/ros/jazzy/opt/sdformat_vendor:/opt/ros/jazzy/opt/gz_gui_vendor:/opt/ros/jazzy/opt/gz_transport_vendor:/opt/ros/jazzy/opt/gz_rendering_vendor:/opt/ros/jazzy/opt/gz_plugin_vendor:/opt/ros/jazzy/opt/gz_fuel_tools_vendor:/opt/ros/jazzy/opt/gz_msgs_vendor:/opt/ros/jazzy/opt/gz_common_vendor:/opt/ros/jazzy/opt/gz_math_vendor:/opt/ros/jazzy/opt/gz_utils_vendor:/opt/ros/jazzy/opt/gz_tools_vendor:/opt/ros/jazzy/opt/gz_ogre_next_vendor:/opt/ros/jazzy/opt/gz_dartsim_vendor:/opt/ros/jazzy/opt/gz_cmake_vendor:/opt/ros/jazzy LD_LIBRARY_PATH=/home/andrei-robert/ROS2_ws/install/turtlebot3_msgs/lib:/home/andrei-robert/ROS2_ws/install/dynamixel_sdk/lib:${LD_LIBRARY_PATH} PYTHONPATH=/home/andrei-robert/ROS2_ws/install/turtlebot3_msgs/lib/python3.12/site-packages:/home/andrei-robert/ROS2_ws/install/dynamixel_sdk/lib/python3.12/site-packages:${PYTHONPATH} /usr/bin/cmake --install /home/andrei-robert/ROS2_ws/build/turtlebot3_node
