/home/andrei-robert/ROS2_ws/install/virtual_pet/lib/python3.12/site-packages/virtual_pet/gesture_recognizer.py
/home/andrei-robert/ROS2_ws/install/virtual_pet/lib/python3.12/site-packages/virtual_pet/gui_controller.py
/home/andrei-robert/ROS2_ws/install/virtual_pet/lib/python3.12/site-packages/virtual_pet/shape_drawer.py
/home/andrei-robert/ROS2_ws/install/virtual_pet/lib/python3.12/site-packages/virtual_pet/pet_controller.py
/home/andrei-robert/ROS2_ws/install/virtual_pet/lib/python3.12/site-packages/virtual_pet/__init__.py
/home/andrei-robert/ROS2_ws/install/virtual_pet/lib/python3.12/site-packages/virtual_pet/voice_chat.py
/home/andrei-robert/ROS2_ws/install/virtual_pet/lib/python3.12/site-packages/virtual_pet/pet_trick_controller.py
/home/andrei-robert/ROS2_ws/install/virtual_pet/lib/python3.12/site-packages/virtual_pet/__pycache__/gesture_recognizer.cpython-312.pyc
/home/andrei-robert/ROS2_ws/install/virtual_pet/lib/python3.12/site-packages/virtual_pet/__pycache__/gui_controller.cpython-312.pyc
/home/andrei-robert/ROS2_ws/install/virtual_pet/lib/python3.12/site-packages/virtual_pet/__pycache__/shape_drawer.cpython-312.pyc
/home/andrei-robert/ROS2_ws/install/virtual_pet/lib/python3.12/site-packages/virtual_pet/__pycache__/pet_controller.cpython-312.pyc
/home/andrei-robert/ROS2_ws/install/virtual_pet/lib/python3.12/site-packages/virtual_pet/__pycache__/__init__.cpython-312.pyc
/home/andrei-robert/ROS2_ws/install/virtual_pet/lib/python3.12/site-packages/virtual_pet/__pycache__/voice_chat.cpython-312.pyc
/home/andrei-robert/ROS2_ws/install/virtual_pet/lib/python3.12/site-packages/virtual_pet/__pycache__/pet_trick_controller.cpython-312.pyc
/home/andrei-robert/ROS2_ws/install/virtual_pet/share/ament_index/resource_index/packages/virtual_pet
/home/andrei-robert/ROS2_ws/install/virtual_pet/share/virtual_pet/package.xml
/home/andrei-robert/ROS2_ws/install/virtual_pet/share/virtual_pet/launch/pet_complete.launch.py
/home/andrei-robert/ROS2_ws/install/virtual_pet/share/virtual_pet/rviz/trail_view.rviz
/home/andrei-robert/ROS2_ws/install/virtual_pet/share/virtual_pet/models/pou/model.config
/home/andrei-robert/ROS2_ws/install/virtual_pet/share/virtual_pet/models/pou/model.sdf
/home/andrei-robert/ROS2_ws/install/virtual_pet/share/virtual_pet/models/ball/model.config
/home/andrei-robert/ROS2_ws/install/virtual_pet/share/virtual_pet/models/ball/model.sdf
/home/andrei-robert/ROS2_ws/install/virtual_pet/lib/python3.12/site-packages/virtual_pet-0.1.0-py3.12.egg-info/top_level.txt
/home/andrei-robert/ROS2_ws/install/virtual_pet/lib/python3.12/site-packages/virtual_pet-0.1.0-py3.12.egg-info/dependency_links.txt
/home/andrei-robert/ROS2_ws/install/virtual_pet/lib/python3.12/site-packages/virtual_pet-0.1.0-py3.12.egg-info/PKG-INFO
/home/andrei-robert/ROS2_ws/install/virtual_pet/lib/python3.12/site-packages/virtual_pet-0.1.0-py3.12.egg-info/requires.txt
/home/andrei-robert/ROS2_ws/install/virtual_pet/lib/python3.12/site-packages/virtual_pet-0.1.0-py3.12.egg-info/entry_points.txt
/home/andrei-robert/ROS2_ws/install/virtual_pet/lib/python3.12/site-packages/virtual_pet-0.1.0-py3.12.egg-info/SOURCES.txt
/home/andrei-robert/ROS2_ws/install/virtual_pet/lib/python3.12/site-packages/virtual_pet-0.1.0-py3.12.egg-info/zip-safe
/home/andrei-robert/ROS2_ws/install/virtual_pet/lib/virtual_pet/gesture_recognizer
/home/andrei-robert/ROS2_ws/install/virtual_pet/lib/virtual_pet/gui_controller
/home/andrei-robert/ROS2_ws/install/virtual_pet/lib/virtual_pet/pet_controller
/home/andrei-robert/ROS2_ws/install/virtual_pet/lib/virtual_pet/pet_trick_controller
/home/andrei-robert/ROS2_ws/install/virtual_pet/lib/virtual_pet/shape_drawer
/home/andrei-robert/ROS2_ws/install/virtual_pet/lib/virtual_pet/voice_chat
