[0.195s] Invoking command in '/home/andrei-robert/ROS2_ws/build/turtlebot3_fake_node': CMAKE_PREFIX_PATH=/home/andrei-robert/ROS2_ws/install/turtlebot3_msgs:/home/andrei-robert/ROS2_ws/install/turtlebot3:/home/andrei-robert/ROS2_ws/install/turtlebot3_bringup:/home/andrei-robert/ROS2_ws/install/turtlebot3_node:/home/andrei-robert/ROS2_ws/install/turtlebot3_navigation2:/home/andrei-robert/ROS2_ws/install/turtlebot3_description:/home/andrei-robert/ROS2_ws/install/turtlebot3_cartographer:/home/andrei-robert/ROS2_ws/install/dynamixel_sdk_examples:/home/andrei-robert/ROS2_ws/install/dynamixel_sdk_custom_interfaces:/home/andrei-robert/ROS2_ws/install/dynamixel_sdk:/opt/ros/jazzy/opt/gz_sim_vendor:/opt/ros/jazzy/opt/gz_sensors_vendor:/opt/ros/jazzy/opt/gz_physics_vendor:/opt/ros/jazzy/opt/sdformat_vendor:/opt/ros/jazzy/opt/gz_gui_vendor:/opt/ros/jazzy/opt/gz_transport_vendor:/opt/ros/jazzy/opt/gz_rendering_vendor:/opt/ros/jazzy/opt/gz_plugin_vendor:/opt/ros/jazzy/opt/gz_fuel_tools_vendor:/opt/ros/jazzy/opt/gz_msgs_vendor:/opt/ros/jazzy/opt/gz_common_vendor:/opt/ros/jazzy/opt/gz_math_vendor:/opt/ros/jazzy/opt/gz_utils_vendor:/opt/ros/jazzy/opt/gz_tools_vendor:/opt/ros/jazzy/opt/gz_ogre_next_vendor:/opt/ros/jazzy/opt/gz_dartsim_vendor:/opt/ros/jazzy/opt/gz_cmake_vendor:/home/andrei-robert/ROS2_ws/install/turtlebot3_teleop:/home/andrei-robert/ROS2_ws/install/turtlebot3_example:/opt/ros/jazzy PYTHONPATH=/home/andrei-robert/ROS2_ws/install/turtlebot3_msgs/lib/python3.12/site-packages:/home/andrei-robert/ROS2_ws/build/turtlebot3_teleop:/home/andrei-robert/ROS2_ws/install/turtlebot3_teleop/lib/python3.12/site-packages:/home/andrei-robert/ROS2_ws/build/turtlebot3_example:/home/andrei-robert/ROS2_ws/install/turtlebot3_example/lib/python3.12/site-packages:/home/andrei-robert/ROS2_ws/install/dynamixel_sdk_custom_interfaces/lib/python3.12/site-packages:/home/andrei-robert/ROS2_ws/install/dynamixel_sdk/lib/python3.12/site-packages:/opt/ros/jazzy/lib/python3.12/site-packages /usr/bin/cmake /home/andrei-robert/ROS2_ws/src/turtlebot3_simulations/turtlebot3_fake_node -DAMENT_CMAKE_SYMLINK_INSTALL=1 -DCMAKE_INSTALL_PREFIX=/home/andrei-robert/ROS2_ws/install/turtlebot3_fake_node
[0.244s] -- The C compiler identification is GNU 13.3.0
[0.306s] -- The CXX compiler identification is GNU 13.3.0
[0.319s] -- Detecting C compiler ABI info
[0.385s] -- Detecting C compiler ABI info - done
[0.391s] -- Check for working C compiler: /usr/bin/cc - skipped
[0.391s] -- Detecting C compile features
[0.391s] -- Detecting C compile features - done
[0.398s] -- Detecting CXX compiler ABI info
[0.492s] -- Detecting CXX compiler ABI info - done
[0.503s] -- Check for working CXX compiler: /usr/bin/c++ - skipped
[0.503s] -- Detecting CXX compile features
[0.504s] -- Detecting CXX compile features - done
[0.508s] -- Found ament_cmake: 2.5.4 (/opt/ros/jazzy/share/ament_cmake/cmake)
[0.641s] -- Found Python3: /usr/bin/python3 (found version "3.12.3") found components: Interpreter 
[0.704s] -- Override CMake install command with custom implementation using symlinks instead of copying resources
[0.745s] -- Found geometry_msgs: 5.3.6 (/opt/ros/jazzy/share/geometry_msgs/cmake)
[0.794s] -- Found rosidl_generator_c: 4.6.6 (/opt/ros/jazzy/share/rosidl_generator_c/cmake)
[0.808s] -- Found rosidl_generator_cpp: 4.6.6 (/opt/ros/jazzy/share/rosidl_generator_cpp/cmake)
[0.823s] -- Using all available rosidl_typesupport_c: rosidl_typesupport_fastrtps_c;rosidl_typesupport_introspection_c
[0.838s] -- Using all available rosidl_typesupport_cpp: rosidl_typesupport_fastrtps_cpp;rosidl_typesupport_introspection_cpp
[0.878s] -- Found nav_msgs: 5.3.6 (/opt/ros/jazzy/share/nav_msgs/cmake)
[0.909s] -- Found rclcpp: 28.1.12 (/opt/ros/jazzy/share/rclcpp/cmake)
[0.952s] -- Found rmw_implementation_cmake: 7.3.2 (/opt/ros/jazzy/share/rmw_implementation_cmake/cmake)
[0.955s] -- Found rmw_fastrtps_cpp: 8.4.3 (/opt/ros/jazzy/share/rmw_fastrtps_cpp/cmake)
[1.029s] -- Found OpenSSL: /usr/lib/x86_64-linux-gnu/libcrypto.so (found version "3.0.13")  
[1.046s] -- Found FastRTPS: /opt/ros/jazzy/include (Required is at least version "2.13") 
[1.067s] -- Using RMW implementation 'rmw_fastrtps_cpp' as default
[1.126s] -- Found sensor_msgs: 5.3.6 (/opt/ros/jazzy/share/sensor_msgs/cmake)
[1.145s] -- Found tf2: 0.36.14 (/opt/ros/jazzy/share/tf2/cmake)
[1.151s] -- Found tf2_msgs: 0.36.14 (/opt/ros/jazzy/share/tf2_msgs/cmake)
[1.193s] -- Found turtlebot3_msgs: 2.4.0 (/home/andrei-robert/ROS2_ws/install/turtlebot3_msgs/share/turtlebot3_msgs/cmake)
[1.280s] -- Configuring done (1.1s)
[1.288s] -- Generating done (0.0s)
[1.291s] -- Build files have been written to: /home/andrei-robert/ROS2_ws/build/turtlebot3_fake_node
[1.298s] Invoked command in '/home/andrei-robert/ROS2_ws/build/turtlebot3_fake_node' returned '0': CMAKE_PREFIX_PATH=/home/andrei-robert/ROS2_ws/install/turtlebot3_msgs:/home/andrei-robert/ROS2_ws/install/turtlebot3:/home/andrei-robert/ROS2_ws/install/turtlebot3_bringup:/home/andrei-robert/ROS2_ws/install/turtlebot3_node:/home/andrei-robert/ROS2_ws/install/turtlebot3_navigation2:/home/andrei-robert/ROS2_ws/install/turtlebot3_description:/home/andrei-robert/ROS2_ws/install/turtlebot3_cartographer:/home/andrei-robert/ROS2_ws/install/dynamixel_sdk_examples:/home/andrei-robert/ROS2_ws/install/dynamixel_sdk_custom_interfaces:/home/andrei-robert/ROS2_ws/install/dynamixel_sdk:/opt/ros/jazzy/opt/gz_sim_vendor:/opt/ros/jazzy/opt/gz_sensors_vendor:/opt/ros/jazzy/opt/gz_physics_vendor:/opt/ros/jazzy/opt/sdformat_vendor:/opt/ros/jazzy/opt/gz_gui_vendor:/opt/ros/jazzy/opt/gz_transport_vendor:/opt/ros/jazzy/opt/gz_rendering_vendor:/opt/ros/jazzy/opt/gz_plugin_vendor:/opt/ros/jazzy/opt/gz_fuel_tools_vendor:/opt/ros/jazzy/opt/gz_msgs_vendor:/opt/ros/jazzy/opt/gz_common_vendor:/opt/ros/jazzy/opt/gz_math_vendor:/opt/ros/jazzy/opt/gz_utils_vendor:/opt/ros/jazzy/opt/gz_tools_vendor:/opt/ros/jazzy/opt/gz_ogre_next_vendor:/opt/ros/jazzy/opt/gz_dartsim_vendor:/opt/ros/jazzy/opt/gz_cmake_vendor:/home/andrei-robert/ROS2_ws/install/turtlebot3_teleop:/home/andrei-robert/ROS2_ws/install/turtlebot3_example:/opt/ros/jazzy PYTHONPATH=/home/andrei-robert/ROS2_ws/install/turtlebot3_msgs/lib/python3.12/site-packages:/home/andrei-robert/ROS2_ws/build/turtlebot3_teleop:/home/andrei-robert/ROS2_ws/install/turtlebot3_teleop/lib/python3.12/site-packages:/home/andrei-robert/ROS2_ws/build/turtlebot3_example:/home/andrei-robert/ROS2_ws/install/turtlebot3_example/lib/python3.12/site-packages:/home/andrei-robert/ROS2_ws/install/dynamixel_sdk_custom_interfaces/lib/python3.12/site-packages:/home/andrei-robert/ROS2_ws/install/dynamixel_sdk/lib/python3.12/site-packages:/opt/ros/jazzy/lib/python3.12/site-packages /usr/bin/cmake /home/andrei-robert/ROS2_ws/src/turtlebot3_simulations/turtlebot3_fake_node -DAMENT_CMAKE_SYMLINK_INSTALL=1 -DCMAKE_INSTALL_PREFIX=/home/andrei-robert/ROS2_ws/install/turtlebot3_fake_node
[1.299s] Invoking command in '/home/andrei-robert/ROS2_ws/build/turtlebot3_fake_node': CMAKE_PREFIX_PATH=/home/andrei-robert/ROS2_ws/install/turtlebot3_msgs:/home/andrei-robert/ROS2_ws/install/turtlebot3:/home/andrei-robert/ROS2_ws/install/turtlebot3_bringup:/home/andrei-robert/ROS2_ws/install/turtlebot3_node:/home/andrei-robert/ROS2_ws/install/turtlebot3_navigation2:/home/andrei-robert/ROS2_ws/install/turtlebot3_description:/home/andrei-robert/ROS2_ws/install/turtlebot3_cartographer:/home/andrei-robert/ROS2_ws/install/dynamixel_sdk_examples:/home/andrei-robert/ROS2_ws/install/dynamixel_sdk_custom_interfaces:/home/andrei-robert/ROS2_ws/install/dynamixel_sdk:/opt/ros/jazzy/opt/gz_sim_vendor:/opt/ros/jazzy/opt/gz_sensors_vendor:/opt/ros/jazzy/opt/gz_physics_vendor:/opt/ros/jazzy/opt/sdformat_vendor:/opt/ros/jazzy/opt/gz_gui_vendor:/opt/ros/jazzy/opt/gz_transport_vendor:/opt/ros/jazzy/opt/gz_rendering_vendor:/opt/ros/jazzy/opt/gz_plugin_vendor:/opt/ros/jazzy/opt/gz_fuel_tools_vendor:/opt/ros/jazzy/opt/gz_msgs_vendor:/opt/ros/jazzy/opt/gz_common_vendor:/opt/ros/jazzy/opt/gz_math_vendor:/opt/ros/jazzy/opt/gz_utils_vendor:/opt/ros/jazzy/opt/gz_tools_vendor:/opt/ros/jazzy/opt/gz_ogre_next_vendor:/opt/ros/jazzy/opt/gz_dartsim_vendor:/opt/ros/jazzy/opt/gz_cmake_vendor:/home/andrei-robert/ROS2_ws/install/turtlebot3_teleop:/home/andrei-robert/ROS2_ws/install/turtlebot3_example:/opt/ros/jazzy PYTHONPATH=/home/andrei-robert/ROS2_ws/install/turtlebot3_msgs/lib/python3.12/site-packages:/home/andrei-robert/ROS2_ws/build/turtlebot3_teleop:/home/andrei-robert/ROS2_ws/install/turtlebot3_teleop/lib/python3.12/site-packages:/home/andrei-robert/ROS2_ws/build/turtlebot3_example:/home/andrei-robert/ROS2_ws/install/turtlebot3_example/lib/python3.12/site-packages:/home/andrei-robert/ROS2_ws/install/dynamixel_sdk_custom_interfaces/lib/python3.12/site-packages:/home/andrei-robert/ROS2_ws/install/dynamixel_sdk/lib/python3.12/site-packages:/opt/ros/jazzy/lib/python3.12/site-packages /usr/bin/cmake --build /home/andrei-robert/ROS2_ws/build/turtlebot3_fake_node -- -j12 -l12
[1.348s] [ 50%] [32mBuilding CXX object CMakeFiles/turtlebot3_fake_node.dir/src/turtlebot3_fake_node.cpp.o[0m
[7.550s] [100%] [32m[1mLinking CXX executable turtlebot3_fake_node[0m
[7.830s] [100%] Built target turtlebot3_fake_node
[7.839s] Invoked command in '/home/andrei-robert/ROS2_ws/build/turtlebot3_fake_node' returned '0': CMAKE_PREFIX_PATH=/home/andrei-robert/ROS2_ws/install/turtlebot3_msgs:/home/andrei-robert/ROS2_ws/install/turtlebot3:/home/andrei-robert/ROS2_ws/install/turtlebot3_bringup:/home/andrei-robert/ROS2_ws/install/turtlebot3_node:/home/andrei-robert/ROS2_ws/install/turtlebot3_navigation2:/home/andrei-robert/ROS2_ws/install/turtlebot3_description:/home/andrei-robert/ROS2_ws/install/turtlebot3_cartographer:/home/andrei-robert/ROS2_ws/install/dynamixel_sdk_examples:/home/andrei-robert/ROS2_ws/install/dynamixel_sdk_custom_interfaces:/home/andrei-robert/ROS2_ws/install/dynamixel_sdk:/opt/ros/jazzy/opt/gz_sim_vendor:/opt/ros/jazzy/opt/gz_sensors_vendor:/opt/ros/jazzy/opt/gz_physics_vendor:/opt/ros/jazzy/opt/sdformat_vendor:/opt/ros/jazzy/opt/gz_gui_vendor:/opt/ros/jazzy/opt/gz_transport_vendor:/opt/ros/jazzy/opt/gz_rendering_vendor:/opt/ros/jazzy/opt/gz_plugin_vendor:/opt/ros/jazzy/opt/gz_fuel_tools_vendor:/opt/ros/jazzy/opt/gz_msgs_vendor:/opt/ros/jazzy/opt/gz_common_vendor:/opt/ros/jazzy/opt/gz_math_vendor:/opt/ros/jazzy/opt/gz_utils_vendor:/opt/ros/jazzy/opt/gz_tools_vendor:/opt/ros/jazzy/opt/gz_ogre_next_vendor:/opt/ros/jazzy/opt/gz_dartsim_vendor:/opt/ros/jazzy/opt/gz_cmake_vendor:/home/andrei-robert/ROS2_ws/install/turtlebot3_teleop:/home/andrei-robert/ROS2_ws/install/turtlebot3_example:/opt/ros/jazzy PYTHONPATH=/home/andrei-robert/ROS2_ws/install/turtlebot3_msgs/lib/python3.12/site-packages:/home/andrei-robert/ROS2_ws/build/turtlebot3_teleop:/home/andrei-robert/ROS2_ws/install/turtlebot3_teleop/lib/python3.12/site-packages:/home/andrei-robert/ROS2_ws/build/turtlebot3_example:/home/andrei-robert/ROS2_ws/install/turtlebot3_example/lib/python3.12/site-packages:/home/andrei-robert/ROS2_ws/install/dynamixel_sdk_custom_interfaces/lib/python3.12/site-packages:/home/andrei-robert/ROS2_ws/install/dynamixel_sdk/lib/python3.12/site-packages:/opt/ros/jazzy/lib/python3.12/site-packages /usr/bin/cmake --build /home/andrei-robert/ROS2_ws/build/turtlebot3_fake_node -- -j12 -l12
[7.840s] Invoking command in '/home/andrei-robert/ROS2_ws/build/turtlebot3_fake_node': CMAKE_PREFIX_PATH=/home/andrei-robert/ROS2_ws/install/turtlebot3_msgs:/home/andrei-robert/ROS2_ws/install/turtlebot3:/home/andrei-robert/ROS2_ws/install/turtlebot3_bringup:/home/andrei-robert/ROS2_ws/install/turtlebot3_node:/home/andrei-robert/ROS2_ws/install/turtlebot3_navigation2:/home/andrei-robert/ROS2_ws/install/turtlebot3_description:/home/andrei-robert/ROS2_ws/install/turtlebot3_cartographer:/home/andrei-robert/ROS2_ws/install/dynamixel_sdk_examples:/home/andrei-robert/ROS2_ws/install/dynamixel_sdk_custom_interfaces:/home/andrei-robert/ROS2_ws/install/dynamixel_sdk:/opt/ros/jazzy/opt/gz_sim_vendor:/opt/ros/jazzy/opt/gz_sensors_vendor:/opt/ros/jazzy/opt/gz_physics_vendor:/opt/ros/jazzy/opt/sdformat_vendor:/opt/ros/jazzy/opt/gz_gui_vendor:/opt/ros/jazzy/opt/gz_transport_vendor:/opt/ros/jazzy/opt/gz_rendering_vendor:/opt/ros/jazzy/opt/gz_plugin_vendor:/opt/ros/jazzy/opt/gz_fuel_tools_vendor:/opt/ros/jazzy/opt/gz_msgs_vendor:/opt/ros/jazzy/opt/gz_common_vendor:/opt/ros/jazzy/opt/gz_math_vendor:/opt/ros/jazzy/opt/gz_utils_vendor:/opt/ros/jazzy/opt/gz_tools_vendor:/opt/ros/jazzy/opt/gz_ogre_next_vendor:/opt/ros/jazzy/opt/gz_dartsim_vendor:/opt/ros/jazzy/opt/gz_cmake_vendor:/home/andrei-robert/ROS2_ws/install/turtlebot3_teleop:/home/andrei-robert/ROS2_ws/install/turtlebot3_example:/opt/ros/jazzy PYTHONPATH=/home/andrei-robert/ROS2_ws/install/turtlebot3_msgs/lib/python3.12/site-packages:/home/andrei-robert/ROS2_ws/build/turtlebot3_teleop:/home/andrei-robert/ROS2_ws/install/turtlebot3_teleop/lib/python3.12/site-packages:/home/andrei-robert/ROS2_ws/build/turtlebot3_example:/home/andrei-robert/ROS2_ws/install/turtlebot3_example/lib/python3.12/site-packages:/home/andrei-robert/ROS2_ws/install/dynamixel_sdk_custom_interfaces/lib/python3.12/site-packages:/home/andrei-robert/ROS2_ws/install/dynamixel_sdk/lib/python3.12/site-packages:/opt/ros/jazzy/lib/python3.12/site-packages /usr/bin/cmake --install /home/andrei-robert/ROS2_ws/build/turtlebot3_fake_node
[7.848s] -- Install configuration: ""
[7.848s] -- Execute custom install script
[7.848s] -- Symlinking: /home/andrei-robert/ROS2_ws/install/turtlebot3_fake_node/lib/turtlebot3_fake_node/turtlebot3_fake_node
[7.857s] -- Symlinking: /home/andrei-robert/ROS2_ws/install/turtlebot3_fake_node/share/turtlebot3_fake_node/launch/rviz2.launch.py
[7.866s] -- Symlinking: /home/andrei-robert/ROS2_ws/install/turtlebot3_fake_node/share/turtlebot3_fake_node/launch/turtlebot3_fake_node.launch.py
[7.873s] -- Symlinking: /home/andrei-robert/ROS2_ws/install/turtlebot3_fake_node/share/turtlebot3_fake_node/param/burger.yaml
[7.881s] -- Symlinking: /home/andrei-robert/ROS2_ws/install/turtlebot3_fake_node/share/turtlebot3_fake_node/param/waffle.yaml
[7.890s] -- Symlinking: /home/andrei-robert/ROS2_ws/install/turtlebot3_fake_node/share/turtlebot3_fake_node/param/waffle_pi.yaml
[7.899s] -- Symlinking: /home/andrei-robert/ROS2_ws/install/turtlebot3_fake_node/include//turtlebot3_fake_node/turtlebot3_fake_node.hpp
[7.908s] -- Symlinking: /home/andrei-robert/ROS2_ws/install/turtlebot3_fake_node/share/ament_index/resource_index/package_run_dependencies/turtlebot3_fake_node
[7.916s] -- Symlinking: /home/andrei-robert/ROS2_ws/install/turtlebot3_fake_node/share/ament_index/resource_index/parent_prefix_path/turtlebot3_fake_node
[7.925s] -- Symlinking: /home/andrei-robert/ROS2_ws/install/turtlebot3_fake_node/share/turtlebot3_fake_node/environment/ament_prefix_path.sh
[7.933s] -- Symlinking: /home/andrei-robert/ROS2_ws/install/turtlebot3_fake_node/share/turtlebot3_fake_node/environment/ament_prefix_path.dsv
[7.941s] -- Symlinking: /home/andrei-robert/ROS2_ws/install/turtlebot3_fake_node/share/turtlebot3_fake_node/environment/path.sh
[7.949s] -- Symlinking: /home/andrei-robert/ROS2_ws/install/turtlebot3_fake_node/share/turtlebot3_fake_node/environment/path.dsv
[7.957s] -- Symlinking: /home/andrei-robert/ROS2_ws/install/turtlebot3_fake_node/share/turtlebot3_fake_node/local_setup.bash
[7.965s] -- Symlinking: /home/andrei-robert/ROS2_ws/install/turtlebot3_fake_node/share/turtlebot3_fake_node/local_setup.sh
[7.973s] -- Symlinking: /home/andrei-robert/ROS2_ws/install/turtlebot3_fake_node/share/turtlebot3_fake_node/local_setup.zsh
[7.983s] -- Symlinking: /home/andrei-robert/ROS2_ws/install/turtlebot3_fake_node/share/turtlebot3_fake_node/local_setup.dsv
[7.991s] -- Symlinking: /home/andrei-robert/ROS2_ws/install/turtlebot3_fake_node/share/turtlebot3_fake_node/package.dsv
[7.999s] -- Symlinking: /home/andrei-robert/ROS2_ws/install/turtlebot3_fake_node/share/ament_index/resource_index/packages/turtlebot3_fake_node
[8.008s] -- Symlinking: /home/andrei-robert/ROS2_ws/install/turtlebot3_fake_node/share/turtlebot3_fake_node/cmake/ament_cmake_export_include_directories-extras.cmake
[8.015s] -- Symlinking: /home/andrei-robert/ROS2_ws/install/turtlebot3_fake_node/share/turtlebot3_fake_node/cmake/ament_cmake_export_dependencies-extras.cmake
[8.022s] -- Symlinking: /home/andrei-robert/ROS2_ws/install/turtlebot3_fake_node/share/turtlebot3_fake_node/cmake/turtlebot3_fake_nodeConfig.cmake
[8.031s] -- Symlinking: /home/andrei-robert/ROS2_ws/install/turtlebot3_fake_node/share/turtlebot3_fake_node/cmake/turtlebot3_fake_nodeConfig-version.cmake
[8.041s] -- Symlinking: /home/andrei-robert/ROS2_ws/install/turtlebot3_fake_node/share/turtlebot3_fake_node/package.xml
[8.051s] Invoked command in '/home/andrei-robert/ROS2_ws/build/turtlebot3_fake_node' returned '0': CMAKE_PREFIX_PATH=/home/andrei-robert/ROS2_ws/install/turtlebot3_msgs:/home/andrei-robert/ROS2_ws/install/turtlebot3:/home/andrei-robert/ROS2_ws/install/turtlebot3_bringup:/home/andrei-robert/ROS2_ws/install/turtlebot3_node:/home/andrei-robert/ROS2_ws/install/turtlebot3_navigation2:/home/andrei-robert/ROS2_ws/install/turtlebot3_description:/home/andrei-robert/ROS2_ws/install/turtlebot3_cartographer:/home/andrei-robert/ROS2_ws/install/dynamixel_sdk_examples:/home/andrei-robert/ROS2_ws/install/dynamixel_sdk_custom_interfaces:/home/andrei-robert/ROS2_ws/install/dynamixel_sdk:/opt/ros/jazzy/opt/gz_sim_vendor:/opt/ros/jazzy/opt/gz_sensors_vendor:/opt/ros/jazzy/opt/gz_physics_vendor:/opt/ros/jazzy/opt/sdformat_vendor:/opt/ros/jazzy/opt/gz_gui_vendor:/opt/ros/jazzy/opt/gz_transport_vendor:/opt/ros/jazzy/opt/gz_rendering_vendor:/opt/ros/jazzy/opt/gz_plugin_vendor:/opt/ros/jazzy/opt/gz_fuel_tools_vendor:/opt/ros/jazzy/opt/gz_msgs_vendor:/opt/ros/jazzy/opt/gz_common_vendor:/opt/ros/jazzy/opt/gz_math_vendor:/opt/ros/jazzy/opt/gz_utils_vendor:/opt/ros/jazzy/opt/gz_tools_vendor:/opt/ros/jazzy/opt/gz_ogre_next_vendor:/opt/ros/jazzy/opt/gz_dartsim_vendor:/opt/ros/jazzy/opt/gz_cmake_vendor:/home/andrei-robert/ROS2_ws/install/turtlebot3_teleop:/home/andrei-robert/ROS2_ws/install/turtlebot3_example:/opt/ros/jazzy PYTHONPATH=/home/andrei-robert/ROS2_ws/install/turtlebot3_msgs/lib/python3.12/site-packages:/home/andrei-robert/ROS2_ws/build/turtlebot3_teleop:/home/andrei-robert/ROS2_ws/install/turtlebot3_teleop/lib/python3.12/site-packages:/home/andrei-robert/ROS2_ws/build/turtlebot3_example:/home/andrei-robert/ROS2_ws/install/turtlebot3_example/lib/python3.12/site-packages:/home/andrei-robert/ROS2_ws/install/dynamixel_sdk_custom_interfaces/lib/python3.12/site-packages:/home/andrei-robert/ROS2_ws/install/dynamixel_sdk/lib/python3.12/site-packages:/opt/ros/jazzy/lib/python3.12/site-packages /usr/bin/cmake --install /home/andrei-robert/ROS2_ws/build/turtlebot3_fake_node
