[2.271s] Invoking command in '/home/andrei-robert/ROS2_ws/build/turtlebot3_teleop': PYTHONPATH=/home/andrei-robert/ROS2_ws/build/turtlebot3_teleop/prefix_override:/usr/lib/python3/dist-packages/colcon_core/task/python/colcon_distutils_commands:/home/andrei-robert/ROS2_ws/install/turtlebot3_teleop/lib/python3.12/site-packages:${PYTHONPATH} /usr/bin/python3 -W ignore:setup.py install is deprecated -W ignore:easy_install command is deprecated setup.py develop --editable --build-directory /home/andrei-robert/ROS2_ws/build/turtlebot3_teleop/build --no-deps symlink_data
[3.613s] running develop
[3.999s] running egg_info
[4.000s] creating turtlebot3_teleop.egg-info
[4.034s] writing turtlebot3_teleop.egg-info/PKG-INFO
[4.035s] writing dependency_links to turtlebot3_teleop.egg-info/dependency_links.txt
[4.036s] writing entry points to turtlebot3_teleop.egg-info/entry_points.txt
[4.036s] writing requirements to turtlebot3_teleop.egg-info/requires.txt
[4.036s] writing top-level names to turtlebot3_teleop.egg-info/top_level.txt
[4.037s] writing manifest file 'turtlebot3_teleop.egg-info/SOURCES.txt'
[4.102s] reading manifest file 'turtlebot3_teleop.egg-info/SOURCES.txt'
[4.103s] writing manifest file 'turtlebot3_teleop.egg-info/SOURCES.txt'
[4.142s] running build_ext
[4.142s] Creating /home/andrei-robert/ROS2_ws/install/turtlebot3_teleop/lib/python3.12/site-packages/turtlebot3-teleop.egg-link (link to .)
[4.143s] Installing teleop_keyboard script to /home/andrei-robert/ROS2_ws/install/turtlebot3_teleop/lib/turtlebot3_teleop
[4.144s] 
[4.144s] Installed /home/andrei-robert/ROS2_ws/build/turtlebot3_teleop
[4.145s] running symlink_data
[4.145s] creating /home/andrei-robert/ROS2_ws/install/turtlebot3_teleop/share/ament_index
[4.145s] creating /home/andrei-robert/ROS2_ws/install/turtlebot3_teleop/share/ament_index/resource_index
[4.145s] creating /home/andrei-robert/ROS2_ws/install/turtlebot3_teleop/share/ament_index/resource_index/packages
[4.146s] symbolically linking /home/andrei-robert/ROS2_ws/build/turtlebot3_teleop/resource/turtlebot3_teleop -> /home/andrei-robert/ROS2_ws/install/turtlebot3_teleop/share/ament_index/resource_index/packages
[4.146s] symbolically linking /home/andrei-robert/ROS2_ws/build/turtlebot3_teleop/package.xml -> /home/andrei-robert/ROS2_ws/install/turtlebot3_teleop/share/turtlebot3_teleop
[4.211s] Invoked command in '/home/andrei-robert/ROS2_ws/build/turtlebot3_teleop' returned '0': PYTHONPATH=/home/andrei-robert/ROS2_ws/build/turtlebot3_teleop/prefix_override:/usr/lib/python3/dist-packages/colcon_core/task/python/colcon_distutils_commands:/home/andrei-robert/ROS2_ws/install/turtlebot3_teleop/lib/python3.12/site-packages:${PYTHONPATH} /usr/bin/python3 -W ignore:setup.py install is deprecated -W ignore:easy_install command is deprecated setup.py develop --editable --build-directory /home/andrei-robert/ROS2_ws/build/turtlebot3_teleop/build --no-deps symlink_data
