[0.059s] Invoking command in '/home/andrei-robert/ROS2_ws/build/dynamixel_sdk_examples': AMENT_PREFIX_PATH=/home/andrei-robert/ROS2_ws/install/dynamixel_sdk_custom_interfaces:/home/andrei-robert/ROS2_ws/install/dynamixel_sdk:${AMENT_PREFIX_PATH} CMAKE_PREFIX_PATH=/home/andrei-robert/ROS2_ws/install/dynamixel_sdk_custom_interfaces:/home/andrei-robert/ROS2_ws/install/dynamixel_sdk:/opt/ros/jazzy/opt/gz_sim_vendor:/opt/ros/jazzy/opt/gz_sensors_vendor:/opt/ros/jazzy/opt/gz_physics_vendor:/opt/ros/jazzy/opt/sdformat_vendor:/opt/ros/jazzy/opt/gz_gui_vendor:/opt/ros/jazzy/opt/gz_transport_vendor:/opt/ros/jazzy/opt/gz_rendering_vendor:/opt/ros/jazzy/opt/gz_plugin_vendor:/opt/ros/jazzy/opt/gz_fuel_tools_vendor:/opt/ros/jazzy/opt/gz_msgs_vendor:/opt/ros/jazzy/opt/gz_common_vendor:/opt/ros/jazzy/opt/gz_math_vendor:/opt/ros/jazzy/opt/gz_utils_vendor:/opt/ros/jazzy/opt/gz_tools_vendor:/opt/ros/jazzy/opt/gz_ogre_next_vendor:/opt/ros/jazzy/opt/gz_dartsim_vendor:/opt/ros/jazzy/opt/gz_cmake_vendor:/opt/ros/jazzy LD_LIBRARY_PATH=/home/andrei-robert/ROS2_ws/install/dynamixel_sdk_custom_interfaces/lib:/home/andrei-robert/ROS2_ws/install/dynamixel_sdk/lib:${LD_LIBRARY_PATH} PYTHONPATH=/home/andrei-robert/ROS2_ws/install/dynamixel_sdk_custom_interfaces/lib/python3.12/site-packages:/home/andrei-robert/ROS2_ws/install/dynamixel_sdk/lib/python3.12/site-packages:${PYTHONPATH} /usr/bin/cmake /home/andrei-robert/ROS2_ws/src/DynamixelSDK/ros/dynamixel_sdk_examples -DAMENT_CMAKE_SYMLINK_INSTALL=1 -DCMAKE_INSTALL_PREFIX=/home/andrei-robert/ROS2_ws/install/dynamixel_sdk_examples
[0.207s] -- The C compiler identification is GNU 13.3.0
[0.357s] -- The CXX compiler identification is GNU 13.3.0
[0.398s] -- Detecting C compiler ABI info
[0.579s] -- Detecting C compiler ABI info - done
[0.590s] -- Check for working C compiler: /usr/bin/cc - skipped
[0.590s] -- Detecting C compile features
[0.591s] -- Detecting C compile features - done
[0.605s] -- Detecting CXX compiler ABI info
[0.795s] -- Detecting CXX compiler ABI info - done
[0.812s] -- Check for working CXX compiler: /usr/bin/c++ - skipped
[0.813s] -- Detecting CXX compile features
[0.818s] -- Detecting CXX compile features - done
[0.823s] -- Found ament_cmake: 2.5.4 (/opt/ros/jazzy/share/ament_cmake/cmake)
[0.999s] -- Found Python3: /usr/bin/python3 (found version "3.12.3") found components: Interpreter 
[1.062s] -- Override CMake install command with custom implementation using symlinks instead of copying resources
[1.098s] -- Found dynamixel_sdk: 3.8.4 (/home/andrei-robert/ROS2_ws/install/dynamixel_sdk/share/dynamixel_sdk/cmake)
[1.100s] -- Found dynamixel_sdk_custom_interfaces: 3.8.4 (/home/andrei-robert/ROS2_ws/install/dynamixel_sdk_custom_interfaces/share/dynamixel_sdk_custom_interfaces/cmake)
[1.140s] -- Found rosidl_generator_c: 4.6.6 (/opt/ros/jazzy/share/rosidl_generator_c/cmake)
[1.152s] -- Found rosidl_generator_cpp: 4.6.6 (/opt/ros/jazzy/share/rosidl_generator_cpp/cmake)
[1.167s] -- Using all available rosidl_typesupport_c: rosidl_typesupport_fastrtps_c;rosidl_typesupport_introspection_c
[1.183s] -- Using all available rosidl_typesupport_cpp: rosidl_typesupport_fastrtps_cpp;rosidl_typesupport_introspection_cpp
[1.227s] -- Found rclcpp: 28.1.12 (/opt/ros/jazzy/share/rclcpp/cmake)
[1.270s] -- Found rmw_implementation_cmake: 7.3.2 (/opt/ros/jazzy/share/rmw_implementation_cmake/cmake)
[1.273s] -- Found rmw_fastrtps_cpp: 8.4.3 (/opt/ros/jazzy/share/rmw_fastrtps_cpp/cmake)
[1.347s] -- Found OpenSSL: /usr/lib/x86_64-linux-gnu/libcrypto.so (found version "3.0.13")  
[1.365s] -- Found FastRTPS: /opt/ros/jazzy/include (Required is at least version "2.13") 
[1.385s] -- Using RMW implementation 'rmw_fastrtps_cpp' as default
[1.451s] -- Found rclpy: 7.1.5 (/opt/ros/jazzy/share/rclpy/cmake)
[1.453s] -- Found ament_lint_auto: 0.17.3 (/opt/ros/jazzy/share/ament_lint_auto/cmake)
[1.550s] -- Added test 'copyright' to check source files copyright and LICENSE
[1.551s] -- Added test 'cppcheck' to perform static code analysis on C / C++ code
[1.551s] -- Configured cppcheck include dirs: /home/andrei-robert/ROS2_ws/src/DynamixelSDK/ros/dynamixel_sdk_examples/include
[1.551s] -- Configured cppcheck exclude dirs and/or files: 
[1.552s] -- Added test 'cpplint' to check C / C++ code against the Google style
[1.552s] -- Configured cpplint exclude dirs and/or files: 
[1.552s] -- Added test 'flake8' to check Python code syntax and style conventions
[1.553s] -- Configured 'flake8' exclude dirs and/or files: 
[1.553s] -- Added test 'lint_cmake' to check CMake code style
[1.554s] -- Added test 'pep257' to check Python code against some of the docstring style conventions in PEP 257
[1.554s] -- Added test 'uncrustify' to check C / C++ code style
[1.554s] -- Configured uncrustify additional arguments: 
[1.555s] -- Added test 'xmllint' to check XML markup files
[1.556s] -- Configuring done (1.5s)
[1.563s] -- Generating done (0.0s)
[1.565s] -- Build files have been written to: /home/andrei-robert/ROS2_ws/build/dynamixel_sdk_examples
[1.572s] Invoked command in '/home/andrei-robert/ROS2_ws/build/dynamixel_sdk_examples' returned '0': AMENT_PREFIX_PATH=/home/andrei-robert/ROS2_ws/install/dynamixel_sdk_custom_interfaces:/home/andrei-robert/ROS2_ws/install/dynamixel_sdk:${AMENT_PREFIX_PATH} CMAKE_PREFIX_PATH=/home/andrei-robert/ROS2_ws/install/dynamixel_sdk_custom_interfaces:/home/andrei-robert/ROS2_ws/install/dynamixel_sdk:/opt/ros/jazzy/opt/gz_sim_vendor:/opt/ros/jazzy/opt/gz_sensors_vendor:/opt/ros/jazzy/opt/gz_physics_vendor:/opt/ros/jazzy/opt/sdformat_vendor:/opt/ros/jazzy/opt/gz_gui_vendor:/opt/ros/jazzy/opt/gz_transport_vendor:/opt/ros/jazzy/opt/gz_rendering_vendor:/opt/ros/jazzy/opt/gz_plugin_vendor:/opt/ros/jazzy/opt/gz_fuel_tools_vendor:/opt/ros/jazzy/opt/gz_msgs_vendor:/opt/ros/jazzy/opt/gz_common_vendor:/opt/ros/jazzy/opt/gz_math_vendor:/opt/ros/jazzy/opt/gz_utils_vendor:/opt/ros/jazzy/opt/gz_tools_vendor:/opt/ros/jazzy/opt/gz_ogre_next_vendor:/opt/ros/jazzy/opt/gz_dartsim_vendor:/opt/ros/jazzy/opt/gz_cmake_vendor:/opt/ros/jazzy LD_LIBRARY_PATH=/home/andrei-robert/ROS2_ws/install/dynamixel_sdk_custom_interfaces/lib:/home/andrei-robert/ROS2_ws/install/dynamixel_sdk/lib:${LD_LIBRARY_PATH} PYTHONPATH=/home/andrei-robert/ROS2_ws/install/dynamixel_sdk_custom_interfaces/lib/python3.12/site-packages:/home/andrei-robert/ROS2_ws/install/dynamixel_sdk/lib/python3.12/site-packages:${PYTHONPATH} /usr/bin/cmake /home/andrei-robert/ROS2_ws/src/DynamixelSDK/ros/dynamixel_sdk_examples -DAMENT_CMAKE_SYMLINK_INSTALL=1 -DCMAKE_INSTALL_PREFIX=/home/andrei-robert/ROS2_ws/install/dynamixel_sdk_examples
[1.573s] Invoking command in '/home/andrei-robert/ROS2_ws/build/dynamixel_sdk_examples': AMENT_PREFIX_PATH=/home/andrei-robert/ROS2_ws/install/dynamixel_sdk_custom_interfaces:/home/andrei-robert/ROS2_ws/install/dynamixel_sdk:${AMENT_PREFIX_PATH} CMAKE_PREFIX_PATH=/home/andrei-robert/ROS2_ws/install/dynamixel_sdk_custom_interfaces:/home/andrei-robert/ROS2_ws/install/dynamixel_sdk:/opt/ros/jazzy/opt/gz_sim_vendor:/opt/ros/jazzy/opt/gz_sensors_vendor:/opt/ros/jazzy/opt/gz_physics_vendor:/opt/ros/jazzy/opt/sdformat_vendor:/opt/ros/jazzy/opt/gz_gui_vendor:/opt/ros/jazzy/opt/gz_transport_vendor:/opt/ros/jazzy/opt/gz_rendering_vendor:/opt/ros/jazzy/opt/gz_plugin_vendor:/opt/ros/jazzy/opt/gz_fuel_tools_vendor:/opt/ros/jazzy/opt/gz_msgs_vendor:/opt/ros/jazzy/opt/gz_common_vendor:/opt/ros/jazzy/opt/gz_math_vendor:/opt/ros/jazzy/opt/gz_utils_vendor:/opt/ros/jazzy/opt/gz_tools_vendor:/opt/ros/jazzy/opt/gz_ogre_next_vendor:/opt/ros/jazzy/opt/gz_dartsim_vendor:/opt/ros/jazzy/opt/gz_cmake_vendor:/opt/ros/jazzy LD_LIBRARY_PATH=/home/andrei-robert/ROS2_ws/install/dynamixel_sdk_custom_interfaces/lib:/home/andrei-robert/ROS2_ws/install/dynamixel_sdk/lib:${LD_LIBRARY_PATH} PYTHONPATH=/home/andrei-robert/ROS2_ws/install/dynamixel_sdk_custom_interfaces/lib/python3.12/site-packages:/home/andrei-robert/ROS2_ws/install/dynamixel_sdk/lib/python3.12/site-packages:${PYTHONPATH} /usr/bin/cmake --build /home/andrei-robert/ROS2_ws/build/dynamixel_sdk_examples -- -j12 -l12
[1.614s] [ 50%] [32mBuilding CXX object CMakeFiles/read_write_node.dir/src/read_write_node.cpp.o[0m
[8.637s] [100%] [32m[1mLinking CXX executable read_write_node[0m
[8.928s] [100%] Built target read_write_node
[8.938s] Invoked command in '/home/andrei-robert/ROS2_ws/build/dynamixel_sdk_examples' returned '0': AMENT_PREFIX_PATH=/home/andrei-robert/ROS2_ws/install/dynamixel_sdk_custom_interfaces:/home/andrei-robert/ROS2_ws/install/dynamixel_sdk:${AMENT_PREFIX_PATH} CMAKE_PREFIX_PATH=/home/andrei-robert/ROS2_ws/install/dynamixel_sdk_custom_interfaces:/home/andrei-robert/ROS2_ws/install/dynamixel_sdk:/opt/ros/jazzy/opt/gz_sim_vendor:/opt/ros/jazzy/opt/gz_sensors_vendor:/opt/ros/jazzy/opt/gz_physics_vendor:/opt/ros/jazzy/opt/sdformat_vendor:/opt/ros/jazzy/opt/gz_gui_vendor:/opt/ros/jazzy/opt/gz_transport_vendor:/opt/ros/jazzy/opt/gz_rendering_vendor:/opt/ros/jazzy/opt/gz_plugin_vendor:/opt/ros/jazzy/opt/gz_fuel_tools_vendor:/opt/ros/jazzy/opt/gz_msgs_vendor:/opt/ros/jazzy/opt/gz_common_vendor:/opt/ros/jazzy/opt/gz_math_vendor:/opt/ros/jazzy/opt/gz_utils_vendor:/opt/ros/jazzy/opt/gz_tools_vendor:/opt/ros/jazzy/opt/gz_ogre_next_vendor:/opt/ros/jazzy/opt/gz_dartsim_vendor:/opt/ros/jazzy/opt/gz_cmake_vendor:/opt/ros/jazzy LD_LIBRARY_PATH=/home/andrei-robert/ROS2_ws/install/dynamixel_sdk_custom_interfaces/lib:/home/andrei-robert/ROS2_ws/install/dynamixel_sdk/lib:${LD_LIBRARY_PATH} PYTHONPATH=/home/andrei-robert/ROS2_ws/install/dynamixel_sdk_custom_interfaces/lib/python3.12/site-packages:/home/andrei-robert/ROS2_ws/install/dynamixel_sdk/lib/python3.12/site-packages:${PYTHONPATH} /usr/bin/cmake --build /home/andrei-robert/ROS2_ws/build/dynamixel_sdk_examples -- -j12 -l12
[8.939s] Invoking command in '/home/andrei-robert/ROS2_ws/build/dynamixel_sdk_examples': AMENT_PREFIX_PATH=/home/andrei-robert/ROS2_ws/install/dynamixel_sdk_custom_interfaces:/home/andrei-robert/ROS2_ws/install/dynamixel_sdk:${AMENT_PREFIX_PATH} CMAKE_PREFIX_PATH=/home/andrei-robert/ROS2_ws/install/dynamixel_sdk_custom_interfaces:/home/andrei-robert/ROS2_ws/install/dynamixel_sdk:/opt/ros/jazzy/opt/gz_sim_vendor:/opt/ros/jazzy/opt/gz_sensors_vendor:/opt/ros/jazzy/opt/gz_physics_vendor:/opt/ros/jazzy/opt/sdformat_vendor:/opt/ros/jazzy/opt/gz_gui_vendor:/opt/ros/jazzy/opt/gz_transport_vendor:/opt/ros/jazzy/opt/gz_rendering_vendor:/opt/ros/jazzy/opt/gz_plugin_vendor:/opt/ros/jazzy/opt/gz_fuel_tools_vendor:/opt/ros/jazzy/opt/gz_msgs_vendor:/opt/ros/jazzy/opt/gz_common_vendor:/opt/ros/jazzy/opt/gz_math_vendor:/opt/ros/jazzy/opt/gz_utils_vendor:/opt/ros/jazzy/opt/gz_tools_vendor:/opt/ros/jazzy/opt/gz_ogre_next_vendor:/opt/ros/jazzy/opt/gz_dartsim_vendor:/opt/ros/jazzy/opt/gz_cmake_vendor:/opt/ros/jazzy LD_LIBRARY_PATH=/home/andrei-robert/ROS2_ws/install/dynamixel_sdk_custom_interfaces/lib:/home/andrei-robert/ROS2_ws/install/dynamixel_sdk/lib:${LD_LIBRARY_PATH} PYTHONPATH=/home/andrei-robert/ROS2_ws/install/dynamixel_sdk_custom_interfaces/lib/python3.12/site-packages:/home/andrei-robert/ROS2_ws/install/dynamixel_sdk/lib/python3.12/site-packages:${PYTHONPATH} /usr/bin/cmake --install /home/andrei-robert/ROS2_ws/build/dynamixel_sdk_examples
[8.949s] -- Install configuration: ""
[8.950s] -- Execute custom install script
[8.950s] -- Symlinking: /home/andrei-robert/ROS2_ws/install/dynamixel_sdk_examples/lib/dynamixel_sdk_examples/read_write_node
[8.959s] -- Symlinking: /home/andrei-robert/ROS2_ws/install/dynamixel_sdk_examples/lib/dynamixel_sdk_examples/read_write_node.py
[8.969s] -- Symlinking: /home/andrei-robert/ROS2_ws/install/dynamixel_sdk_examples/share/ament_index/resource_index/package_run_dependencies/dynamixel_sdk_examples
[8.977s] -- Symlinking: /home/andrei-robert/ROS2_ws/install/dynamixel_sdk_examples/share/ament_index/resource_index/parent_prefix_path/dynamixel_sdk_examples
[8.986s] -- Symlinking: /home/andrei-robert/ROS2_ws/install/dynamixel_sdk_examples/share/dynamixel_sdk_examples/environment/ament_prefix_path.sh
[8.995s] -- Symlinking: /home/andrei-robert/ROS2_ws/install/dynamixel_sdk_examples/share/dynamixel_sdk_examples/environment/ament_prefix_path.dsv
[9.004s] -- Symlinking: /home/andrei-robert/ROS2_ws/install/dynamixel_sdk_examples/share/dynamixel_sdk_examples/environment/path.sh
[9.013s] -- Symlinking: /home/andrei-robert/ROS2_ws/install/dynamixel_sdk_examples/share/dynamixel_sdk_examples/environment/path.dsv
[9.021s] -- Symlinking: /home/andrei-robert/ROS2_ws/install/dynamixel_sdk_examples/share/dynamixel_sdk_examples/local_setup.bash
[9.029s] -- Symlinking: /home/andrei-robert/ROS2_ws/install/dynamixel_sdk_examples/share/dynamixel_sdk_examples/local_setup.sh
[9.037s] -- Symlinking: /home/andrei-robert/ROS2_ws/install/dynamixel_sdk_examples/share/dynamixel_sdk_examples/local_setup.zsh
[9.046s] -- Symlinking: /home/andrei-robert/ROS2_ws/install/dynamixel_sdk_examples/share/dynamixel_sdk_examples/local_setup.dsv
[9.058s] -- Symlinking: /home/andrei-robert/ROS2_ws/install/dynamixel_sdk_examples/share/dynamixel_sdk_examples/package.dsv
[9.071s] -- Symlinking: /home/andrei-robert/ROS2_ws/install/dynamixel_sdk_examples/share/ament_index/resource_index/packages/dynamixel_sdk_examples
[9.084s] -- Symlinking: /home/andrei-robert/ROS2_ws/install/dynamixel_sdk_examples/share/dynamixel_sdk_examples/cmake/dynamixel_sdk_examplesConfig.cmake
[9.095s] -- Symlinking: /home/andrei-robert/ROS2_ws/install/dynamixel_sdk_examples/share/dynamixel_sdk_examples/cmake/dynamixel_sdk_examplesConfig-version.cmake
[9.108s] -- Symlinking: /home/andrei-robert/ROS2_ws/install/dynamixel_sdk_examples/share/dynamixel_sdk_examples/package.xml
[9.123s] Invoked command in '/home/andrei-robert/ROS2_ws/build/dynamixel_sdk_examples' returned '0': AMENT_PREFIX_PATH=/home/andrei-robert/ROS2_ws/install/dynamixel_sdk_custom_interfaces:/home/andrei-robert/ROS2_ws/install/dynamixel_sdk:${AMENT_PREFIX_PATH} CMAKE_PREFIX_PATH=/home/andrei-robert/ROS2_ws/install/dynamixel_sdk_custom_interfaces:/home/andrei-robert/ROS2_ws/install/dynamixel_sdk:/opt/ros/jazzy/opt/gz_sim_vendor:/opt/ros/jazzy/opt/gz_sensors_vendor:/opt/ros/jazzy/opt/gz_physics_vendor:/opt/ros/jazzy/opt/sdformat_vendor:/opt/ros/jazzy/opt/gz_gui_vendor:/opt/ros/jazzy/opt/gz_transport_vendor:/opt/ros/jazzy/opt/gz_rendering_vendor:/opt/ros/jazzy/opt/gz_plugin_vendor:/opt/ros/jazzy/opt/gz_fuel_tools_vendor:/opt/ros/jazzy/opt/gz_msgs_vendor:/opt/ros/jazzy/opt/gz_common_vendor:/opt/ros/jazzy/opt/gz_math_vendor:/opt/ros/jazzy/opt/gz_utils_vendor:/opt/ros/jazzy/opt/gz_tools_vendor:/opt/ros/jazzy/opt/gz_ogre_next_vendor:/opt/ros/jazzy/opt/gz_dartsim_vendor:/opt/ros/jazzy/opt/gz_cmake_vendor:/opt/ros/jazzy LD_LIBRARY_PATH=/home/andrei-robert/ROS2_ws/install/dynamixel_sdk_custom_interfaces/lib:/home/andrei-robert/ROS2_ws/install/dynamixel_sdk/lib:${LD_LIBRARY_PATH} PYTHONPATH=/home/andrei-robert/ROS2_ws/install/dynamixel_sdk_custom_interfaces/lib/python3.12/site-packages:/home/andrei-robert/ROS2_ws/install/dynamixel_sdk/lib/python3.12/site-packages:${PYTHONPATH} /usr/bin/cmake --install /home/andrei-robert/ROS2_ws/build/dynamixel_sdk_examples
