[0.551s] Invoking command in '/home/andrei-robert/ROS2_ws/src/virtual_pet': PYTHONPATH=/home/andrei-robert/ROS2_ws/build/virtual_pet/prefix_override:/usr/lib/python3/dist-packages/colcon_core/task/python/colcon_distutils_commands:/home/andrei-robert/ROS2_ws/install/virtual_pet/lib/python3.12/site-packages:${PYTHONPATH} /usr/bin/python3 -W ignore:setup.py install is deprecated -W ignore:easy_install command is deprecated setup.py egg_info --egg-base ../../build/virtual_pet build --build-base /home/andrei-robert/ROS2_ws/build/virtual_pet/build install --record /home/andrei-robert/ROS2_ws/build/virtual_pet/install.log --single-version-externally-managed install_data
[0.728s] running egg_info
[0.742s] writing ../../build/virtual_pet/virtual_pet.egg-info/PKG-INFO
[0.742s] writing dependency_links to ../../build/virtual_pet/virtual_pet.egg-info/dependency_links.txt
[0.742s] writing entry points to ../../build/virtual_pet/virtual_pet.egg-info/entry_points.txt
[0.742s] writing requirements to ../../build/virtual_pet/virtual_pet.egg-info/requires.txt
[0.742s] writing top-level names to ../../build/virtual_pet/virtual_pet.egg-info/top_level.txt
[0.767s] reading manifest file '../../build/virtual_pet/virtual_pet.egg-info/SOURCES.txt'
[0.767s] writing manifest file '../../build/virtual_pet/virtual_pet.egg-info/SOURCES.txt'
[0.768s] running build
[0.768s] running build_py
[0.768s] copying virtual_pet/gesture_recognizer.py -> /home/andrei-robert/ROS2_ws/build/virtual_pet/build/lib/virtual_pet
[0.768s] copying virtual_pet/voice_chat.py -> /home/andrei-robert/ROS2_ws/build/virtual_pet/build/lib/virtual_pet
[0.768s] copying virtual_pet/pet_trick_controller.py -> /home/andrei-robert/ROS2_ws/build/virtual_pet/build/lib/virtual_pet
[0.768s] running install
[0.773s] running install_lib
[0.786s] copying /home/andrei-robert/ROS2_ws/build/virtual_pet/build/lib/virtual_pet/gesture_recognizer.py -> /home/andrei-robert/ROS2_ws/install/virtual_pet/lib/python3.12/site-packages/virtual_pet
[0.786s] copying /home/andrei-robert/ROS2_ws/build/virtual_pet/build/lib/virtual_pet/voice_chat.py -> /home/andrei-robert/ROS2_ws/install/virtual_pet/lib/python3.12/site-packages/virtual_pet
[0.786s] copying /home/andrei-robert/ROS2_ws/build/virtual_pet/build/lib/virtual_pet/pet_trick_controller.py -> /home/andrei-robert/ROS2_ws/install/virtual_pet/lib/python3.12/site-packages/virtual_pet
[0.786s] byte-compiling /home/andrei-robert/ROS2_ws/install/virtual_pet/lib/python3.12/site-packages/virtual_pet/gesture_recognizer.py to gesture_recognizer.cpython-312.pyc
[0.788s] byte-compiling /home/andrei-robert/ROS2_ws/install/virtual_pet/lib/python3.12/site-packages/virtual_pet/voice_chat.py to voice_chat.cpython-312.pyc
[0.790s] byte-compiling /home/andrei-robert/ROS2_ws/install/virtual_pet/lib/python3.12/site-packages/virtual_pet/pet_trick_controller.py to pet_trick_controller.cpython-312.pyc
[0.792s] running install_data
[0.792s] copying launch/pet_complete.launch.py -> /home/andrei-robert/ROS2_ws/install/virtual_pet/share/virtual_pet/launch
[0.792s] creating /home/andrei-robert/ROS2_ws/install/virtual_pet/share/virtual_pet/models
[0.793s] creating /home/andrei-robert/ROS2_ws/install/virtual_pet/share/virtual_pet/models/pou
[0.793s] copying models/pou/model.config -> /home/andrei-robert/ROS2_ws/install/virtual_pet/share/virtual_pet/models/pou
[0.793s] copying models/pou/model.sdf -> /home/andrei-robert/ROS2_ws/install/virtual_pet/share/virtual_pet/models/pou
[0.793s] creating /home/andrei-robert/ROS2_ws/install/virtual_pet/share/virtual_pet/models/ball
[0.793s] copying models/ball/model.config -> /home/andrei-robert/ROS2_ws/install/virtual_pet/share/virtual_pet/models/ball
[0.793s] copying models/ball/model.sdf -> /home/andrei-robert/ROS2_ws/install/virtual_pet/share/virtual_pet/models/ball
[0.793s] running install_egg_info
[0.806s] removing '/home/andrei-robert/ROS2_ws/install/virtual_pet/lib/python3.12/site-packages/virtual_pet-0.1.0-py3.12.egg-info' (and everything under it)
[0.806s] Copying ../../build/virtual_pet/virtual_pet.egg-info to /home/andrei-robert/ROS2_ws/install/virtual_pet/lib/python3.12/site-packages/virtual_pet-0.1.0-py3.12.egg-info
[0.807s] running install_scripts
[0.894s] Installing gesture_recognizer script to /home/andrei-robert/ROS2_ws/install/virtual_pet/lib/virtual_pet
[0.894s] Installing gui_controller script to /home/andrei-robert/ROS2_ws/install/virtual_pet/lib/virtual_pet
[0.894s] Installing pet_controller script to /home/andrei-robert/ROS2_ws/install/virtual_pet/lib/virtual_pet
[0.894s] Installing pet_trick_controller script to /home/andrei-robert/ROS2_ws/install/virtual_pet/lib/virtual_pet
[0.894s] Installing shape_drawer script to /home/andrei-robert/ROS2_ws/install/virtual_pet/lib/virtual_pet
[0.895s] Installing voice_chat script to /home/andrei-robert/ROS2_ws/install/virtual_pet/lib/virtual_pet
[0.895s] writing list of installed files to '/home/andrei-robert/ROS2_ws/build/virtual_pet/install.log'
[0.920s] Invoked command in '/home/andrei-robert/ROS2_ws/src/virtual_pet' returned '0': PYTHONPATH=/home/andrei-robert/ROS2_ws/build/virtual_pet/prefix_override:/usr/lib/python3/dist-packages/colcon_core/task/python/colcon_distutils_commands:/home/andrei-robert/ROS2_ws/install/virtual_pet/lib/python3.12/site-packages:${PYTHONPATH} /usr/bin/python3 -W ignore:setup.py install is deprecated -W ignore:easy_install command is deprecated setup.py egg_info --egg-base ../../build/virtual_pet build --build-base /home/andrei-robert/ROS2_ws/build/virtual_pet/build install --record /home/andrei-robert/ROS2_ws/build/virtual_pet/install.log --single-version-externally-managed install_data
