[0.676s] Invoking command in '/home/andrei-robert/ROS2_ws/build/turtlebot3_example': CMAKE_PREFIX_PATH=/home/andrei-robert/ROS2_ws/install/turtlebot3_msgs:/home/andrei-robert/ROS2_ws/install/turtlebot3:/home/andrei-robert/ROS2_ws/install/turtlebot3_bringup:/home/andrei-robert/ROS2_ws/install/turtlebot3_node:/home/andrei-robert/ROS2_ws/install/turtlebot3_navigation2:/home/andrei-robert/ROS2_ws/install/turtlebot3_description:/home/andrei-robert/ROS2_ws/install/turtlebot3_cartographer:/home/andrei-robert/ROS2_ws/install/dynamixel_sdk_examples:/home/andrei-robert/ROS2_ws/install/dynamixel_sdk_custom_interfaces:/home/andrei-robert/ROS2_ws/install/dynamixel_sdk:/opt/ros/jazzy/opt/gz_sim_vendor:/opt/ros/jazzy/opt/gz_sensors_vendor:/opt/ros/jazzy/opt/gz_physics_vendor:/opt/ros/jazzy/opt/sdformat_vendor:/opt/ros/jazzy/opt/gz_gui_vendor:/opt/ros/jazzy/opt/gz_transport_vendor:/opt/ros/jazzy/opt/gz_rendering_vendor:/opt/ros/jazzy/opt/gz_plugin_vendor:/opt/ros/jazzy/opt/gz_fuel_tools_vendor:/opt/ros/jazzy/opt/gz_msgs_vendor:/opt/ros/jazzy/opt/gz_common_vendor:/opt/ros/jazzy/opt/gz_math_vendor:/opt/ros/jazzy/opt/gz_utils_vendor:/opt/ros/jazzy/opt/gz_tools_vendor:/opt/ros/jazzy/opt/gz_ogre_next_vendor:/opt/ros/jazzy/opt/gz_dartsim_vendor:/opt/ros/jazzy/opt/gz_cmake_vendor PYTHONPATH=/home/andrei-robert/ROS2_ws/build/turtlebot3_example/prefix_override:/usr/lib/python3/dist-packages/colcon_core/task/python/colcon_distutils_commands:/home/andrei-robert/ROS2_ws/install/turtlebot3_example/lib/python3.12/site-packages:/home/andrei-robert/ROS2_ws/install/turtlebot3_msgs/lib/python3.12/site-packages:/home/andrei-robert/ROS2_ws/build/turtlebot3_teleop:/home/andrei-robert/ROS2_ws/install/turtlebot3_teleop/lib/python3.12/site-packages:/home/andrei-robert/ROS2_ws/build/turtlebot3_example:/home/andrei-robert/ROS2_ws/install/turtlebot3_example/lib/python3.12/site-packages:/home/andrei-robert/ROS2_ws/install/dynamixel_sdk_custom_interfaces/lib/python3.12/site-packages:/home/andrei-robert/ROS2_ws/install/dynamixel_sdk/lib/python3.12/site-packages:/opt/ros/jazzy/lib/python3.12/site-packages /usr/bin/python3 -W ignore:setup.py install is deprecated -W ignore:easy_install command is deprecated setup.py develop --editable --build-directory /home/andrei-robert/ROS2_ws/build/turtlebot3_example/build --no-deps symlink_data
[0.897s] running develop
[1.022s] running egg_info
[1.033s] writing turtlebot3_example.egg-info/PKG-INFO
[1.033s] writing dependency_links to turtlebot3_example.egg-info/dependency_links.txt
[1.034s] writing entry points to turtlebot3_example.egg-info/entry_points.txt
[1.034s] writing requirements to turtlebot3_example.egg-info/requires.txt
[1.034s] writing top-level names to turtlebot3_example.egg-info/top_level.txt
[1.058s] reading manifest file 'turtlebot3_example.egg-info/SOURCES.txt'
[1.059s] writing manifest file 'turtlebot3_example.egg-info/SOURCES.txt'
[1.072s] running build_ext
[1.072s] Creating /home/andrei-robert/ROS2_ws/install/turtlebot3_example/lib/python3.12/site-packages/turtlebot3-example.egg-link (link to .)
[1.073s] Installing turtlebot3_absolute_move script to /home/andrei-robert/ROS2_ws/install/turtlebot3_example/lib/turtlebot3_example
[1.073s] Installing turtlebot3_interactive_marker script to /home/andrei-robert/ROS2_ws/install/turtlebot3_example/lib/turtlebot3_example
[1.073s] Installing turtlebot3_obstacle_detection script to /home/andrei-robert/ROS2_ws/install/turtlebot3_example/lib/turtlebot3_example
[1.073s] Installing turtlebot3_patrol_client script to /home/andrei-robert/ROS2_ws/install/turtlebot3_example/lib/turtlebot3_example
[1.073s] Installing turtlebot3_patrol_server script to /home/andrei-robert/ROS2_ws/install/turtlebot3_example/lib/turtlebot3_example
[1.073s] Installing turtlebot3_relative_move script to /home/andrei-robert/ROS2_ws/install/turtlebot3_example/lib/turtlebot3_example
[1.073s] 
[1.073s] Installed /home/andrei-robert/ROS2_ws/build/turtlebot3_example
[1.074s] running symlink_data
[1.101s] Invoked command in '/home/andrei-robert/ROS2_ws/build/turtlebot3_example' returned '0': CMAKE_PREFIX_PATH=/home/andrei-robert/ROS2_ws/install/turtlebot3_msgs:/home/andrei-robert/ROS2_ws/install/turtlebot3:/home/andrei-robert/ROS2_ws/install/turtlebot3_bringup:/home/andrei-robert/ROS2_ws/install/turtlebot3_node:/home/andrei-robert/ROS2_ws/install/turtlebot3_navigation2:/home/andrei-robert/ROS2_ws/install/turtlebot3_description:/home/andrei-robert/ROS2_ws/install/turtlebot3_cartographer:/home/andrei-robert/ROS2_ws/install/dynamixel_sdk_examples:/home/andrei-robert/ROS2_ws/install/dynamixel_sdk_custom_interfaces:/home/andrei-robert/ROS2_ws/install/dynamixel_sdk:/opt/ros/jazzy/opt/gz_sim_vendor:/opt/ros/jazzy/opt/gz_sensors_vendor:/opt/ros/jazzy/opt/gz_physics_vendor:/opt/ros/jazzy/opt/sdformat_vendor:/opt/ros/jazzy/opt/gz_gui_vendor:/opt/ros/jazzy/opt/gz_transport_vendor:/opt/ros/jazzy/opt/gz_rendering_vendor:/opt/ros/jazzy/opt/gz_plugin_vendor:/opt/ros/jazzy/opt/gz_fuel_tools_vendor:/opt/ros/jazzy/opt/gz_msgs_vendor:/opt/ros/jazzy/opt/gz_common_vendor:/opt/ros/jazzy/opt/gz_math_vendor:/opt/ros/jazzy/opt/gz_utils_vendor:/opt/ros/jazzy/opt/gz_tools_vendor:/opt/ros/jazzy/opt/gz_ogre_next_vendor:/opt/ros/jazzy/opt/gz_dartsim_vendor:/opt/ros/jazzy/opt/gz_cmake_vendor PYTHONPATH=/home/andrei-robert/ROS2_ws/build/turtlebot3_example/prefix_override:/usr/lib/python3/dist-packages/colcon_core/task/python/colcon_distutils_commands:/home/andrei-robert/ROS2_ws/install/turtlebot3_example/lib/python3.12/site-packages:/home/andrei-robert/ROS2_ws/install/turtlebot3_msgs/lib/python3.12/site-packages:/home/andrei-robert/ROS2_ws/build/turtlebot3_teleop:/home/andrei-robert/ROS2_ws/install/turtlebot3_teleop/lib/python3.12/site-packages:/home/andrei-robert/ROS2_ws/build/turtlebot3_example:/home/andrei-robert/ROS2_ws/install/turtlebot3_example/lib/python3.12/site-packages:/home/andrei-robert/ROS2_ws/install/dynamixel_sdk_custom_interfaces/lib/python3.12/site-packages:/home/andrei-robert/ROS2_ws/install/dynamixel_sdk/lib/python3.12/site-packages:/opt/ros/jazzy/lib/python3.12/site-packages /usr/bin/python3 -W ignore:setup.py install is deprecated -W ignore:easy_install command is deprecated setup.py develop --editable --build-directory /home/andrei-robert/ROS2_ws/build/turtlebot3_example/build --no-deps symlink_data
