[0.679s] Invoking command in '/home/andrei-robert/ROS2_ws/build/virtual_pet': PYTHONPATH=/home/andrei-robert/ROS2_ws/build/virtual_pet/prefix_override:/usr/lib/python3/dist-packages/colcon_core/task/python/colcon_distutils_commands:/home/andrei-robert/ROS2_ws/install/virtual_pet/lib/python3.12/site-packages:${PYTHONPATH} /usr/bin/python3 -W ignore:setup.py install is deprecated -W ignore:easy_install command is deprecated setup.py develop --editable --build-directory /home/andrei-robert/ROS2_ws/build/virtual_pet/build --no-deps symlink_data
[0.940s] running develop
[1.092s] running egg_info
[1.106s] writing virtual_pet.egg-info/PKG-INFO
[1.107s] writing dependency_links to virtual_pet.egg-info/dependency_links.txt
[1.107s] writing entry points to virtual_pet.egg-info/entry_points.txt
[1.107s] writing requirements to virtual_pet.egg-info/requires.txt
[1.107s] writing top-level names to virtual_pet.egg-info/top_level.txt
[1.134s] reading manifest file 'virtual_pet.egg-info/SOURCES.txt'
[1.135s] writing manifest file 'virtual_pet.egg-info/SOURCES.txt'
[1.149s] running build_ext
[1.149s] Creating /home/andrei-robert/ROS2_ws/install/virtual_pet/lib/python3.12/site-packages/virtual-pet.egg-link (link to .)
[1.149s] Installing gesture_recognizer script to /home/andrei-robert/ROS2_ws/install/virtual_pet/lib/virtual_pet
[1.149s] Installing gui_controller script to /home/andrei-robert/ROS2_ws/install/virtual_pet/lib/virtual_pet
[1.150s] Installing pet_controller script to /home/andrei-robert/ROS2_ws/install/virtual_pet/lib/virtual_pet
[1.150s] Installing shape_drawer script to /home/andrei-robert/ROS2_ws/install/virtual_pet/lib/virtual_pet
[1.150s] 
[1.150s] Installed /home/andrei-robert/ROS2_ws/build/virtual_pet
[1.150s] running symlink_data
[1.191s] Invoked command in '/home/andrei-robert/ROS2_ws/build/virtual_pet' returned '0': PYTHONPATH=/home/andrei-robert/ROS2_ws/build/virtual_pet/prefix_override:/usr/lib/python3/dist-packages/colcon_core/task/python/colcon_distutils_commands:/home/andrei-robert/ROS2_ws/install/virtual_pet/lib/python3.12/site-packages:${PYTHONPATH} /usr/bin/python3 -W ignore:setup.py install is deprecated -W ignore:easy_install command is deprecated setup.py develop --editable --build-directory /home/andrei-robert/ROS2_ws/build/virtual_pet/build --no-deps symlink_data
