[0.057s] Invoking command in '/home/andrei-robert/ROS2_ws/build/dynamixel_sdk': CMAKE_PREFIX_PATH=${CMAKE_PREFIX_PATH}:/opt/ros/jazzy /usr/bin/cmake /home/andrei-robert/ROS2_ws/src/DynamixelSDK/ros/dynamixel_sdk -DAMENT_CMAKE_SYMLINK_INSTALL=1 -DCMAKE_INSTALL_PREFIX=/home/andrei-robert/ROS2_ws/install/dynamixel_sdk
[0.237s] -- The C compiler identification is GNU 13.3.0
[0.387s] -- The CXX compiler identification is GNU 13.3.0
[0.434s] -- Detecting C compiler ABI info
[0.650s] -- Detecting C compiler ABI info - done
[0.685s] -- Check for working C compiler: /usr/bin/cc - skipped
[0.685s] -- Detecting C compile features
[0.686s] -- Detecting C compile features - done
[0.706s] -- Detecting CXX compiler ABI info
[0.921s] -- Detecting CXX compiler ABI info - done
[0.940s] -- Check for working CXX compiler: /usr/bin/c++ - skipped
[0.941s] -- Detecting CXX compile features
[0.942s] -- Detecting CXX compile features - done
[0.950s] -- Found ament_cmake: 2.5.4 (/opt/ros/jazzy/share/ament_cmake/cmake)
[1.306s] -- Found Python3: /usr/bin/python3 (found version "3.12.3") found components: Interpreter 
[1.544s] -- Override CMake install command with custom implementation using symlinks instead of copying resources
[2.323s] -- Configuring done (2.2s)
[2.336s] -- Generating done (0.0s)
[2.341s] -- Build files have been written to: /home/andrei-robert/ROS2_ws/build/dynamixel_sdk
[2.354s] Invoked command in '/home/andrei-robert/ROS2_ws/build/dynamixel_sdk' returned '0': CMAKE_PREFIX_PATH=${CMAKE_PREFIX_PATH}:/opt/ros/jazzy /usr/bin/cmake /home/andrei-robert/ROS2_ws/src/DynamixelSDK/ros/dynamixel_sdk -DAMENT_CMAKE_SYMLINK_INSTALL=1 -DCMAKE_INSTALL_PREFIX=/home/andrei-robert/ROS2_ws/install/dynamixel_sdk
[2.357s] Invoking command in '/home/andrei-robert/ROS2_ws/build/dynamixel_sdk': CMAKE_PREFIX_PATH=${CMAKE_PREFIX_PATH}:/opt/ros/jazzy /usr/bin/cmake --build /home/andrei-robert/ROS2_ws/build/dynamixel_sdk -- -j12 -l12
[2.499s] [  7%] [32mBuilding CXX object CMakeFiles/dynamixel_sdk.dir/src/dynamixel_sdk/protocol1_packet_handler.cpp.o[0m
[2.500s] [ 15%] [32mBuilding CXX object CMakeFiles/dynamixel_sdk.dir/src/dynamixel_sdk/group_sync_read.cpp.o[0m
[2.500s] [ 23%] [32mBuilding CXX object CMakeFiles/dynamixel_sdk.dir/src/dynamixel_sdk/packet_handler.cpp.o[0m
[2.500s] [ 30%] [32mBuilding CXX object CMakeFiles/dynamixel_sdk.dir/src/dynamixel_sdk/protocol2_packet_handler.cpp.o[0m
[2.515s] [ 38%] [32mBuilding CXX object CMakeFiles/dynamixel_sdk.dir/src/dynamixel_sdk/group_bulk_write.cpp.o[0m
[2.515s] [ 46%] [32mBuilding CXX object CMakeFiles/dynamixel_sdk.dir/src/dynamixel_sdk/group_fast_bulk_read.cpp.o[0m
[2.516s] [ 53%] [32mBuilding CXX object CMakeFiles/dynamixel_sdk.dir/src/dynamixel_sdk/group_bulk_read.cpp.o[0m
[2.522s] [ 61%] [32mBuilding CXX object CMakeFiles/dynamixel_sdk.dir/src/dynamixel_sdk/group_sync_write.cpp.o[0m
[2.523s] [ 69%] [32mBuilding CXX object CMakeFiles/dynamixel_sdk.dir/src/dynamixel_sdk/group_fast_sync_read.cpp.o[0m
[2.523s] [ 76%] [32mBuilding CXX object CMakeFiles/dynamixel_sdk.dir/src/dynamixel_sdk/group_handler.cpp.o[0m
[2.540s] [ 84%] [32mBuilding CXX object CMakeFiles/dynamixel_sdk.dir/src/dynamixel_sdk/port_handler.cpp.o[0m
[2.541s] [ 84%] Built target ament_cmake_python_symlink_dynamixel_sdk
[2.578s] [ 92%] [32mBuilding CXX object CMakeFiles/dynamixel_sdk.dir/src/dynamixel_sdk/port_handler_linux.cpp.o[0m
[3.752s] running egg_info
[3.754s] creating dynamixel_sdk.egg-info
[3.795s] writing dynamixel_sdk.egg-info/PKG-INFO
[3.795s] writing dependency_links to dynamixel_sdk.egg-info/dependency_links.txt
[3.795s] writing top-level names to dynamixel_sdk.egg-info/top_level.txt
[3.796s] writing manifest file 'dynamixel_sdk.egg-info/SOURCES.txt'
[3.906s] reading manifest file 'dynamixel_sdk.egg-info/SOURCES.txt'
[3.907s] writing manifest file 'dynamixel_sdk.egg-info/SOURCES.txt'
[3.968s] [ 92%] Built target ament_cmake_python_build_dynamixel_sdk_egg
[4.053s] [100%] [32m[1mLinking CXX shared library libdynamixel_sdk.so[0m
[4.204s] [100%] Built target dynamixel_sdk
[4.225s] Invoked command in '/home/andrei-robert/ROS2_ws/build/dynamixel_sdk' returned '0': CMAKE_PREFIX_PATH=${CMAKE_PREFIX_PATH}:/opt/ros/jazzy /usr/bin/cmake --build /home/andrei-robert/ROS2_ws/build/dynamixel_sdk -- -j12 -l12
[4.228s] Invoking command in '/home/andrei-robert/ROS2_ws/build/dynamixel_sdk': CMAKE_PREFIX_PATH=${CMAKE_PREFIX_PATH}:/opt/ros/jazzy /usr/bin/cmake --install /home/andrei-robert/ROS2_ws/build/dynamixel_sdk
[4.245s] -- Install configuration: ""
[4.245s] -- Execute custom install script
[4.246s] -- Symlinking: /home/andrei-robert/ROS2_ws/install/dynamixel_sdk/include//dynamixel_sdk/dynamixel_sdk.h
[4.267s] -- Symlinking: /home/andrei-robert/ROS2_ws/install/dynamixel_sdk/include//dynamixel_sdk/group_bulk_read.h
[4.286s] -- Symlinking: /home/andrei-robert/ROS2_ws/install/dynamixel_sdk/include//dynamixel_sdk/group_bulk_write.h
[4.303s] -- Symlinking: /home/andrei-robert/ROS2_ws/install/dynamixel_sdk/include//dynamixel_sdk/group_fast_bulk_read.h
[4.318s] -- Symlinking: /home/andrei-robert/ROS2_ws/install/dynamixel_sdk/include//dynamixel_sdk/group_fast_sync_read.h
[4.333s] -- Symlinking: /home/andrei-robert/ROS2_ws/install/dynamixel_sdk/include//dynamixel_sdk/group_handler.h
[4.347s] -- Symlinking: /home/andrei-robert/ROS2_ws/install/dynamixel_sdk/include//dynamixel_sdk/group_sync_read.h
[4.365s] -- Symlinking: /home/andrei-robert/ROS2_ws/install/dynamixel_sdk/include//dynamixel_sdk/group_sync_write.h
[4.381s] -- Symlinking: /home/andrei-robert/ROS2_ws/install/dynamixel_sdk/include//dynamixel_sdk/packet_handler.h
[4.400s] -- Symlinking: /home/andrei-robert/ROS2_ws/install/dynamixel_sdk/include//dynamixel_sdk/port_handler.h
[4.417s] -- Symlinking: /home/andrei-robert/ROS2_ws/install/dynamixel_sdk/include//dynamixel_sdk/port_handler_arduino.h
[4.431s] -- Symlinking: /home/andrei-robert/ROS2_ws/install/dynamixel_sdk/include//dynamixel_sdk/port_handler_linux.h
[4.446s] -- Symlinking: /home/andrei-robert/ROS2_ws/install/dynamixel_sdk/include//dynamixel_sdk/port_handler_mac.h
[4.462s] -- Symlinking: /home/andrei-robert/ROS2_ws/install/dynamixel_sdk/include//dynamixel_sdk/port_handler_windows.h
[4.484s] -- Symlinking: /home/andrei-robert/ROS2_ws/install/dynamixel_sdk/include//dynamixel_sdk/protocol1_packet_handler.h
[4.503s] -- Symlinking: /home/andrei-robert/ROS2_ws/install/dynamixel_sdk/include//dynamixel_sdk/protocol2_packet_handler.h
[4.521s] -- Symlinking: /home/andrei-robert/ROS2_ws/install/dynamixel_sdk/share/dynamixel_sdk/environment/pythonpath.sh
[4.536s] -- Symlinking: /home/andrei-robert/ROS2_ws/install/dynamixel_sdk/share/dynamixel_sdk/environment/pythonpath.dsv
[4.551s] -- Symlinking: /home/andrei-robert/ROS2_ws/install/dynamixel_sdk/lib/python3.12/site-packages/dynamixel_sdk-3.8.4-py3.12.egg-info/PKG-INFO
[4.568s] -- Symlinking: /home/andrei-robert/ROS2_ws/install/dynamixel_sdk/lib/python3.12/site-packages/dynamixel_sdk-3.8.4-py3.12.egg-info/SOURCES.txt
[4.583s] -- Symlinking: /home/andrei-robert/ROS2_ws/install/dynamixel_sdk/lib/python3.12/site-packages/dynamixel_sdk-3.8.4-py3.12.egg-info/dependency_links.txt
[4.602s] -- Symlinking: /home/andrei-robert/ROS2_ws/install/dynamixel_sdk/lib/python3.12/site-packages/dynamixel_sdk-3.8.4-py3.12.egg-info/top_level.txt
[4.619s] -- Symlinking: /home/andrei-robert/ROS2_ws/install/dynamixel_sdk/lib/python3.12/site-packages/dynamixel_sdk/__init__.py
[4.634s] -- Symlinking: /home/andrei-robert/ROS2_ws/install/dynamixel_sdk/lib/python3.12/site-packages/dynamixel_sdk/group_bulk_read.cpp
[4.651s] -- Symlinking: /home/andrei-robert/ROS2_ws/install/dynamixel_sdk/lib/python3.12/site-packages/dynamixel_sdk/group_bulk_read.py
[4.665s] -- Symlinking: /home/andrei-robert/ROS2_ws/install/dynamixel_sdk/lib/python3.12/site-packages/dynamixel_sdk/group_bulk_write.cpp
[4.683s] -- Symlinking: /home/andrei-robert/ROS2_ws/install/dynamixel_sdk/lib/python3.12/site-packages/dynamixel_sdk/group_bulk_write.py
[4.698s] -- Symlinking: /home/andrei-robert/ROS2_ws/install/dynamixel_sdk/lib/python3.12/site-packages/dynamixel_sdk/group_fast_bulk_read.cpp
[4.713s] -- Symlinking: /home/andrei-robert/ROS2_ws/install/dynamixel_sdk/lib/python3.12/site-packages/dynamixel_sdk/group_fast_sync_read.cpp
[4.727s] -- Symlinking: /home/andrei-robert/ROS2_ws/install/dynamixel_sdk/lib/python3.12/site-packages/dynamixel_sdk/group_handler.cpp
[4.743s] -- Symlinking: /home/andrei-robert/ROS2_ws/install/dynamixel_sdk/lib/python3.12/site-packages/dynamixel_sdk/group_sync_read.cpp
[4.758s] -- Symlinking: /home/andrei-robert/ROS2_ws/install/dynamixel_sdk/lib/python3.12/site-packages/dynamixel_sdk/group_sync_read.py
[4.774s] -- Symlinking: /home/andrei-robert/ROS2_ws/install/dynamixel_sdk/lib/python3.12/site-packages/dynamixel_sdk/group_sync_write.cpp
[4.791s] -- Symlinking: /home/andrei-robert/ROS2_ws/install/dynamixel_sdk/lib/python3.12/site-packages/dynamixel_sdk/group_sync_write.py
[4.808s] -- Symlinking: /home/andrei-robert/ROS2_ws/install/dynamixel_sdk/lib/python3.12/site-packages/dynamixel_sdk/packet_handler.cpp
[4.825s] -- Symlinking: /home/andrei-robert/ROS2_ws/install/dynamixel_sdk/lib/python3.12/site-packages/dynamixel_sdk/packet_handler.py
[4.839s] -- Symlinking: /home/andrei-robert/ROS2_ws/install/dynamixel_sdk/lib/python3.12/site-packages/dynamixel_sdk/port_handler.cpp
[4.855s] -- Symlinking: /home/andrei-robert/ROS2_ws/install/dynamixel_sdk/lib/python3.12/site-packages/dynamixel_sdk/port_handler.py
[4.869s] -- Symlinking: /home/andrei-robert/ROS2_ws/install/dynamixel_sdk/lib/python3.12/site-packages/dynamixel_sdk/port_handler_arduino.cpp
[4.890s] -- Symlinking: /home/andrei-robert/ROS2_ws/install/dynamixel_sdk/lib/python3.12/site-packages/dynamixel_sdk/port_handler_linux.cpp
[4.907s] -- Symlinking: /home/andrei-robert/ROS2_ws/install/dynamixel_sdk/lib/python3.12/site-packages/dynamixel_sdk/port_handler_mac.cpp
[4.921s] -- Symlinking: /home/andrei-robert/ROS2_ws/install/dynamixel_sdk/lib/python3.12/site-packages/dynamixel_sdk/port_handler_windows.cpp
[4.937s] -- Symlinking: /home/andrei-robert/ROS2_ws/install/dynamixel_sdk/lib/python3.12/site-packages/dynamixel_sdk/protocol1_packet_handler.cpp
[4.951s] -- Symlinking: /home/andrei-robert/ROS2_ws/install/dynamixel_sdk/lib/python3.12/site-packages/dynamixel_sdk/protocol1_packet_handler.py
[4.967s] -- Symlinking: /home/andrei-robert/ROS2_ws/install/dynamixel_sdk/lib/python3.12/site-packages/dynamixel_sdk/protocol2_packet_handler.cpp
[4.984s] -- Symlinking: /home/andrei-robert/ROS2_ws/install/dynamixel_sdk/lib/python3.12/site-packages/dynamixel_sdk/protocol2_packet_handler.py
[5.000s] -- Symlinking: /home/andrei-robert/ROS2_ws/install/dynamixel_sdk/lib/python3.12/site-packages/dynamixel_sdk/robotis_def.py
[5.020s] -- Symlinking: /home/andrei-robert/ROS2_ws/install/dynamixel_sdk/share/dynamixel_sdk/environment/library_path.sh
[5.035s] -- Symlinking: /home/andrei-robert/ROS2_ws/install/dynamixel_sdk/share/dynamixel_sdk/environment/library_path.dsv
[5.053s] -- Symlinking: /home/andrei-robert/ROS2_ws/install/dynamixel_sdk/share/ament_index/resource_index/package_run_dependencies/dynamixel_sdk
[5.073s] -- Symlinking: /home/andrei-robert/ROS2_ws/install/dynamixel_sdk/share/ament_index/resource_index/parent_prefix_path/dynamixel_sdk
[5.093s] -- Symlinking: /home/andrei-robert/ROS2_ws/install/dynamixel_sdk/share/dynamixel_sdk/environment/ament_prefix_path.sh
[5.109s] -- Symlinking: /home/andrei-robert/ROS2_ws/install/dynamixel_sdk/share/dynamixel_sdk/environment/ament_prefix_path.dsv
[5.123s] -- Symlinking: /home/andrei-robert/ROS2_ws/install/dynamixel_sdk/share/dynamixel_sdk/environment/path.sh
[5.137s] -- Symlinking: /home/andrei-robert/ROS2_ws/install/dynamixel_sdk/share/dynamixel_sdk/environment/path.dsv
[5.152s] -- Symlinking: /home/andrei-robert/ROS2_ws/install/dynamixel_sdk/share/dynamixel_sdk/local_setup.bash
[5.168s] -- Symlinking: /home/andrei-robert/ROS2_ws/install/dynamixel_sdk/share/dynamixel_sdk/local_setup.sh
[5.183s] -- Symlinking: /home/andrei-robert/ROS2_ws/install/dynamixel_sdk/share/dynamixel_sdk/local_setup.zsh
[5.199s] -- Symlinking: /home/andrei-robert/ROS2_ws/install/dynamixel_sdk/share/dynamixel_sdk/local_setup.dsv
[5.217s] -- Symlinking: /home/andrei-robert/ROS2_ws/install/dynamixel_sdk/share/dynamixel_sdk/package.dsv
[5.231s] -- Symlinking: /home/andrei-robert/ROS2_ws/install/dynamixel_sdk/share/ament_index/resource_index/packages/dynamixel_sdk
[5.246s] -- Symlinking: /home/andrei-robert/ROS2_ws/install/dynamixel_sdk/share/dynamixel_sdk/cmake/ament_cmake_export_targets-extras.cmake
[5.260s] -- Symlinking: /home/andrei-robert/ROS2_ws/install/dynamixel_sdk/share/dynamixel_sdk/cmake/ament_cmake_export_include_directories-extras.cmake
[5.280s] -- Symlinking: /home/andrei-robert/ROS2_ws/install/dynamixel_sdk/share/dynamixel_sdk/cmake/ament_cmake_export_libraries-extras.cmake
[5.296s] -- Symlinking: /home/andrei-robert/ROS2_ws/install/dynamixel_sdk/share/dynamixel_sdk/cmake/dynamixel_sdkConfig.cmake
[5.312s] -- Symlinking: /home/andrei-robert/ROS2_ws/install/dynamixel_sdk/share/dynamixel_sdk/cmake/dynamixel_sdkConfig-version.cmake
[5.328s] -- Symlinking: /home/andrei-robert/ROS2_ws/install/dynamixel_sdk/share/dynamixel_sdk/package.xml
[5.343s] -- Installing: /home/andrei-robert/ROS2_ws/install/dynamixel_sdk/lib/libdynamixel_sdk.so
[5.442s] Listing '/home/andrei-robert/ROS2_ws/install/dynamixel_sdk/lib/python3.12/site-packages/dynamixel_sdk'...
[5.443s] Compiling '/home/andrei-robert/ROS2_ws/install/dynamixel_sdk/lib/python3.12/site-packages/dynamixel_sdk/__init__.py'...
[5.443s] Compiling '/home/andrei-robert/ROS2_ws/install/dynamixel_sdk/lib/python3.12/site-packages/dynamixel_sdk/group_bulk_read.py'...
[5.443s] Compiling '/home/andrei-robert/ROS2_ws/install/dynamixel_sdk/lib/python3.12/site-packages/dynamixel_sdk/group_bulk_write.py'...
[5.443s] Compiling '/home/andrei-robert/ROS2_ws/install/dynamixel_sdk/lib/python3.12/site-packages/dynamixel_sdk/group_sync_read.py'...
[5.443s] Compiling '/home/andrei-robert/ROS2_ws/install/dynamixel_sdk/lib/python3.12/site-packages/dynamixel_sdk/group_sync_write.py'...
[5.443s] Compiling '/home/andrei-robert/ROS2_ws/install/dynamixel_sdk/lib/python3.12/site-packages/dynamixel_sdk/packet_handler.py'...
[5.444s] Compiling '/home/andrei-robert/ROS2_ws/install/dynamixel_sdk/lib/python3.12/site-packages/dynamixel_sdk/port_handler.py'...
[5.444s] Compiling '/home/andrei-robert/ROS2_ws/install/dynamixel_sdk/lib/python3.12/site-packages/dynamixel_sdk/protocol1_packet_handler.py'...
[5.444s] Compiling '/home/andrei-robert/ROS2_ws/install/dynamixel_sdk/lib/python3.12/site-packages/dynamixel_sdk/protocol2_packet_handler.py'...
[5.444s] Compiling '/home/andrei-robert/ROS2_ws/install/dynamixel_sdk/lib/python3.12/site-packages/dynamixel_sdk/robotis_def.py'...
[5.454s] -- Installing: /home/andrei-robert/ROS2_ws/install/dynamixel_sdk/share/dynamixel_sdk/cmake/dynamixel_sdkExport.cmake
[5.454s] -- Installing: /home/andrei-robert/ROS2_ws/install/dynamixel_sdk/share/dynamixel_sdk/cmake/dynamixel_sdkExport-noconfig.cmake
[5.457s] Invoked command in '/home/andrei-robert/ROS2_ws/build/dynamixel_sdk' returned '0': CMAKE_PREFIX_PATH=${CMAKE_PREFIX_PATH}:/opt/ros/jazzy /usr/bin/cmake --install /home/andrei-robert/ROS2_ws/build/dynamixel_sdk
