[0.551s] Invoking command in '/home/andrei-robert/ROS2_ws/src/virtual_pet': PYTHONPATH=/home/andrei-robert/ROS2_ws/build/virtual_pet/prefix_override:/usr/lib/python3/dist-packages/colcon_core/task/python/colcon_distutils_commands:/home/andrei-robert/ROS2_ws/install/virtual_pet/lib/python3.12/site-packages:${PYTHONPATH} /usr/bin/python3 -W ignore:setup.py install is deprecated -W ignore:easy_install command is deprecated setup.py egg_info --egg-base ../../build/virtual_pet build --build-base /home/andrei-robert/ROS2_ws/build/virtual_pet/build install --record /home/andrei-robert/ROS2_ws/build/virtual_pet/install.log --single-version-externally-managed install_data
[0.730s] running egg_info
[0.743s] writing ../../build/virtual_pet/virtual_pet.egg-info/PKG-INFO
[0.743s] writing dependency_links to ../../build/virtual_pet/virtual_pet.egg-info/dependency_links.txt
[0.743s] writing entry points to ../../build/virtual_pet/virtual_pet.egg-info/entry_points.txt
[0.743s] writing requirements to ../../build/virtual_pet/virtual_pet.egg-info/requires.txt
[0.743s] writing top-level names to ../../build/virtual_pet/virtual_pet.egg-info/top_level.txt
[0.767s] reading manifest file '../../build/virtual_pet/virtual_pet.egg-info/SOURCES.txt'
[0.767s] writing manifest file '../../build/virtual_pet/virtual_pet.egg-info/SOURCES.txt'
[0.768s] running build
[0.768s] running build_py
[0.768s] copying virtual_pet/shape_drawer.py -> /home/andrei-robert/ROS2_ws/build/virtual_pet/build/lib/virtual_pet
[0.768s] running install
[0.772s] running install_lib
[0.784s] copying /home/andrei-robert/ROS2_ws/build/virtual_pet/build/lib/virtual_pet/shape_drawer.py -> /home/andrei-robert/ROS2_ws/install/virtual_pet/lib/python3.12/site-packages/virtual_pet
[0.785s] running install_data
[0.785s] running install_egg_info
[0.798s] removing '/home/andrei-robert/ROS2_ws/install/virtual_pet/lib/python3.12/site-packages/virtual_pet-0.1.0-py3.12.egg-info' (and everything under it)
[0.799s] Copying ../../build/virtual_pet/virtual_pet.egg-info to /home/andrei-robert/ROS2_ws/install/virtual_pet/lib/python3.12/site-packages/virtual_pet-0.1.0-py3.12.egg-info
[0.799s] running install_scripts
[0.882s] Installing gesture_recognizer script to /home/andrei-robert/ROS2_ws/install/virtual_pet/lib/virtual_pet
[0.882s] Installing gui_controller script to /home/andrei-robert/ROS2_ws/install/virtual_pet/lib/virtual_pet
[0.882s] Installing pet_controller script to /home/andrei-robert/ROS2_ws/install/virtual_pet/lib/virtual_pet
[0.882s] Installing shape_drawer script to /home/andrei-robert/ROS2_ws/install/virtual_pet/lib/virtual_pet
[0.882s] Installing voice_chat script to /home/andrei-robert/ROS2_ws/install/virtual_pet/lib/virtual_pet
[0.882s] writing list of installed files to '/home/andrei-robert/ROS2_ws/build/virtual_pet/install.log'
[0.907s] Invoked command in '/home/andrei-robert/ROS2_ws/src/virtual_pet' returned '0': PYTHONPATH=/home/andrei-robert/ROS2_ws/build/virtual_pet/prefix_override:/usr/lib/python3/dist-packages/colcon_core/task/python/colcon_distutils_commands:/home/andrei-robert/ROS2_ws/install/virtual_pet/lib/python3.12/site-packages:${PYTHONPATH} /usr/bin/python3 -W ignore:setup.py install is deprecated -W ignore:easy_install command is deprecated setup.py egg_info --egg-base ../../build/virtual_pet build --build-base /home/andrei-robert/ROS2_ws/build/virtual_pet/build install --record /home/andrei-robert/ROS2_ws/build/virtual_pet/install.log --single-version-externally-managed install_data
