[0.027s] Invoking command in '/home/andrei-robert/ROS2_ws/build/turtlebot3_gazebo': CMAKE_PREFIX_PATH=${CMAKE_PREFIX_PATH}:/home/andrei-robert/ROS2_ws/install/turtlebot3_teleop:/home/andrei-robert/ROS2_ws/install/turtlebot3_example:/opt/ros/jazzy /usr/bin/cmake /home/andrei-robert/ROS2_ws/src/turtlebot3_simulations/turtlebot3_gazebo -DAMENT_CMAKE_SYMLINK_INSTALL=1 -DCMAKE_INSTALL_PREFIX=/home/andrei-robert/ROS2_ws/install/turtlebot3_gazebo
[0.236s] -- The C compiler identification is GNU 13.3.0
[0.236s] -- The CXX compiler identification is GNU 13.3.0
[0.236s] -- Detecting C compiler ABI info
[0.236s] -- Detecting C compiler ABI info - done
[0.237s] -- Check for working C compiler: /usr/bin/cc - skipped
[0.237s] -- Detecting C compile features
[0.237s] -- Detecting C compile features - done
[0.241s] -- Detecting CXX compiler ABI info
[0.323s] -- Detecting CXX compiler ABI info - done
[0.330s] -- Check for working CXX compiler: /usr/bin/c++ - skipped
[0.330s] -- Detecting CXX compile features
[0.331s] -- Detecting CXX compile features - done
[0.334s] -- Found ament_cmake: 2.5.4 (/opt/ros/jazzy/share/ament_cmake/cmake)
[0.455s] -- Found Python3: /usr/bin/python3 (found version "3.12.3") found components: Interpreter 
[0.513s] -- Override CMake install command with custom implementation using symlinks instead of copying resources
[0.553s] -- Found ros_gz_sim: 1.0.16 (/opt/ros/jazzy/share/ros_gz_sim/cmake)
[0.598s] -- Found rosidl_generator_c: 4.6.6 (/opt/ros/jazzy/share/rosidl_generator_c/cmake)
[0.614s] -- Found rosidl_generator_cpp: 4.6.6 (/opt/ros/jazzy/share/rosidl_generator_cpp/cmake)
[0.629s] -- Using all available rosidl_typesupport_c: rosidl_typesupport_fastrtps_c;rosidl_typesupport_introspection_c
[0.646s] -- Using all available rosidl_typesupport_cpp: rosidl_typesupport_fastrtps_cpp;rosidl_typesupport_introspection_cpp
[0.725s] -- Found rmw_implementation_cmake: 7.3.2 (/opt/ros/jazzy/share/rmw_implementation_cmake/cmake)
[0.729s] -- Found rmw_fastrtps_cpp: 8.4.3 (/opt/ros/jazzy/share/rmw_fastrtps_cpp/cmake)
[0.806s] -- Found OpenSSL: /usr/lib/x86_64-linux-gnu/libcrypto.so (found version "3.0.13")  
[0.834s] -- Found FastRTPS: /opt/ros/jazzy/include (Required is at least version "2.13") 
[0.858s] -- Using RMW implementation 'rmw_fastrtps_cpp' as default
[1.065s] -- Found nav_msgs: 5.3.6 (/opt/ros/jazzy/share/nav_msgs/cmake)
[1.086s] -- Found sensor_msgs: 5.3.6 (/opt/ros/jazzy/share/sensor_msgs/cmake)
[1.107s] -- Found gz_math_vendor: 0.0.8 (/opt/ros/jazzy/share/gz_math_vendor/cmake)
[1.115s] -- Looking for gz-math7 -- found version 7.5.2
[1.121s] -- Searching for dependencies of gz-math7
[1.123s] -- Looking for gz-utils2 -- found version 2.2.1
[1.123s] -- Searching for dependencies of gz-utils2
[1.127s] -- Found gz_sim_vendor: 0.0.8 (/opt/ros/jazzy/share/gz_sim_vendor/cmake)
[1.167s] -- Looking for gz-sim8 -- found version 8.9.0
[1.167s] -- Searching for dependencies of gz-sim8
[1.169s] -- Looking for sdformat14 -- found version 14.8.0
[1.169s] -- Searching for dependencies of sdformat14
[1.173s] -- Checking for module 'tinyxml2'
[1.189s] --   Found tinyxml2, version 10.0.0
[1.218s] -- Looking for gz-math7 -- found version 7.5.2
[1.218s] -- Looking for gz-utils2 -- found version 2.2.1
[1.219s] -- Searching for dependencies of gz-utils2
[1.219s] -- Searching for <gz-utils2> component [cli]
[1.223s] -- Looking for gz-utils2-cli -- found version 2.2.1
[1.223s] -- Searching for dependencies of gz-utils2-cli
[1.225s] -- Looking for gz-plugin2 -- found version 2.0.4
[1.225s] -- Searching for dependencies of gz-plugin2
[1.225s] -- Looking for gz-utils2 -- found version 2.2.1
[1.226s] -- Searching for <gz-plugin2> component [loader]
[1.227s] -- Looking for gz-plugin2-loader -- found version 2.0.4
[1.227s] -- Searching for dependencies of gz-plugin2-loader
[1.228s] -- Searching for <gz-plugin2> component [register]
[1.229s] -- Looking for gz-plugin2-register -- found version 2.0.4
[1.230s] -- Searching for dependencies of gz-plugin2-register
[1.231s] -- Looking for gz-transport13 -- found version 13.4.1
[1.231s] -- Searching for dependencies of gz-transport13
[1.371s] -- Found Protobuf: /usr/lib/x86_64-linux-gnu/libprotobuf.so (found version "3.21.12") 
[1.380s] -- Config-file not installed for ZeroMQ -- checking for pkg-config
[1.384s] -- Checking for module 'libzmq >= 4'
[1.399s] --   Found libzmq, version 4.3.5
[1.433s] -- Found ZeroMQ: TRUE (Required is at least version "4") 
[1.438s] -- Checking for module 'uuid'
[1.451s] --   Found uuid, version 2.39.3
[1.480s] -- Found UUID: TRUE  
[1.480s] -- Looking for gz-utils2 -- found version 2.2.1
[1.482s] -- Looking for gz-msgs10 -- found version 10.3.2
[1.482s] -- Searching for dependencies of gz-msgs10
[1.498s] -- Looking for gz-utils2 -- found version 2.2.1
[1.498s] -- Looking for gz-math7 -- found version 7.5.2
[1.506s] -- Searching for <gz-transport13> component [log]
[1.509s] -- Looking for gz-transport13-log -- found version 13.4.1
[1.509s] -- Searching for dependencies of gz-transport13-log
[1.509s] -- Searching for <gz-transport13> component [parameters]
[1.512s] -- Looking for gz-transport13-parameters -- found version 13.4.1
[1.513s] -- Searching for dependencies of gz-transport13-parameters
[1.514s] -- Looking for gz-msgs10 -- found version 10.3.2
[1.517s] -- Looking for gz-common5 -- found version 5.7.1
[1.517s] -- Searching for dependencies of gz-common5
[1.518s] -- Looking for gz-utils2 -- found version 2.2.1
[1.518s] -- Looking for dlfcn.h - found
[1.519s] -- Looking for libdl - found
[1.520s] -- Found DL: TRUE  
[1.526s] -- Searching for <gz-common5> component [av]
[1.528s] -- Looking for gz-common5-av -- found version 5.7.1
[1.528s] -- Searching for dependencies of gz-common5-av
[1.532s] -- Checking for module 'libswscale'
[1.547s] --   Found libswscale, version 7.5.100
[1.578s] -- Found SWSCALE: TRUE  
[1.583s] -- Checking for module 'libavdevice >= 56.4.100'
[1.598s] --   Found libavdevice, version 60.3.100
[1.639s] -- Found AVDEVICE: TRUE (Required is at least version "56.4.100") 
[1.644s] -- Checking for module 'libavformat'
[1.658s] --   Found libavformat, version 60.16.100
[1.690s] -- Found AVFORMAT: TRUE  
[1.695s] -- Checking for module 'libavcodec'
[1.711s] --   Found libavcodec, version 60.31.102
[1.744s] -- Found AVCODEC: TRUE  
[1.747s] -- Checking for module 'libavutil'
[1.761s] --   Found libavutil, version 58.29.100
[1.791s] -- Found AVUTIL: TRUE  
[1.791s] -- Searching for <gz-common5> component [events]
[1.793s] -- Looking for gz-common5-events -- found version 5.7.1
[1.793s] -- Searching for dependencies of gz-common5-events
[1.793s] -- Looking for gz-math7 -- found version 7.5.2
[1.794s] -- Searching for <gz-common5> component [graphics]
[1.796s] -- Looking for gz-common5-graphics -- found version 5.7.1
[1.796s] -- Searching for dependencies of gz-common5-graphics
[1.796s] -- Looking for gz-math7 -- found version 7.5.2
[1.800s] -- Found GzAssimp: TRUE (found version "5.3.0") 
[1.800s] -- Searching for <gz-common5> component [io]
[1.802s] -- Looking for gz-common5-io -- found version 5.7.1
[1.802s] -- Searching for dependencies of gz-common5-io
[1.803s] -- Searching for <gz-common5> component [profiler]
[1.804s] -- Looking for gz-common5-profiler -- found version 5.7.1
[1.805s] -- Searching for dependencies of gz-common5-profiler
[1.807s] -- Looking for gz-fuel_tools9 -- found version 9.1.1
[1.807s] -- Searching for dependencies of gz-fuel_tools9
[1.885s] -- Found CURL: /usr/lib/x86_64-linux-gnu/libcurl.so (found version "8.5.0")  
[1.893s] -- Checking for module 'jsoncpp'
[1.908s] --   Found jsoncpp, version 1.9.5
[1.937s] -- Found JSONCPP: TRUE  
[1.949s] -- Checking for module 'yaml-0.1'
[1.963s] --   Found yaml-0.1, version 0.2.5
[1.994s] -- Found YAML: TRUE  
[1.999s] -- Checking for module 'libzip'
[2.014s] --   Found libzip, version 1.7.3
[2.045s] -- Found ZIP: TRUE  
[2.045s] -- Looking for gz-utils2 -- found version 2.2.1
[2.046s] -- Looking for gz-common5 -- found version 5.7.1
[2.046s] -- Searching for dependencies of gz-common5
[2.046s] -- Looking for gz-utils2 -- found version 2.2.1
[2.046s] -- Looking for dlfcn.h - found
[2.046s] -- Looking for libdl - found
[2.053s] -- Searching for <gz-common5> component [testing]
[2.057s] -- Looking for gz-common5-testing -- found version 5.7.1
[2.057s] -- Searching for dependencies of gz-common5-testing
[2.058s] -- Looking for gz-math7 -- found version 7.5.2
[2.059s] -- Looking for gz-msgs10 -- found version 10.3.2
[2.061s] -- Looking for gz-gui8 -- found version 8.4.0
[2.061s] -- Searching for dependencies of gz-gui8
[2.080s] -- Looking for gz-utils2 -- found version 2.2.1
[2.081s] -- Looking for gz-math7 -- found version 7.5.2
[2.081s] -- Looking for gz-common5 -- found version 5.7.1
[2.081s] -- Looking for gz-plugin2 -- found version 2.0.4
[2.082s] -- Looking for gz-transport13 -- found version 13.4.1
[2.085s] -- Looking for gz-rendering8 -- found version 8.2.2
[2.085s] -- Searching for dependencies of gz-rendering8
[2.085s] -- Looking for gz-math7 -- found version 7.5.2
[2.085s] -- Searching for dependencies of gz-math7
[2.085s] -- Looking for gz-utils2 -- found version 2.2.1
[2.086s] -- Searching for <gz-math7> component [eigen3]
[2.087s] -- Looking for gz-math7-eigen3 -- found version 7.5.2
[2.088s] -- Searching for dependencies of gz-math7-eigen3
[2.094s] -- Looking for gz-common5 -- found version 5.7.1
[2.094s] -- Searching for dependencies of gz-common5
[2.094s] -- Looking for gz-utils2 -- found version 2.2.1
[2.095s] -- Looking for dlfcn.h - found
[2.095s] -- Looking for libdl - found
[2.102s] -- Searching for <gz-common5> component [graphics]
[2.106s] -- Searching for <gz-common5> component [events]
[2.106s] -- Searching for <gz-common5> component [geospatial]
[2.107s] -- Looking for gz-common5-geospatial -- found version 5.7.1
[2.107s] -- Searching for dependencies of gz-common5-geospatial
[2.107s] -- Looking for gz-math7 -- found version 7.5.2
[2.107s] -- Looking for gz-common5 -- found version 5.7.1
[2.108s] -- Looking for gz-plugin2 -- found version 2.0.4
[2.108s] -- Searching for dependencies of gz-plugin2
[2.108s] -- Looking for gz-utils2 -- found version 2.2.1
[2.108s] -- Searching for <gz-plugin2> component [all]
[2.110s] -- Looking for all libraries of gz-plugin2 -- found version 2.0.4
[2.111s] -- Looking for gz-plugin2 -- found version 2.0.4
[2.111s] -- Looking for gz-utils2 -- found version 2.2.1
[2.122s] -- Found OpenGL: /usr/lib/x86_64-linux-gnu/libOpenGL.so  found components: OpenGL 
[2.123s] -- Looking for gz-msgs10 -- found version 10.3.2
[2.143s] -- Looking for gz-physics7 -- found version 7.5.0
[2.144s] -- Searching for dependencies of gz-physics7
[2.144s] -- Looking for gz-common5 -- found version 5.7.1
[2.144s] -- Looking for gz-math7 -- found version 7.5.2
[2.144s] -- Looking for gz-plugin2 -- found version 2.0.4
[2.144s] -- Looking for gz-utils2 -- found version 2.2.1
[2.145s] -- Searching for <gz-physics7> component [heightmap]
[2.147s] -- Looking for gz-physics7-heightmap -- found version 7.5.0
[2.147s] -- Searching for dependencies of gz-physics7-heightmap
[2.147s] -- Looking for gz-common5 -- found version 5.7.1
[2.147s] -- Searching for <gz-physics7> component [mesh]
[2.149s] -- Looking for gz-physics7-mesh -- found version 7.5.0
[2.149s] -- Searching for dependencies of gz-physics7-mesh
[2.149s] -- Looking for gz-common5 -- found version 5.7.1
[2.149s] -- Searching for <gz-physics7> component [sdf]
[2.151s] -- Looking for gz-physics7-sdf -- found version 7.5.0
[2.151s] -- Searching for dependencies of gz-physics7-sdf
[2.151s] -- Looking for sdformat14 -- found version 14.8.0
[2.154s] -- Looking for gz-sensors8 -- found version 8.2.2
[2.154s] -- Searching for dependencies of gz-sensors8
[2.168s] -- Looking for gz-math7 -- found version 7.5.2
[2.168s] -- Looking for gz-common5 -- found version 5.7.1
[2.168s] -- Looking for gz-transport13 -- found version 13.4.1
[2.169s] -- Looking for gz-rendering8 -- found version 8.2.2
[2.169s] -- Looking for gz-msgs10 -- found version 10.3.2
[2.169s] -- Looking for sdformat14 -- found version 14.8.0
[2.169s] -- Searching for <gz-sensors8> component [air_pressure]
[2.171s] -- Looking for gz-sensors8-air_pressure -- found version 8.2.2
[2.171s] -- Searching for dependencies of gz-sensors8-air_pressure
[2.171s] -- Searching for <gz-sensors8> component [air_speed]
[2.173s] -- Looking for gz-sensors8-air_speed -- found version 8.2.2
[2.173s] -- Searching for dependencies of gz-sensors8-air_speed
[2.173s] -- Searching for <gz-sensors8> component [altimeter]
[2.175s] -- Looking for gz-sensors8-altimeter -- found version 8.2.2
[2.175s] -- Searching for dependencies of gz-sensors8-altimeter
[2.175s] -- Searching for <gz-sensors8> component [imu]
[2.176s] -- Looking for gz-sensors8-imu -- found version 8.2.2
[2.176s] -- Searching for dependencies of gz-sensors8-imu
[2.177s] -- Searching for <gz-sensors8> component [force_torque]
[2.178s] -- Looking for gz-sensors8-force_torque -- found version 8.2.2
[2.178s] -- Searching for dependencies of gz-sensors8-force_torque
[2.178s] -- Searching for <gz-sensors8> component [logical_camera]
[2.180s] -- Looking for gz-sensors8-logical_camera -- found version 8.2.2
[2.180s] -- Searching for dependencies of gz-sensors8-logical_camera
[2.180s] -- Searching for <gz-sensors8> component [magnetometer]
[2.182s] -- Looking for gz-sensors8-magnetometer -- found version 8.2.2
[2.182s] -- Searching for dependencies of gz-sensors8-magnetometer
[2.182s] -- Searching for <gz-sensors8> component [navsat]
[2.183s] -- Looking for gz-sensors8-navsat -- found version 8.2.2
[2.183s] -- Searching for dependencies of gz-sensors8-navsat
[2.184s] -- Searching for <gz-sensors8> component [dvl]
[2.185s] -- Looking for gz-sensors8-dvl -- found version 8.2.2
[2.185s] -- Searching for dependencies of gz-sensors8-dvl
[2.185s] -- Looking for gz-sensors8 -- found version 8.2.2
[2.185s] -- Searching for dependencies of gz-sensors8
[2.202s] -- Looking for gz-math7 -- found version 7.5.2
[2.202s] -- Looking for gz-common5 -- found version 5.7.1
[2.202s] -- Looking for gz-transport13 -- found version 13.4.1
[2.202s] -- Looking for gz-rendering8 -- found version 8.2.2
[2.203s] -- Looking for gz-msgs10 -- found version 10.3.2
[2.203s] -- Looking for sdformat14 -- found version 14.8.0
[2.203s] -- Searching for <gz-sensors8> component [rendering]
[2.205s] -- Looking for gz-sensors8-rendering -- found version 8.2.2
[2.205s] -- Searching for dependencies of gz-sensors8-rendering
[2.206s] -- Searching for <gz-sensors8> component [rendering]
[2.206s] -- Searching for <gz-sensors8> component [lidar]
[2.207s] -- Looking for gz-sensors8-lidar -- found version 8.2.2
[2.207s] -- Searching for dependencies of gz-sensors8-lidar
[2.208s] -- Looking for gz-sensors8 -- found version 8.2.2
[2.208s] -- Searching for <gz-sensors8> component [gpu_lidar]
[2.209s] -- Looking for gz-sensors8-gpu_lidar -- found version 8.2.2
[2.210s] -- Searching for dependencies of gz-sensors8-gpu_lidar
[2.210s] -- Looking for gz-sensors8 -- found version 8.2.2
[2.210s] -- Searching for <gz-sensors8> component [camera]
[2.212s] -- Looking for gz-sensors8-camera -- found version 8.2.2
[2.212s] -- Searching for dependencies of gz-sensors8-camera
[2.212s] -- Looking for gz-sensors8 -- found version 8.2.2
[2.212s] -- Searching for <gz-sensors8> component [boundingbox_camera]
[2.214s] -- Looking for gz-sensors8-boundingbox_camera -- found version 8.2.2
[2.214s] -- Searching for dependencies of gz-sensors8-boundingbox_camera
[2.214s] -- Searching for <gz-sensors8> component [segmentation_camera]
[2.216s] -- Looking for gz-sensors8-segmentation_camera -- found version 8.2.2
[2.216s] -- Searching for dependencies of gz-sensors8-segmentation_camera
[2.216s] -- Searching for <gz-sensors8> component [depth_camera]
[2.218s] -- Looking for gz-sensors8-depth_camera -- found version 8.2.2
[2.218s] -- Searching for dependencies of gz-sensors8-depth_camera
[2.218s] -- Looking for gz-sensors8 -- found version 8.2.2
[2.219s] -- Searching for <gz-sensors8> component [rgbd_camera]
[2.220s] -- Looking for gz-sensors8-rgbd_camera -- found version 8.2.2
[2.220s] -- Searching for dependencies of gz-sensors8-rgbd_camera
[2.220s] -- Looking for gz-sensors8 -- found version 8.2.2
[2.221s] -- Searching for <gz-sensors8> component [thermal_camera]
[2.222s] -- Looking for gz-sensors8-thermal_camera -- found version 8.2.2
[2.222s] -- Searching for dependencies of gz-sensors8-thermal_camera
[2.223s] -- Looking for gz-sensors8 -- found version 8.2.2
[2.223s] -- Searching for <gz-sensors8> component [wide_angle_camera]
[2.224s] -- Looking for gz-sensors8-wide_angle_camera -- found version 8.2.2
[2.225s] -- Searching for dependencies of gz-sensors8-wide_angle_camera
[2.225s] -- Looking for gz-rendering8 -- found version 8.2.2
[2.226s] -- Looking for gz-math7 -- found version 7.5.2
[2.226s] -- Looking for gz-utils2 -- found version 2.2.1
[2.246s] -- Looking for gz-plugin2 -- found version 2.0.4
[2.316s] -- Configuring done (2.3s)
[2.344s] -- Generating done (0.0s)
[2.349s] -- Build files have been written to: /home/andrei-robert/ROS2_ws/build/turtlebot3_gazebo
[2.361s] Invoked command in '/home/andrei-robert/ROS2_ws/build/turtlebot3_gazebo' returned '0': CMAKE_PREFIX_PATH=${CMAKE_PREFIX_PATH}:/home/andrei-robert/ROS2_ws/install/turtlebot3_teleop:/home/andrei-robert/ROS2_ws/install/turtlebot3_example:/opt/ros/jazzy /usr/bin/cmake /home/andrei-robert/ROS2_ws/src/turtlebot3_simulations/turtlebot3_gazebo -DAMENT_CMAKE_SYMLINK_INSTALL=1 -DCMAKE_INSTALL_PREFIX=/home/andrei-robert/ROS2_ws/install/turtlebot3_gazebo
[2.362s] Invoking command in '/home/andrei-robert/ROS2_ws/build/turtlebot3_gazebo': CMAKE_PREFIX_PATH=${CMAKE_PREFIX_PATH}:/home/andrei-robert/ROS2_ws/install/turtlebot3_teleop:/home/andrei-robert/ROS2_ws/install/turtlebot3_example:/opt/ros/jazzy /usr/bin/cmake --build /home/andrei-robert/ROS2_ws/build/turtlebot3_gazebo -- -j12 -l12
[2.406s] [ 12%] [32mBuilding CXX object CMakeFiles/obstacle1.dir/src/obstacle1.cpp.o[0m
[2.406s] [ 25%] [32mBuilding CXX object CMakeFiles/obstacle2.dir/src/obstacle2.cpp.o[0m
[2.407s] [ 37%] [32mBuilding CXX object CMakeFiles/turtlebot3_drive.dir/src/turtlebot3_drive.cpp.o[0m
[2.410s] [ 50%] [32mBuilding CXX object CMakeFiles/obstacles.dir/src/obstacles.cpp.o[0m
[3.909s] [ 62%] [32m[1mLinking CXX shared library libobstacle2.so[0m
[4.096s] [ 62%] Built target obstacle2
[4.137s] [ 75%] [32m[1mLinking CXX shared library libobstacles.so[0m
[4.277s] [ 75%] Built target obstacles
[4.401s] [ 87%] [32m[1mLinking CXX shared library libobstacle1.so[0m
[4.529s] [ 87%] Built target obstacle1
[9.104s] [100%] [32m[1mLinking CXX executable turtlebot3_drive[0m
[9.362s] [100%] Built target turtlebot3_drive
[9.371s] Invoked command in '/home/andrei-robert/ROS2_ws/build/turtlebot3_gazebo' returned '0': CMAKE_PREFIX_PATH=${CMAKE_PREFIX_PATH}:/home/andrei-robert/ROS2_ws/install/turtlebot3_teleop:/home/andrei-robert/ROS2_ws/install/turtlebot3_example:/opt/ros/jazzy /usr/bin/cmake --build /home/andrei-robert/ROS2_ws/build/turtlebot3_gazebo -- -j12 -l12
[9.372s] Invoking command in '/home/andrei-robert/ROS2_ws/build/turtlebot3_gazebo': CMAKE_PREFIX_PATH=${CMAKE_PREFIX_PATH}:/home/andrei-robert/ROS2_ws/install/turtlebot3_teleop:/home/andrei-robert/ROS2_ws/install/turtlebot3_example:/opt/ros/jazzy /usr/bin/cmake --install /home/andrei-robert/ROS2_ws/build/turtlebot3_gazebo
[9.377s] -- Install configuration: ""
[9.377s] -- Execute custom install script
[9.377s] -- Symlinking: /home/andrei-robert/ROS2_ws/install/turtlebot3_gazebo/lib/turtlebot3_gazebo/turtlebot3_drive
[9.384s] -- Symlinking: /home/andrei-robert/ROS2_ws/install/turtlebot3_gazebo/lib/turtlebot3_gazebo/libobstacles.so
[9.390s] -- Symlinking: /home/andrei-robert/ROS2_ws/install/turtlebot3_gazebo/lib/turtlebot3_gazebo/libobstacle1.so
[9.397s] -- Symlinking: /home/andrei-robert/ROS2_ws/install/turtlebot3_gazebo/lib/turtlebot3_gazebo/libobstacle2.so
[9.405s] -- Symlinking: /home/andrei-robert/ROS2_ws/install/turtlebot3_gazebo/share/turtlebot3_gazebo//launch/empty_world.launch.py
[9.412s] -- Symlinking: /home/andrei-robert/ROS2_ws/install/turtlebot3_gazebo/share/turtlebot3_gazebo//launch/robot_state_publisher.launch.py
[9.420s] -- Symlinking: /home/andrei-robert/ROS2_ws/install/turtlebot3_gazebo/share/turtlebot3_gazebo//launch/spawn_turtlebot3.launch.py
[9.425s] -- Symlinking: /home/andrei-robert/ROS2_ws/install/turtlebot3_gazebo/share/turtlebot3_gazebo//launch/turtlebot3_dqn_stage1.launch.py
[9.432s] -- Symlinking: /home/andrei-robert/ROS2_ws/install/turtlebot3_gazebo/share/turtlebot3_gazebo//launch/turtlebot3_dqn_stage2.launch.py
[9.438s] -- Symlinking: /home/andrei-robert/ROS2_ws/install/turtlebot3_gazebo/share/turtlebot3_gazebo//launch/turtlebot3_dqn_stage3.launch.py
[9.445s] -- Symlinking: /home/andrei-robert/ROS2_ws/install/turtlebot3_gazebo/share/turtlebot3_gazebo//launch/turtlebot3_dqn_stage4.launch.py
[9.451s] -- Symlinking: /home/andrei-robert/ROS2_ws/install/turtlebot3_gazebo/share/turtlebot3_gazebo//launch/turtlebot3_house.launch.py
[9.458s] -- Symlinking: /home/andrei-robert/ROS2_ws/install/turtlebot3_gazebo/share/turtlebot3_gazebo//launch/turtlebot3_world.launch.py
[9.465s] -- Symlinking: /home/andrei-robert/ROS2_ws/install/turtlebot3_gazebo/share/turtlebot3_gazebo//models/turtlebot3_burger/model-1_4.sdf
[9.471s] -- Symlinking: /home/andrei-robert/ROS2_ws/install/turtlebot3_gazebo/share/turtlebot3_gazebo//models/turtlebot3_burger/model.config
[9.479s] -- Symlinking: /home/andrei-robert/ROS2_ws/install/turtlebot3_gazebo/share/turtlebot3_gazebo//models/turtlebot3_burger/model.sdf
[9.485s] -- Symlinking: /home/andrei-robert/ROS2_ws/install/turtlebot3_gazebo/share/turtlebot3_gazebo//models/turtlebot3_burger_cam/model-1_4.sdf
[9.492s] -- Symlinking: /home/andrei-robert/ROS2_ws/install/turtlebot3_gazebo/share/turtlebot3_gazebo//models/turtlebot3_burger_cam/model.config
[9.497s] -- Symlinking: /home/andrei-robert/ROS2_ws/install/turtlebot3_gazebo/share/turtlebot3_gazebo//models/turtlebot3_burger_cam/model.sdf
[9.506s] -- Symlinking: /home/andrei-robert/ROS2_ws/install/turtlebot3_gazebo/share/turtlebot3_gazebo//models/turtlebot3_common/meshes/bases/burger_base.stl
[9.514s] -- Symlinking: /home/andrei-robert/ROS2_ws/install/turtlebot3_gazebo/share/turtlebot3_gazebo//models/turtlebot3_common/meshes/bases/waffle_base.stl
[9.520s] -- Symlinking: /home/andrei-robert/ROS2_ws/install/turtlebot3_gazebo/share/turtlebot3_gazebo//models/turtlebot3_common/meshes/bases/waffle_pi_base.stl
[9.528s] -- Symlinking: /home/andrei-robert/ROS2_ws/install/turtlebot3_gazebo/share/turtlebot3_gazebo//models/turtlebot3_common/meshes/burger_base.dae
[9.534s] -- Symlinking: /home/andrei-robert/ROS2_ws/install/turtlebot3_gazebo/share/turtlebot3_gazebo//models/turtlebot3_common/meshes/lds.dae
[9.540s] -- Symlinking: /home/andrei-robert/ROS2_ws/install/turtlebot3_gazebo/share/turtlebot3_gazebo//models/turtlebot3_common/meshes/r200.dae
[9.547s] -- Symlinking: /home/andrei-robert/ROS2_ws/install/turtlebot3_gazebo/share/turtlebot3_gazebo//models/turtlebot3_common/meshes/sensors/astra.dae
[9.554s] -- Symlinking: /home/andrei-robert/ROS2_ws/install/turtlebot3_gazebo/share/turtlebot3_gazebo//models/turtlebot3_common/meshes/sensors/astra.jpg
[9.561s] -- Symlinking: /home/andrei-robert/ROS2_ws/install/turtlebot3_gazebo/share/turtlebot3_gazebo//models/turtlebot3_common/meshes/sensors/lds.stl
[9.567s] -- Symlinking: /home/andrei-robert/ROS2_ws/install/turtlebot3_gazebo/share/turtlebot3_gazebo//models/turtlebot3_common/meshes/sensors/r200.dae
[9.576s] -- Symlinking: /home/andrei-robert/ROS2_ws/install/turtlebot3_gazebo/share/turtlebot3_gazebo//models/turtlebot3_common/meshes/sensors/r200.jpg
[9.582s] -- Symlinking: /home/andrei-robert/ROS2_ws/install/turtlebot3_gazebo/share/turtlebot3_gazebo//models/turtlebot3_common/meshes/tire.dae
[9.589s] -- Symlinking: /home/andrei-robert/ROS2_ws/install/turtlebot3_gazebo/share/turtlebot3_gazebo//models/turtlebot3_common/meshes/waffle_base.dae
[9.596s] -- Symlinking: /home/andrei-robert/ROS2_ws/install/turtlebot3_gazebo/share/turtlebot3_gazebo//models/turtlebot3_common/meshes/waffle_pi_base.dae
[9.603s] -- Symlinking: /home/andrei-robert/ROS2_ws/install/turtlebot3_gazebo/share/turtlebot3_gazebo//models/turtlebot3_common/meshes/wheels/left_tire.stl
[9.608s] -- Symlinking: /home/andrei-robert/ROS2_ws/install/turtlebot3_gazebo/share/turtlebot3_gazebo//models/turtlebot3_common/meshes/wheels/right_tire.stl
[9.614s] -- Symlinking: /home/andrei-robert/ROS2_ws/install/turtlebot3_gazebo/share/turtlebot3_gazebo//models/turtlebot3_common/model.config
[9.622s] -- Symlinking: /home/andrei-robert/ROS2_ws/install/turtlebot3_gazebo/share/turtlebot3_gazebo//models/turtlebot3_dqn_world/goal_box/model.config
[9.628s] -- Symlinking: /home/andrei-robert/ROS2_ws/install/turtlebot3_gazebo/share/turtlebot3_gazebo//models/turtlebot3_dqn_world/goal_box/model.sdf
[9.633s] -- Symlinking: /home/andrei-robert/ROS2_ws/install/turtlebot3_gazebo/share/turtlebot3_gazebo//models/turtlebot3_dqn_world/inner_walls/model.config
[9.639s] -- Symlinking: /home/andrei-robert/ROS2_ws/install/turtlebot3_gazebo/share/turtlebot3_gazebo//models/turtlebot3_dqn_world/inner_walls/model.sdf
[9.646s] -- Symlinking: /home/andrei-robert/ROS2_ws/install/turtlebot3_gazebo/share/turtlebot3_gazebo//models/turtlebot3_dqn_world/inner_walls/textures/wood.png
[9.652s] -- Symlinking: /home/andrei-robert/ROS2_ws/install/turtlebot3_gazebo/share/turtlebot3_gazebo//models/turtlebot3_dqn_world/model.config
[9.658s] -- Symlinking: /home/andrei-robert/ROS2_ws/install/turtlebot3_gazebo/share/turtlebot3_gazebo//models/turtlebot3_dqn_world/model.sdf
[9.666s] -- Symlinking: /home/andrei-robert/ROS2_ws/install/turtlebot3_gazebo/share/turtlebot3_gazebo//models/turtlebot3_dqn_world/obstacle1/model.config
[9.672s] -- Symlinking: /home/andrei-robert/ROS2_ws/install/turtlebot3_gazebo/share/turtlebot3_gazebo//models/turtlebot3_dqn_world/obstacle1/model.sdf
[9.680s] -- Symlinking: /home/andrei-robert/ROS2_ws/install/turtlebot3_gazebo/share/turtlebot3_gazebo//models/turtlebot3_dqn_world/obstacle2/model.config
[9.687s] -- Symlinking: /home/andrei-robert/ROS2_ws/install/turtlebot3_gazebo/share/turtlebot3_gazebo//models/turtlebot3_dqn_world/obstacle2/model.sdf
[9.693s] -- Symlinking: /home/andrei-robert/ROS2_ws/install/turtlebot3_gazebo/share/turtlebot3_gazebo//models/turtlebot3_dqn_world/obstacles/model.config
[9.699s] -- Symlinking: /home/andrei-robert/ROS2_ws/install/turtlebot3_gazebo/share/turtlebot3_gazebo//models/turtlebot3_dqn_world/obstacles/model.sdf
[9.706s] -- Symlinking: /home/andrei-robert/ROS2_ws/install/turtlebot3_gazebo/share/turtlebot3_gazebo//models/turtlebot3_dqn_world/textures/wood.png
[9.714s] -- Symlinking: /home/andrei-robert/ROS2_ws/install/turtlebot3_gazebo/share/turtlebot3_gazebo//models/turtlebot3_house/cafe_table/materials/textures/Maple.jpg
[9.721s] -- Symlinking: /home/andrei-robert/ROS2_ws/install/turtlebot3_gazebo/share/turtlebot3_gazebo//models/turtlebot3_house/cafe_table/materials/textures/Wood_Floor_Dark.jpg
[9.729s] -- Symlinking: /home/andrei-robert/ROS2_ws/install/turtlebot3_gazebo/share/turtlebot3_gazebo//models/turtlebot3_house/cafe_table/meshes/cafe_table.dae
[9.736s] -- Symlinking: /home/andrei-robert/ROS2_ws/install/turtlebot3_gazebo/share/turtlebot3_gazebo//models/turtlebot3_house/cafe_table/model-1_4.sdf
[9.742s] -- Symlinking: /home/andrei-robert/ROS2_ws/install/turtlebot3_gazebo/share/turtlebot3_gazebo//models/turtlebot3_house/cafe_table/model.config
[9.749s] -- Symlinking: /home/andrei-robert/ROS2_ws/install/turtlebot3_gazebo/share/turtlebot3_gazebo//models/turtlebot3_house/cafe_table/model.sdf
[9.757s] -- Symlinking: /home/andrei-robert/ROS2_ws/install/turtlebot3_gazebo/share/turtlebot3_gazebo//models/turtlebot3_house/first_2015_trash_can/meshes/trash_can.dae
[9.763s] -- Symlinking: /home/andrei-robert/ROS2_ws/install/turtlebot3_gazebo/share/turtlebot3_gazebo//models/turtlebot3_house/first_2015_trash_can/model.config
[9.768s] -- Symlinking: /home/andrei-robert/ROS2_ws/install/turtlebot3_gazebo/share/turtlebot3_gazebo//models/turtlebot3_house/first_2015_trash_can/model.sdf
[9.774s] -- Symlinking: /home/andrei-robert/ROS2_ws/install/turtlebot3_gazebo/share/turtlebot3_gazebo//models/turtlebot3_house/mailbox/materials/scripts/mailbox.material
[9.781s] -- Symlinking: /home/andrei-robert/ROS2_ws/install/turtlebot3_gazebo/share/turtlebot3_gazebo//models/turtlebot3_house/mailbox/materials/textures/Mailbox_Diffuse.png
[9.788s] -- Symlinking: /home/andrei-robert/ROS2_ws/install/turtlebot3_gazebo/share/turtlebot3_gazebo//models/turtlebot3_house/mailbox/materials/textures/Mailbox_Diffuse.tga.orig
[9.794s] -- Symlinking: /home/andrei-robert/ROS2_ws/install/turtlebot3_gazebo/share/turtlebot3_gazebo//models/turtlebot3_house/mailbox/materials/textures/Mailbox_Spec.png
[9.801s] -- Symlinking: /home/andrei-robert/ROS2_ws/install/turtlebot3_gazebo/share/turtlebot3_gazebo//models/turtlebot3_house/mailbox/meshes/mailbox.dae
[9.807s] -- Symlinking: /home/andrei-robert/ROS2_ws/install/turtlebot3_gazebo/share/turtlebot3_gazebo//models/turtlebot3_house/mailbox/model-1_3.sdf
[9.813s] -- Symlinking: /home/andrei-robert/ROS2_ws/install/turtlebot3_gazebo/share/turtlebot3_gazebo//models/turtlebot3_house/mailbox/model-1_4.sdf
[9.820s] -- Symlinking: /home/andrei-robert/ROS2_ws/install/turtlebot3_gazebo/share/turtlebot3_gazebo//models/turtlebot3_house/mailbox/model.config
[9.827s] -- Symlinking: /home/andrei-robert/ROS2_ws/install/turtlebot3_gazebo/share/turtlebot3_gazebo//models/turtlebot3_house/mailbox/model.sdf
[9.833s] -- Symlinking: /home/andrei-robert/ROS2_ws/install/turtlebot3_gazebo/share/turtlebot3_gazebo//models/turtlebot3_house/model.config
[9.840s] -- Symlinking: /home/andrei-robert/ROS2_ws/install/turtlebot3_gazebo/share/turtlebot3_gazebo//models/turtlebot3_house/model.sdf
[9.846s] -- Symlinking: /home/andrei-robert/ROS2_ws/install/turtlebot3_gazebo/share/turtlebot3_gazebo//models/turtlebot3_house/table_marble/materials/scripts/table_lightmap.material
[9.855s] -- Symlinking: /home/andrei-robert/ROS2_ws/install/turtlebot3_gazebo/share/turtlebot3_gazebo//models/turtlebot3_house/table_marble/materials/textures/marble.png
[9.862s] -- Symlinking: /home/andrei-robert/ROS2_ws/install/turtlebot3_gazebo/share/turtlebot3_gazebo//models/turtlebot3_house/table_marble/materials/textures/table_lightmap.png
[9.869s] -- Symlinking: /home/andrei-robert/ROS2_ws/install/turtlebot3_gazebo/share/turtlebot3_gazebo//models/turtlebot3_house/table_marble/meshes/table_lightmap.dae
[9.875s] -- Symlinking: /home/andrei-robert/ROS2_ws/install/turtlebot3_gazebo/share/turtlebot3_gazebo//models/turtlebot3_house/table_marble/model-1_4.sdf
[9.882s] -- Symlinking: /home/andrei-robert/ROS2_ws/install/turtlebot3_gazebo/share/turtlebot3_gazebo//models/turtlebot3_house/table_marble/model.config
[9.888s] -- Symlinking: /home/andrei-robert/ROS2_ws/install/turtlebot3_gazebo/share/turtlebot3_gazebo//models/turtlebot3_house/table_marble/model.sdf
[9.893s] -- Symlinking: /home/andrei-robert/ROS2_ws/install/turtlebot3_gazebo/share/turtlebot3_gazebo//models/turtlebot3_house/textures/bricks.png
[9.900s] -- Symlinking: /home/andrei-robert/ROS2_ws/install/turtlebot3_gazebo/share/turtlebot3_gazebo//models/turtlebot3_house/textures/wood.png
[9.906s] -- Symlinking: /home/andrei-robert/ROS2_ws/install/turtlebot3_gazebo/share/turtlebot3_gazebo//models/turtlebot3_waffle/model-1_4.sdf
[9.912s] -- Symlinking: /home/andrei-robert/ROS2_ws/install/turtlebot3_gazebo/share/turtlebot3_gazebo//models/turtlebot3_waffle/model.config
[9.920s] -- Symlinking: /home/andrei-robert/ROS2_ws/install/turtlebot3_gazebo/share/turtlebot3_gazebo//models/turtlebot3_waffle/model.sdf
[9.926s] -- Symlinking: /home/andrei-robert/ROS2_ws/install/turtlebot3_gazebo/share/turtlebot3_gazebo//models/turtlebot3_waffle_pi/model-1_4_.sdf
[9.933s] -- Symlinking: /home/andrei-robert/ROS2_ws/install/turtlebot3_gazebo/share/turtlebot3_gazebo//models/turtlebot3_waffle_pi/model.config
[9.941s] -- Symlinking: /home/andrei-robert/ROS2_ws/install/turtlebot3_gazebo/share/turtlebot3_gazebo//models/turtlebot3_waffle_pi/model.sdf
[9.947s] -- Symlinking: /home/andrei-robert/ROS2_ws/install/turtlebot3_gazebo/share/turtlebot3_gazebo//models/turtlebot3_world/meshes/hexagon.dae
[9.955s] -- Symlinking: /home/andrei-robert/ROS2_ws/install/turtlebot3_gazebo/share/turtlebot3_gazebo//models/turtlebot3_world/meshes/wall.dae
[9.960s] -- Symlinking: /home/andrei-robert/ROS2_ws/install/turtlebot3_gazebo/share/turtlebot3_gazebo//models/turtlebot3_world/model-1_4.sdf
[9.966s] -- Symlinking: /home/andrei-robert/ROS2_ws/install/turtlebot3_gazebo/share/turtlebot3_gazebo//models/turtlebot3_world/model.config
[9.971s] -- Symlinking: /home/andrei-robert/ROS2_ws/install/turtlebot3_gazebo/share/turtlebot3_gazebo//models/turtlebot3_world/model.sdf
[9.980s] -- Symlinking: /home/andrei-robert/ROS2_ws/install/turtlebot3_gazebo/share/turtlebot3_gazebo//params/turtlebot3_burger_bridge.yaml
[9.986s] -- Symlinking: /home/andrei-robert/ROS2_ws/install/turtlebot3_gazebo/share/turtlebot3_gazebo//params/turtlebot3_burger_cam_bridge.yaml
[9.992s] -- Symlinking: /home/andrei-robert/ROS2_ws/install/turtlebot3_gazebo/share/turtlebot3_gazebo//params/turtlebot3_waffle_bridge.yaml
[9.998s] -- Symlinking: /home/andrei-robert/ROS2_ws/install/turtlebot3_gazebo/share/turtlebot3_gazebo//params/turtlebot3_waffle_pi_bridge.yaml
[10.005s] -- Symlinking: /home/andrei-robert/ROS2_ws/install/turtlebot3_gazebo/share/turtlebot3_gazebo//rviz/tb3_gazebo.rviz
[10.011s] -- Symlinking: /home/andrei-robert/ROS2_ws/install/turtlebot3_gazebo/share/turtlebot3_gazebo//urdf/common_properties.urdf
[10.017s] -- Symlinking: /home/andrei-robert/ROS2_ws/install/turtlebot3_gazebo/share/turtlebot3_gazebo//urdf/turtlebot3_burger.urdf
[10.023s] -- Symlinking: /home/andrei-robert/ROS2_ws/install/turtlebot3_gazebo/share/turtlebot3_gazebo//urdf/turtlebot3_burger_cam.urdf
[10.030s] -- Symlinking: /home/andrei-robert/ROS2_ws/install/turtlebot3_gazebo/share/turtlebot3_gazebo//urdf/turtlebot3_waffle.urdf
[10.035s] -- Symlinking: /home/andrei-robert/ROS2_ws/install/turtlebot3_gazebo/share/turtlebot3_gazebo//urdf/turtlebot3_waffle_pi.urdf
[10.042s] -- Symlinking: /home/andrei-robert/ROS2_ws/install/turtlebot3_gazebo/share/turtlebot3_gazebo//worlds/empty_world.world
[10.048s] -- Symlinking: /home/andrei-robert/ROS2_ws/install/turtlebot3_gazebo/share/turtlebot3_gazebo//worlds/turtlebot3_autorace_2020.world
[10.055s] -- Symlinking: /home/andrei-robert/ROS2_ws/install/turtlebot3_gazebo/share/turtlebot3_gazebo//worlds/turtlebot3_dqn_stage1.world
[10.061s] -- Symlinking: /home/andrei-robert/ROS2_ws/install/turtlebot3_gazebo/share/turtlebot3_gazebo//worlds/turtlebot3_dqn_stage2.world
[10.070s] -- Symlinking: /home/andrei-robert/ROS2_ws/install/turtlebot3_gazebo/share/turtlebot3_gazebo//worlds/turtlebot3_dqn_stage3.world
[10.077s] -- Symlinking: /home/andrei-robert/ROS2_ws/install/turtlebot3_gazebo/share/turtlebot3_gazebo//worlds/turtlebot3_dqn_stage4.world
[10.084s] -- Symlinking: /home/andrei-robert/ROS2_ws/install/turtlebot3_gazebo/share/turtlebot3_gazebo//worlds/turtlebot3_house.world
[10.091s] -- Symlinking: /home/andrei-robert/ROS2_ws/install/turtlebot3_gazebo/share/turtlebot3_gazebo//worlds/turtlebot3_world.world
[10.098s] -- Symlinking: /home/andrei-robert/ROS2_ws/install/turtlebot3_gazebo/include//turtlebot3_gazebo/obstacle1.hpp
[10.104s] -- Symlinking: /home/andrei-robert/ROS2_ws/install/turtlebot3_gazebo/include//turtlebot3_gazebo/obstacle2.hpp
[10.113s] -- Symlinking: /home/andrei-robert/ROS2_ws/install/turtlebot3_gazebo/include//turtlebot3_gazebo/obstacles.hpp
[10.119s] -- Symlinking: /home/andrei-robert/ROS2_ws/install/turtlebot3_gazebo/include//turtlebot3_gazebo/traffic_bar_plugin.hpp
[10.127s] -- Symlinking: /home/andrei-robert/ROS2_ws/install/turtlebot3_gazebo/include//turtlebot3_gazebo/traffic_light_plugin.hpp
[10.134s] -- Symlinking: /home/andrei-robert/ROS2_ws/install/turtlebot3_gazebo/include//turtlebot3_gazebo/turtlebot3_drive.hpp
[10.139s] -- Symlinking: /home/andrei-robert/ROS2_ws/install/turtlebot3_gazebo/share/ament_index/resource_index/package_run_dependencies/turtlebot3_gazebo
[10.145s] -- Symlinking: /home/andrei-robert/ROS2_ws/install/turtlebot3_gazebo/share/ament_index/resource_index/parent_prefix_path/turtlebot3_gazebo
[10.153s] -- Symlinking: /home/andrei-robert/ROS2_ws/install/turtlebot3_gazebo/share/turtlebot3_gazebo/environment/ament_prefix_path.sh
[10.162s] -- Symlinking: /home/andrei-robert/ROS2_ws/install/turtlebot3_gazebo/share/turtlebot3_gazebo/environment/ament_prefix_path.dsv
[10.169s] -- Symlinking: /home/andrei-robert/ROS2_ws/install/turtlebot3_gazebo/share/turtlebot3_gazebo/environment/path.sh
[10.176s] -- Symlinking: /home/andrei-robert/ROS2_ws/install/turtlebot3_gazebo/share/turtlebot3_gazebo/environment/path.dsv
[10.186s] -- Symlinking: /home/andrei-robert/ROS2_ws/install/turtlebot3_gazebo/share/turtlebot3_gazebo/local_setup.bash
[10.192s] -- Symlinking: /home/andrei-robert/ROS2_ws/install/turtlebot3_gazebo/share/turtlebot3_gazebo/local_setup.sh
[10.200s] -- Symlinking: /home/andrei-robert/ROS2_ws/install/turtlebot3_gazebo/share/turtlebot3_gazebo/local_setup.zsh
[10.207s] -- Symlinking: /home/andrei-robert/ROS2_ws/install/turtlebot3_gazebo/share/turtlebot3_gazebo/local_setup.dsv
[10.215s] -- Symlinking: /home/andrei-robert/ROS2_ws/install/turtlebot3_gazebo/share/turtlebot3_gazebo/package.dsv
[10.222s] -- Symlinking: /home/andrei-robert/ROS2_ws/install/turtlebot3_gazebo/share/ament_index/resource_index/packages/turtlebot3_gazebo
[10.228s] -- Symlinking: /home/andrei-robert/ROS2_ws/install/turtlebot3_gazebo/share/turtlebot3_gazebo/cmake/ament_cmake_export_include_directories-extras.cmake
[10.235s] -- Symlinking: /home/andrei-robert/ROS2_ws/install/turtlebot3_gazebo/share/turtlebot3_gazebo/cmake/ament_cmake_export_dependencies-extras.cmake
[10.242s] -- Symlinking: /home/andrei-robert/ROS2_ws/install/turtlebot3_gazebo/share/turtlebot3_gazebo/cmake/turtlebot3_gazeboConfig.cmake
[10.250s] -- Symlinking: /home/andrei-robert/ROS2_ws/install/turtlebot3_gazebo/share/turtlebot3_gazebo/cmake/turtlebot3_gazeboConfig-version.cmake
[10.256s] -- Symlinking: /home/andrei-robert/ROS2_ws/install/turtlebot3_gazebo/share/turtlebot3_gazebo/package.xml
[10.265s] Invoked command in '/home/andrei-robert/ROS2_ws/build/turtlebot3_gazebo' returned '0': CMAKE_PREFIX_PATH=${CMAKE_PREFIX_PATH}:/home/andrei-robert/ROS2_ws/install/turtlebot3_teleop:/home/andrei-robert/ROS2_ws/install/turtlebot3_example:/opt/ros/jazzy /usr/bin/cmake --install /home/andrei-robert/ROS2_ws/build/turtlebot3_gazebo
