[0.553s] Invoking command in '/home/andrei-robert/ROS2_ws/build/virtual_pet': PYTHONPATH=/home/andrei-robert/ROS2_ws/build/virtual_pet/prefix_override:/usr/lib/python3/dist-packages/colcon_core/task/python/colcon_distutils_commands:/home/andrei-robert/ROS2_ws/install/virtual_pet/lib/python3.12/site-packages:${PYTHONPATH} /usr/bin/python3 -W ignore:setup.py install is deprecated -W ignore:easy_install command is deprecated setup.py develop --editable --build-directory /home/andrei-robert/ROS2_ws/build/virtual_pet/build --no-deps symlink_data
[0.777s] running develop
[0.909s] running egg_info
[0.922s] writing virtual_pet.egg-info/PKG-INFO
[0.922s] writing dependency_links to virtual_pet.egg-info/dependency_links.txt
[0.922s] writing entry points to virtual_pet.egg-info/entry_points.txt
[0.923s] writing requirements to virtual_pet.egg-info/requires.txt
[0.923s] writing top-level names to virtual_pet.egg-info/top_level.txt
[0.948s] reading manifest file 'virtual_pet.egg-info/SOURCES.txt'
[0.948s] writing manifest file 'virtual_pet.egg-info/SOURCES.txt'
[0.962s] running build_ext
[0.962s] Creating /home/andrei-robert/ROS2_ws/install/virtual_pet/lib/python3.12/site-packages/virtual-pet.egg-link (link to .)
[0.962s] Installing gesture_recognizer script to /home/andrei-robert/ROS2_ws/install/virtual_pet/lib/virtual_pet
[0.963s] Installing gui_controller script to /home/andrei-robert/ROS2_ws/install/virtual_pet/lib/virtual_pet
[0.963s] Installing pet_controller script to /home/andrei-robert/ROS2_ws/install/virtual_pet/lib/virtual_pet
[0.963s] Installing shape_drawer script to /home/andrei-robert/ROS2_ws/install/virtual_pet/lib/virtual_pet
[0.963s] 
[0.963s] Installed /home/andrei-robert/ROS2_ws/build/virtual_pet
[0.963s] running symlink_data
[0.963s] symbolically linking /home/andrei-robert/ROS2_ws/build/virtual_pet/launch/pet_complete.launch.py -> /home/andrei-robert/ROS2_ws/install/virtual_pet/share/virtual_pet/launch
[0.963s] creating /home/andrei-robert/ROS2_ws/install/virtual_pet/share/virtual_pet/rviz
[0.963s] symbolically linking /home/andrei-robert/ROS2_ws/build/virtual_pet/rviz/trail_view.rviz -> /home/andrei-robert/ROS2_ws/install/virtual_pet/share/virtual_pet/rviz
[0.993s] Invoked command in '/home/andrei-robert/ROS2_ws/build/virtual_pet' returned '0': PYTHONPATH=/home/andrei-robert/ROS2_ws/build/virtual_pet/prefix_override:/usr/lib/python3/dist-packages/colcon_core/task/python/colcon_distutils_commands:/home/andrei-robert/ROS2_ws/install/virtual_pet/lib/python3.12/site-packages:${PYTHONPATH} /usr/bin/python3 -W ignore:setup.py install is deprecated -W ignore:easy_install command is deprecated setup.py develop --editable --build-directory /home/andrei-robert/ROS2_ws/build/virtual_pet/build --no-deps symlink_data
