[0.603s] Invoking command in '/home/andrei-robert/ROS2_ws/build/virtual_pet': PYTHONPATH=/home/andrei-robert/ROS2_ws/build/virtual_pet/prefix_override:/usr/lib/python3/dist-packages/colcon_core/task/python/colcon_distutils_commands:/home/andrei-robert/ROS2_ws/install/virtual_pet/lib/python3.12/site-packages:${PYTHONPATH} /usr/bin/python3 -W ignore:setup.py install is deprecated -W ignore:easy_install command is deprecated setup.py develop --editable --build-directory /home/andrei-robert/ROS2_ws/build/virtual_pet/build --no-deps symlink_data
[0.835s] running develop
[0.964s] running egg_info
[0.965s] creating virtual_pet.egg-info
[0.977s] writing virtual_pet.egg-info/PKG-INFO
[0.977s] writing dependency_links to virtual_pet.egg-info/dependency_links.txt
[0.977s] writing entry points to virtual_pet.egg-info/entry_points.txt
[0.977s] writing requirements to virtual_pet.egg-info/requires.txt
[0.977s] writing top-level names to virtual_pet.egg-info/top_level.txt
[0.977s] writing manifest file 'virtual_pet.egg-info/SOURCES.txt'
[1.004s] reading manifest file 'virtual_pet.egg-info/SOURCES.txt'
[1.004s] writing manifest file 'virtual_pet.egg-info/SOURCES.txt'
[1.018s] running build_ext
[1.018s] Creating /home/andrei-robert/ROS2_ws/install/virtual_pet/lib/python3.12/site-packages/virtual-pet.egg-link (link to .)
[1.018s] Installing gesture_recognizer script to /home/andrei-robert/ROS2_ws/install/virtual_pet/lib/virtual_pet
[1.018s] Installing gui_controller script to /home/andrei-robert/ROS2_ws/install/virtual_pet/lib/virtual_pet
[1.018s] Installing pet_controller script to /home/andrei-robert/ROS2_ws/install/virtual_pet/lib/virtual_pet
[1.018s] Installing shape_drawer script to /home/andrei-robert/ROS2_ws/install/virtual_pet/lib/virtual_pet
[1.018s] Installing voice_chat script to /home/andrei-robert/ROS2_ws/install/virtual_pet/lib/virtual_pet
[1.018s] 
[1.018s] Installed /home/andrei-robert/ROS2_ws/build/virtual_pet
[1.019s] running symlink_data
[1.019s] creating /home/andrei-robert/ROS2_ws/install/virtual_pet/share/ament_index
[1.019s] creating /home/andrei-robert/ROS2_ws/install/virtual_pet/share/ament_index/resource_index
[1.019s] creating /home/andrei-robert/ROS2_ws/install/virtual_pet/share/ament_index/resource_index/packages
[1.019s] symbolically linking /home/andrei-robert/ROS2_ws/build/virtual_pet/resource/virtual_pet -> /home/andrei-robert/ROS2_ws/install/virtual_pet/share/ament_index/resource_index/packages
[1.019s] symbolically linking /home/andrei-robert/ROS2_ws/build/virtual_pet/package.xml -> /home/andrei-robert/ROS2_ws/install/virtual_pet/share/virtual_pet
[1.019s] creating /home/andrei-robert/ROS2_ws/install/virtual_pet/share/virtual_pet/launch
[1.019s] symbolically linking /home/andrei-robert/ROS2_ws/build/virtual_pet/launch/pet_complete.launch.py -> /home/andrei-robert/ROS2_ws/install/virtual_pet/share/virtual_pet/launch
[1.019s] creating /home/andrei-robert/ROS2_ws/install/virtual_pet/share/virtual_pet/rviz
[1.019s] symbolically linking /home/andrei-robert/ROS2_ws/build/virtual_pet/rviz/trail_view.rviz -> /home/andrei-robert/ROS2_ws/install/virtual_pet/share/virtual_pet/rviz
[1.048s] Invoked command in '/home/andrei-robert/ROS2_ws/build/virtual_pet' returned '0': PYTHONPATH=/home/andrei-robert/ROS2_ws/build/virtual_pet/prefix_override:/usr/lib/python3/dist-packages/colcon_core/task/python/colcon_distutils_commands:/home/andrei-robert/ROS2_ws/install/virtual_pet/lib/python3.12/site-packages:${PYTHONPATH} /usr/bin/python3 -W ignore:setup.py install is deprecated -W ignore:easy_install command is deprecated setup.py develop --editable --build-directory /home/andrei-robert/ROS2_ws/build/virtual_pet/build --no-deps symlink_data
