[0.032s] Invoking command in '/home/andrei-robert/ROS2_ws/build/turtlebot3_msgs': CMAKE_PREFIX_PATH=${CMAKE_PREFIX_PATH}:/home/andrei-robert/ROS2_ws/install/turtlebot3_teleop:/home/andrei-robert/ROS2_ws/install/turtlebot3_example:/opt/ros/jazzy /usr/bin/cmake --build /home/andrei-robert/ROS2_ws/build/turtlebot3_msgs -- -j12 -l12
[0.245s] [  1%] Built target turtlebot3_msgs__rosidl_generator_type_description
[0.245s] [  1%] Built target ament_cmake_python_symlink_turtlebot3_msgs
[0.245s] [  2%] Built target turtlebot3_msgs__cpp
[0.245s] [ 26%] Built target turtlebot3_msgs__rosidl_generator_c
[0.245s] [ 36%] Built target turtlebot3_msgs__rosidl_typesupport_c
[0.245s] [ 45%] Built target turtlebot3_msgs__rosidl_typesupport_introspection_c
[0.245s] [ 55%] Built target turtlebot3_msgs__rosidl_typesupport_cpp
[0.245s] [ 64%] Built target turtlebot3_msgs__rosidl_typesupport_fastrtps_cpp
[0.245s] [ 75%] Built target turtlebot3_msgs__rosidl_typesupport_introspection_cpp
[0.245s] [ 84%] Built target turtlebot3_msgs__rosidl_typesupport_fastrtps_c
[0.245s] [ 84%] Built target turtlebot3_msgs
[0.245s] [ 85%] Built target turtlebot3_msgs__py
[0.245s] [ 93%] Built target turtlebot3_msgs__rosidl_generator_py
[0.245s] [ 95%] Built target turtlebot3_msgs_s__rosidl_typesupport_c
[0.250s] [ 97%] Built target turtlebot3_msgs_s__rosidl_typesupport_introspection_c
[0.250s] [100%] Built target turtlebot3_msgs_s__rosidl_typesupport_fastrtps_c
[0.284s] running egg_info
[0.297s] writing turtlebot3_msgs.egg-info/PKG-INFO
[0.297s] writing dependency_links to turtlebot3_msgs.egg-info/dependency_links.txt
[0.297s] writing top-level names to turtlebot3_msgs.egg-info/top_level.txt
[0.335s] reading manifest file 'turtlebot3_msgs.egg-info/SOURCES.txt'
[0.335s] writing manifest file 'turtlebot3_msgs.egg-info/SOURCES.txt'
[0.359s] [100%] Built target ament_cmake_python_build_turtlebot3_msgs_egg
[0.372s] Invoked command in '/home/andrei-robert/ROS2_ws/build/turtlebot3_msgs' returned '0': CMAKE_PREFIX_PATH=${CMAKE_PREFIX_PATH}:/home/andrei-robert/ROS2_ws/install/turtlebot3_teleop:/home/andrei-robert/ROS2_ws/install/turtlebot3_example:/opt/ros/jazzy /usr/bin/cmake --build /home/andrei-robert/ROS2_ws/build/turtlebot3_msgs -- -j12 -l12
[0.373s] Invoking command in '/home/andrei-robert/ROS2_ws/build/turtlebot3_msgs': CMAKE_PREFIX_PATH=${CMAKE_PREFIX_PATH}:/home/andrei-robert/ROS2_ws/install/turtlebot3_teleop:/home/andrei-robert/ROS2_ws/install/turtlebot3_example:/opt/ros/jazzy /usr/bin/cmake --install /home/andrei-robert/ROS2_ws/build/turtlebot3_msgs
[0.379s] -- Install configuration: ""
[0.380s] -- Execute custom install script
[0.380s] -- Up-to-date symlink: /home/andrei-robert/ROS2_ws/install/turtlebot3_msgs/share/ament_index/resource_index/rosidl_interfaces/turtlebot3_msgs
[0.380s] -- Up-to-date symlink: /home/andrei-robert/ROS2_ws/install/turtlebot3_msgs/share/turtlebot3_msgs/msg/SensorState.json
[0.380s] -- Up-to-date symlink: /home/andrei-robert/ROS2_ws/install/turtlebot3_msgs/share/turtlebot3_msgs/msg/Sound.json
[0.380s] -- Up-to-date symlink: /home/andrei-robert/ROS2_ws/install/turtlebot3_msgs/share/turtlebot3_msgs/msg/VersionInfo.json
[0.380s] -- Up-to-date symlink: /home/andrei-robert/ROS2_ws/install/turtlebot3_msgs/share/turtlebot3_msgs/srv/Sound.json
[0.381s] -- Up-to-date symlink: /home/andrei-robert/ROS2_ws/install/turtlebot3_msgs/share/turtlebot3_msgs/srv/Dqn.json
[0.381s] -- Up-to-date symlink: /home/andrei-robert/ROS2_ws/install/turtlebot3_msgs/share/turtlebot3_msgs/srv/Goal.json
[0.381s] -- Up-to-date symlink: /home/andrei-robert/ROS2_ws/install/turtlebot3_msgs/share/turtlebot3_msgs/action/Patrol.json
[0.381s] -- Up-to-date symlink: /home/andrei-robert/ROS2_ws/install/turtlebot3_msgs/include/turtlebot3_msgs/turtlebot3_msgs/action/detail/patrol__functions.h
[0.381s] -- Up-to-date symlink: /home/andrei-robert/ROS2_ws/install/turtlebot3_msgs/include/turtlebot3_msgs/turtlebot3_msgs/action/detail/patrol__struct.h
[0.381s] -- Up-to-date symlink: /home/andrei-robert/ROS2_ws/install/turtlebot3_msgs/include/turtlebot3_msgs/turtlebot3_msgs/action/detail/patrol__type_support.h
[0.381s] -- Up-to-date symlink: /home/andrei-robert/ROS2_ws/install/turtlebot3_msgs/include/turtlebot3_msgs/turtlebot3_msgs/action/patrol.h
[0.381s] -- Up-to-date symlink: /home/andrei-robert/ROS2_ws/install/turtlebot3_msgs/include/turtlebot3_msgs/turtlebot3_msgs/msg/detail/sensor_state__functions.h
[0.381s] -- Up-to-date symlink: /home/andrei-robert/ROS2_ws/install/turtlebot3_msgs/include/turtlebot3_msgs/turtlebot3_msgs/msg/detail/sensor_state__struct.h
[0.381s] -- Up-to-date symlink: /home/andrei-robert/ROS2_ws/install/turtlebot3_msgs/include/turtlebot3_msgs/turtlebot3_msgs/msg/detail/sensor_state__type_support.h
[0.382s] -- Up-to-date symlink: /home/andrei-robert/ROS2_ws/install/turtlebot3_msgs/include/turtlebot3_msgs/turtlebot3_msgs/msg/detail/sound__functions.h
[0.382s] -- Up-to-date symlink: /home/andrei-robert/ROS2_ws/install/turtlebot3_msgs/include/turtlebot3_msgs/turtlebot3_msgs/msg/detail/sound__struct.h
[0.382s] -- Up-to-date symlink: /home/andrei-robert/ROS2_ws/install/turtlebot3_msgs/include/turtlebot3_msgs/turtlebot3_msgs/msg/detail/sound__type_support.h
[0.382s] -- Up-to-date symlink: /home/andrei-robert/ROS2_ws/install/turtlebot3_msgs/include/turtlebot3_msgs/turtlebot3_msgs/msg/detail/version_info__functions.h
[0.382s] -- Up-to-date symlink: /home/andrei-robert/ROS2_ws/install/turtlebot3_msgs/include/turtlebot3_msgs/turtlebot3_msgs/msg/detail/version_info__struct.h
[0.382s] -- Up-to-date symlink: /home/andrei-robert/ROS2_ws/install/turtlebot3_msgs/include/turtlebot3_msgs/turtlebot3_msgs/msg/detail/version_info__type_support.h
[0.382s] -- Up-to-date symlink: /home/andrei-robert/ROS2_ws/install/turtlebot3_msgs/include/turtlebot3_msgs/turtlebot3_msgs/msg/rosidl_generator_c__visibility_control.h
[0.382s] -- Up-to-date symlink: /home/andrei-robert/ROS2_ws/install/turtlebot3_msgs/include/turtlebot3_msgs/turtlebot3_msgs/msg/sensor_state.h
[0.382s] -- Up-to-date symlink: /home/andrei-robert/ROS2_ws/install/turtlebot3_msgs/include/turtlebot3_msgs/turtlebot3_msgs/msg/sound.h
[0.382s] -- Up-to-date symlink: /home/andrei-robert/ROS2_ws/install/turtlebot3_msgs/include/turtlebot3_msgs/turtlebot3_msgs/msg/version_info.h
[0.382s] -- Up-to-date symlink: /home/andrei-robert/ROS2_ws/install/turtlebot3_msgs/include/turtlebot3_msgs/turtlebot3_msgs/srv/detail/dqn__functions.h
[0.383s] -- Up-to-date symlink: /home/andrei-robert/ROS2_ws/install/turtlebot3_msgs/include/turtlebot3_msgs/turtlebot3_msgs/srv/detail/dqn__struct.h
[0.383s] -- Up-to-date symlink: /home/andrei-robert/ROS2_ws/install/turtlebot3_msgs/include/turtlebot3_msgs/turtlebot3_msgs/srv/detail/dqn__type_support.h
[0.383s] -- Up-to-date symlink: /home/andrei-robert/ROS2_ws/install/turtlebot3_msgs/include/turtlebot3_msgs/turtlebot3_msgs/srv/detail/goal__functions.h
[0.383s] -- Up-to-date symlink: /home/andrei-robert/ROS2_ws/install/turtlebot3_msgs/include/turtlebot3_msgs/turtlebot3_msgs/srv/detail/goal__struct.h
[0.383s] -- Up-to-date symlink: /home/andrei-robert/ROS2_ws/install/turtlebot3_msgs/include/turtlebot3_msgs/turtlebot3_msgs/srv/detail/goal__type_support.h
[0.383s] -- Up-to-date symlink: /home/andrei-robert/ROS2_ws/install/turtlebot3_msgs/include/turtlebot3_msgs/turtlebot3_msgs/srv/detail/sound__functions.h
[0.383s] -- Up-to-date symlink: /home/andrei-robert/ROS2_ws/install/turtlebot3_msgs/include/turtlebot3_msgs/turtlebot3_msgs/srv/detail/sound__struct.h
[0.383s] -- Up-to-date symlink: /home/andrei-robert/ROS2_ws/install/turtlebot3_msgs/include/turtlebot3_msgs/turtlebot3_msgs/srv/detail/sound__type_support.h
[0.383s] -- Up-to-date symlink: /home/andrei-robert/ROS2_ws/install/turtlebot3_msgs/include/turtlebot3_msgs/turtlebot3_msgs/srv/dqn.h
[0.383s] -- Up-to-date symlink: /home/andrei-robert/ROS2_ws/install/turtlebot3_msgs/include/turtlebot3_msgs/turtlebot3_msgs/srv/goal.h
[0.383s] -- Up-to-date symlink: /home/andrei-robert/ROS2_ws/install/turtlebot3_msgs/include/turtlebot3_msgs/turtlebot3_msgs/srv/sound.h
[0.383s] -- Up-to-date symlink: /home/andrei-robert/ROS2_ws/install/turtlebot3_msgs/share/turtlebot3_msgs/environment/library_path.sh
[0.384s] -- Up-to-date symlink: /home/andrei-robert/ROS2_ws/install/turtlebot3_msgs/share/turtlebot3_msgs/environment/library_path.dsv
[0.384s] -- Up-to-date symlink: /home/andrei-robert/ROS2_ws/install/turtlebot3_msgs/include/turtlebot3_msgs/turtlebot3_msgs/action/detail/patrol__rosidl_typesupport_fastrtps_c.h
[0.384s] -- Up-to-date symlink: /home/andrei-robert/ROS2_ws/install/turtlebot3_msgs/include/turtlebot3_msgs/turtlebot3_msgs/msg/detail/sensor_state__rosidl_typesupport_fastrtps_c.h
[0.384s] -- Up-to-date symlink: /home/andrei-robert/ROS2_ws/install/turtlebot3_msgs/include/turtlebot3_msgs/turtlebot3_msgs/msg/detail/sound__rosidl_typesupport_fastrtps_c.h
[0.384s] -- Up-to-date symlink: /home/andrei-robert/ROS2_ws/install/turtlebot3_msgs/include/turtlebot3_msgs/turtlebot3_msgs/msg/detail/version_info__rosidl_typesupport_fastrtps_c.h
[0.384s] -- Up-to-date symlink: /home/andrei-robert/ROS2_ws/install/turtlebot3_msgs/include/turtlebot3_msgs/turtlebot3_msgs/msg/rosidl_typesupport_fastrtps_c__visibility_control.h
[0.384s] -- Up-to-date symlink: /home/andrei-robert/ROS2_ws/install/turtlebot3_msgs/include/turtlebot3_msgs/turtlebot3_msgs/srv/detail/dqn__rosidl_typesupport_fastrtps_c.h
[0.384s] -- Up-to-date symlink: /home/andrei-robert/ROS2_ws/install/turtlebot3_msgs/include/turtlebot3_msgs/turtlebot3_msgs/srv/detail/goal__rosidl_typesupport_fastrtps_c.h
[0.384s] -- Up-to-date symlink: /home/andrei-robert/ROS2_ws/install/turtlebot3_msgs/include/turtlebot3_msgs/turtlebot3_msgs/srv/detail/sound__rosidl_typesupport_fastrtps_c.h
[0.384s] -- Up-to-date symlink: /home/andrei-robert/ROS2_ws/install/turtlebot3_msgs/include/turtlebot3_msgs/turtlebot3_msgs/action/detail/patrol__builder.hpp
[0.384s] -- Up-to-date symlink: /home/andrei-robert/ROS2_ws/install/turtlebot3_msgs/include/turtlebot3_msgs/turtlebot3_msgs/action/detail/patrol__struct.hpp
[0.385s] -- Up-to-date symlink: /home/andrei-robert/ROS2_ws/install/turtlebot3_msgs/include/turtlebot3_msgs/turtlebot3_msgs/action/detail/patrol__traits.hpp
[0.385s] -- Up-to-date symlink: /home/andrei-robert/ROS2_ws/install/turtlebot3_msgs/include/turtlebot3_msgs/turtlebot3_msgs/action/detail/patrol__type_support.hpp
[0.385s] -- Up-to-date symlink: /home/andrei-robert/ROS2_ws/install/turtlebot3_msgs/include/turtlebot3_msgs/turtlebot3_msgs/action/patrol.hpp
[0.385s] -- Up-to-date symlink: /home/andrei-robert/ROS2_ws/install/turtlebot3_msgs/include/turtlebot3_msgs/turtlebot3_msgs/msg/detail/sensor_state__builder.hpp
[0.385s] -- Up-to-date symlink: /home/andrei-robert/ROS2_ws/install/turtlebot3_msgs/include/turtlebot3_msgs/turtlebot3_msgs/msg/detail/sensor_state__struct.hpp
[0.385s] -- Up-to-date symlink: /home/andrei-robert/ROS2_ws/install/turtlebot3_msgs/include/turtlebot3_msgs/turtlebot3_msgs/msg/detail/sensor_state__traits.hpp
[0.385s] -- Up-to-date symlink: /home/andrei-robert/ROS2_ws/install/turtlebot3_msgs/include/turtlebot3_msgs/turtlebot3_msgs/msg/detail/sensor_state__type_support.hpp
[0.385s] -- Up-to-date symlink: /home/andrei-robert/ROS2_ws/install/turtlebot3_msgs/include/turtlebot3_msgs/turtlebot3_msgs/msg/detail/sound__builder.hpp
[0.385s] -- Up-to-date symlink: /home/andrei-robert/ROS2_ws/install/turtlebot3_msgs/include/turtlebot3_msgs/turtlebot3_msgs/msg/detail/sound__struct.hpp
[0.385s] -- Up-to-date symlink: /home/andrei-robert/ROS2_ws/install/turtlebot3_msgs/include/turtlebot3_msgs/turtlebot3_msgs/msg/detail/sound__traits.hpp
[0.385s] -- Up-to-date symlink: /home/andrei-robert/ROS2_ws/install/turtlebot3_msgs/include/turtlebot3_msgs/turtlebot3_msgs/msg/detail/sound__type_support.hpp
[0.385s] -- Up-to-date symlink: /home/andrei-robert/ROS2_ws/install/turtlebot3_msgs/include/turtlebot3_msgs/turtlebot3_msgs/msg/detail/version_info__builder.hpp
[0.386s] -- Up-to-date symlink: /home/andrei-robert/ROS2_ws/install/turtlebot3_msgs/include/turtlebot3_msgs/turtlebot3_msgs/msg/detail/version_info__struct.hpp
[0.386s] -- Up-to-date symlink: /home/andrei-robert/ROS2_ws/install/turtlebot3_msgs/include/turtlebot3_msgs/turtlebot3_msgs/msg/detail/version_info__traits.hpp
[0.386s] -- Up-to-date symlink: /home/andrei-robert/ROS2_ws/install/turtlebot3_msgs/include/turtlebot3_msgs/turtlebot3_msgs/msg/detail/version_info__type_support.hpp
[0.386s] -- Up-to-date symlink: /home/andrei-robert/ROS2_ws/install/turtlebot3_msgs/include/turtlebot3_msgs/turtlebot3_msgs/msg/rosidl_generator_cpp__visibility_control.hpp
[0.386s] -- Up-to-date symlink: /home/andrei-robert/ROS2_ws/install/turtlebot3_msgs/include/turtlebot3_msgs/turtlebot3_msgs/msg/sensor_state.hpp
[0.386s] -- Up-to-date symlink: /home/andrei-robert/ROS2_ws/install/turtlebot3_msgs/include/turtlebot3_msgs/turtlebot3_msgs/msg/sound.hpp
[0.386s] -- Up-to-date symlink: /home/andrei-robert/ROS2_ws/install/turtlebot3_msgs/include/turtlebot3_msgs/turtlebot3_msgs/msg/version_info.hpp
[0.386s] -- Up-to-date symlink: /home/andrei-robert/ROS2_ws/install/turtlebot3_msgs/include/turtlebot3_msgs/turtlebot3_msgs/srv/detail/dqn__builder.hpp
[0.386s] -- Up-to-date symlink: /home/andrei-robert/ROS2_ws/install/turtlebot3_msgs/include/turtlebot3_msgs/turtlebot3_msgs/srv/detail/dqn__struct.hpp
[0.386s] -- Up-to-date symlink: /home/andrei-robert/ROS2_ws/install/turtlebot3_msgs/include/turtlebot3_msgs/turtlebot3_msgs/srv/detail/dqn__traits.hpp
[0.386s] -- Up-to-date symlink: /home/andrei-robert/ROS2_ws/install/turtlebot3_msgs/include/turtlebot3_msgs/turtlebot3_msgs/srv/detail/dqn__type_support.hpp
[0.386s] -- Up-to-date symlink: /home/andrei-robert/ROS2_ws/install/turtlebot3_msgs/include/turtlebot3_msgs/turtlebot3_msgs/srv/detail/goal__builder.hpp
[0.386s] -- Up-to-date symlink: /home/andrei-robert/ROS2_ws/install/turtlebot3_msgs/include/turtlebot3_msgs/turtlebot3_msgs/srv/detail/goal__struct.hpp
[0.387s] -- Up-to-date symlink: /home/andrei-robert/ROS2_ws/install/turtlebot3_msgs/include/turtlebot3_msgs/turtlebot3_msgs/srv/detail/goal__traits.hpp
[0.387s] -- Up-to-date symlink: /home/andrei-robert/ROS2_ws/install/turtlebot3_msgs/include/turtlebot3_msgs/turtlebot3_msgs/srv/detail/goal__type_support.hpp
[0.387s] -- Up-to-date symlink: /home/andrei-robert/ROS2_ws/install/turtlebot3_msgs/include/turtlebot3_msgs/turtlebot3_msgs/srv/detail/sound__builder.hpp
[0.387s] -- Up-to-date symlink: /home/andrei-robert/ROS2_ws/install/turtlebot3_msgs/include/turtlebot3_msgs/turtlebot3_msgs/srv/detail/sound__struct.hpp
[0.387s] -- Up-to-date symlink: /home/andrei-robert/ROS2_ws/install/turtlebot3_msgs/include/turtlebot3_msgs/turtlebot3_msgs/srv/detail/sound__traits.hpp
[0.387s] -- Up-to-date symlink: /home/andrei-robert/ROS2_ws/install/turtlebot3_msgs/include/turtlebot3_msgs/turtlebot3_msgs/srv/detail/sound__type_support.hpp
[0.387s] -- Up-to-date symlink: /home/andrei-robert/ROS2_ws/install/turtlebot3_msgs/include/turtlebot3_msgs/turtlebot3_msgs/srv/dqn.hpp
[0.387s] -- Up-to-date symlink: /home/andrei-robert/ROS2_ws/install/turtlebot3_msgs/include/turtlebot3_msgs/turtlebot3_msgs/srv/goal.hpp
[0.387s] -- Up-to-date symlink: /home/andrei-robert/ROS2_ws/install/turtlebot3_msgs/include/turtlebot3_msgs/turtlebot3_msgs/srv/sound.hpp
[0.387s] -- Up-to-date symlink: /home/andrei-robert/ROS2_ws/install/turtlebot3_msgs/include/turtlebot3_msgs/turtlebot3_msgs/action/detail/patrol__rosidl_typesupport_fastrtps_cpp.hpp
[0.387s] -- Up-to-date symlink: /home/andrei-robert/ROS2_ws/install/turtlebot3_msgs/include/turtlebot3_msgs/turtlebot3_msgs/msg/detail/sensor_state__rosidl_typesupport_fastrtps_cpp.hpp
[0.387s] -- Up-to-date symlink: /home/andrei-robert/ROS2_ws/install/turtlebot3_msgs/include/turtlebot3_msgs/turtlebot3_msgs/msg/detail/sound__rosidl_typesupport_fastrtps_cpp.hpp
[0.388s] -- Up-to-date symlink: /home/andrei-robert/ROS2_ws/install/turtlebot3_msgs/include/turtlebot3_msgs/turtlebot3_msgs/msg/detail/version_info__rosidl_typesupport_fastrtps_cpp.hpp
[0.388s] -- Up-to-date symlink: /home/andrei-robert/ROS2_ws/install/turtlebot3_msgs/include/turtlebot3_msgs/turtlebot3_msgs/msg/rosidl_typesupport_fastrtps_cpp__visibility_control.h
[0.388s] -- Up-to-date symlink: /home/andrei-robert/ROS2_ws/install/turtlebot3_msgs/include/turtlebot3_msgs/turtlebot3_msgs/srv/detail/dqn__rosidl_typesupport_fastrtps_cpp.hpp
[0.388s] -- Up-to-date symlink: /home/andrei-robert/ROS2_ws/install/turtlebot3_msgs/include/turtlebot3_msgs/turtlebot3_msgs/srv/detail/goal__rosidl_typesupport_fastrtps_cpp.hpp
[0.388s] -- Up-to-date symlink: /home/andrei-robert/ROS2_ws/install/turtlebot3_msgs/include/turtlebot3_msgs/turtlebot3_msgs/srv/detail/sound__rosidl_typesupport_fastrtps_cpp.hpp
[0.388s] -- Up-to-date symlink: /home/andrei-robert/ROS2_ws/install/turtlebot3_msgs/include/turtlebot3_msgs/turtlebot3_msgs/action/detail/patrol__rosidl_typesupport_introspection_c.h
[0.388s] -- Up-to-date symlink: /home/andrei-robert/ROS2_ws/install/turtlebot3_msgs/include/turtlebot3_msgs/turtlebot3_msgs/msg/detail/sensor_state__rosidl_typesupport_introspection_c.h
[0.388s] -- Up-to-date symlink: /home/andrei-robert/ROS2_ws/install/turtlebot3_msgs/include/turtlebot3_msgs/turtlebot3_msgs/msg/detail/sound__rosidl_typesupport_introspection_c.h
[0.388s] -- Up-to-date symlink: /home/andrei-robert/ROS2_ws/install/turtlebot3_msgs/include/turtlebot3_msgs/turtlebot3_msgs/msg/detail/version_info__rosidl_typesupport_introspection_c.h
[0.388s] -- Up-to-date symlink: /home/andrei-robert/ROS2_ws/install/turtlebot3_msgs/include/turtlebot3_msgs/turtlebot3_msgs/msg/rosidl_typesupport_introspection_c__visibility_control.h
[0.388s] -- Up-to-date symlink: /home/andrei-robert/ROS2_ws/install/turtlebot3_msgs/include/turtlebot3_msgs/turtlebot3_msgs/srv/detail/dqn__rosidl_typesupport_introspection_c.h
[0.388s] -- Up-to-date symlink: /home/andrei-robert/ROS2_ws/install/turtlebot3_msgs/include/turtlebot3_msgs/turtlebot3_msgs/srv/detail/goal__rosidl_typesupport_introspection_c.h
[0.389s] -- Up-to-date symlink: /home/andrei-robert/ROS2_ws/install/turtlebot3_msgs/include/turtlebot3_msgs/turtlebot3_msgs/srv/detail/sound__rosidl_typesupport_introspection_c.h
[0.389s] -- Up-to-date symlink: /home/andrei-robert/ROS2_ws/install/turtlebot3_msgs/include/turtlebot3_msgs/turtlebot3_msgs/action/detail/patrol__rosidl_typesupport_introspection_cpp.hpp
[0.389s] -- Up-to-date symlink: /home/andrei-robert/ROS2_ws/install/turtlebot3_msgs/include/turtlebot3_msgs/turtlebot3_msgs/msg/detail/sensor_state__rosidl_typesupport_introspection_cpp.hpp
[0.389s] -- Up-to-date symlink: /home/andrei-robert/ROS2_ws/install/turtlebot3_msgs/include/turtlebot3_msgs/turtlebot3_msgs/msg/detail/sound__rosidl_typesupport_introspection_cpp.hpp
[0.389s] -- Up-to-date symlink: /home/andrei-robert/ROS2_ws/install/turtlebot3_msgs/include/turtlebot3_msgs/turtlebot3_msgs/msg/detail/version_info__rosidl_typesupport_introspection_cpp.hpp
[0.389s] -- Up-to-date symlink: /home/andrei-robert/ROS2_ws/install/turtlebot3_msgs/include/turtlebot3_msgs/turtlebot3_msgs/srv/detail/dqn__rosidl_typesupport_introspection_cpp.hpp
[0.389s] -- Up-to-date symlink: /home/andrei-robert/ROS2_ws/install/turtlebot3_msgs/include/turtlebot3_msgs/turtlebot3_msgs/srv/detail/goal__rosidl_typesupport_introspection_cpp.hpp
[0.390s] -- Up-to-date symlink: /home/andrei-robert/ROS2_ws/install/turtlebot3_msgs/include/turtlebot3_msgs/turtlebot3_msgs/srv/detail/sound__rosidl_typesupport_introspection_cpp.hpp
[0.390s] -- Up-to-date symlink: /home/andrei-robert/ROS2_ws/install/turtlebot3_msgs/share/turtlebot3_msgs/environment/pythonpath.sh
[0.390s] -- Up-to-date symlink: /home/andrei-robert/ROS2_ws/install/turtlebot3_msgs/share/turtlebot3_msgs/environment/pythonpath.dsv
[0.390s] -- Up-to-date symlink: /home/andrei-robert/ROS2_ws/install/turtlebot3_msgs/lib/python3.12/site-packages/turtlebot3_msgs-2.4.0-py3.12.egg-info/PKG-INFO
[0.390s] -- Up-to-date symlink: /home/andrei-robert/ROS2_ws/install/turtlebot3_msgs/lib/python3.12/site-packages/turtlebot3_msgs-2.4.0-py3.12.egg-info/SOURCES.txt
[0.390s] -- Up-to-date symlink: /home/andrei-robert/ROS2_ws/install/turtlebot3_msgs/lib/python3.12/site-packages/turtlebot3_msgs-2.4.0-py3.12.egg-info/dependency_links.txt
[0.390s] -- Up-to-date symlink: /home/andrei-robert/ROS2_ws/install/turtlebot3_msgs/lib/python3.12/site-packages/turtlebot3_msgs-2.4.0-py3.12.egg-info/top_level.txt
[0.390s] -- Up-to-date symlink: /home/andrei-robert/ROS2_ws/install/turtlebot3_msgs/lib/python3.12/site-packages/turtlebot3_msgs/__init__.py
[0.390s] -- Up-to-date symlink: /home/andrei-robert/ROS2_ws/install/turtlebot3_msgs/lib/python3.12/site-packages/turtlebot3_msgs/_turtlebot3_msgs_s.ep.rosidl_typesupport_c.c
[0.391s] -- Up-to-date symlink: /home/andrei-robert/ROS2_ws/install/turtlebot3_msgs/lib/python3.12/site-packages/turtlebot3_msgs/_turtlebot3_msgs_s.ep.rosidl_typesupport_fastrtps_c.c
[0.391s] -- Up-to-date symlink: /home/andrei-robert/ROS2_ws/install/turtlebot3_msgs/lib/python3.12/site-packages/turtlebot3_msgs/_turtlebot3_msgs_s.ep.rosidl_typesupport_introspection_c.c
[0.391s] -- Up-to-date symlink: /home/andrei-robert/ROS2_ws/install/turtlebot3_msgs/lib/python3.12/site-packages/turtlebot3_msgs/action/__init__.py
[0.391s] -- Up-to-date symlink: /home/andrei-robert/ROS2_ws/install/turtlebot3_msgs/lib/python3.12/site-packages/turtlebot3_msgs/action/_patrol.py
[0.391s] -- Up-to-date symlink: /home/andrei-robert/ROS2_ws/install/turtlebot3_msgs/lib/python3.12/site-packages/turtlebot3_msgs/action/_patrol_s.c
[0.391s] -- Up-to-date symlink: /home/andrei-robert/ROS2_ws/install/turtlebot3_msgs/lib/python3.12/site-packages/turtlebot3_msgs/msg/__init__.py
[0.391s] -- Up-to-date symlink: /home/andrei-robert/ROS2_ws/install/turtlebot3_msgs/lib/python3.12/site-packages/turtlebot3_msgs/msg/_sensor_state.py
[0.391s] -- Up-to-date symlink: /home/andrei-robert/ROS2_ws/install/turtlebot3_msgs/lib/python3.12/site-packages/turtlebot3_msgs/msg/_sensor_state_s.c
[0.391s] -- Up-to-date symlink: /home/andrei-robert/ROS2_ws/install/turtlebot3_msgs/lib/python3.12/site-packages/turtlebot3_msgs/msg/_sound.py
[0.391s] -- Up-to-date symlink: /home/andrei-robert/ROS2_ws/install/turtlebot3_msgs/lib/python3.12/site-packages/turtlebot3_msgs/msg/_sound_s.c
[0.391s] -- Up-to-date symlink: /home/andrei-robert/ROS2_ws/install/turtlebot3_msgs/lib/python3.12/site-packages/turtlebot3_msgs/msg/_version_info.py
[0.391s] -- Up-to-date symlink: /home/andrei-robert/ROS2_ws/install/turtlebot3_msgs/lib/python3.12/site-packages/turtlebot3_msgs/msg/_version_info_s.c
[0.391s] -- Up-to-date symlink: /home/andrei-robert/ROS2_ws/install/turtlebot3_msgs/lib/python3.12/site-packages/turtlebot3_msgs/srv/__init__.py
[0.391s] -- Up-to-date symlink: /home/andrei-robert/ROS2_ws/install/turtlebot3_msgs/lib/python3.12/site-packages/turtlebot3_msgs/srv/_dqn.py
[0.391s] -- Up-to-date symlink: /home/andrei-robert/ROS2_ws/install/turtlebot3_msgs/lib/python3.12/site-packages/turtlebot3_msgs/srv/_dqn_s.c
[0.392s] -- Up-to-date symlink: /home/andrei-robert/ROS2_ws/install/turtlebot3_msgs/lib/python3.12/site-packages/turtlebot3_msgs/srv/_goal.py
[0.392s] -- Up-to-date symlink: /home/andrei-robert/ROS2_ws/install/turtlebot3_msgs/lib/python3.12/site-packages/turtlebot3_msgs/srv/_goal_s.c
[0.392s] -- Up-to-date symlink: /home/andrei-robert/ROS2_ws/install/turtlebot3_msgs/lib/python3.12/site-packages/turtlebot3_msgs/srv/_sound.py
[0.392s] -- Up-to-date symlink: /home/andrei-robert/ROS2_ws/install/turtlebot3_msgs/lib/python3.12/site-packages/turtlebot3_msgs/srv/_sound_s.c
[0.392s] -- Up-to-date symlink: /home/andrei-robert/ROS2_ws/install/turtlebot3_msgs/lib/python3.12/site-packages/turtlebot3_msgs/turtlebot3_msgs_s__rosidl_typesupport_c.so
[0.392s] -- Up-to-date symlink: /home/andrei-robert/ROS2_ws/install/turtlebot3_msgs/lib/python3.12/site-packages/turtlebot3_msgs/turtlebot3_msgs_s__rosidl_typesupport_fastrtps_c.so
[0.392s] -- Up-to-date symlink: /home/andrei-robert/ROS2_ws/install/turtlebot3_msgs/lib/python3.12/site-packages/turtlebot3_msgs/turtlebot3_msgs_s__rosidl_typesupport_introspection_c.so
[0.392s] -- Up-to-date symlink: /home/andrei-robert/ROS2_ws/install/turtlebot3_msgs/lib/python3.12/site-packages/turtlebot3_msgs/turtlebot3_msgs_s__rosidl_typesupport_fastrtps_c.so
[0.392s] -- Up-to-date symlink: /home/andrei-robert/ROS2_ws/install/turtlebot3_msgs/lib/python3.12/site-packages/turtlebot3_msgs/turtlebot3_msgs_s__rosidl_typesupport_introspection_c.so
[0.392s] -- Up-to-date symlink: /home/andrei-robert/ROS2_ws/install/turtlebot3_msgs/lib/python3.12/site-packages/turtlebot3_msgs/turtlebot3_msgs_s__rosidl_typesupport_c.so
[0.392s] -- Up-to-date symlink: /home/andrei-robert/ROS2_ws/install/turtlebot3_msgs/share/turtlebot3_msgs/msg/SensorState.idl
[0.392s] -- Up-to-date symlink: /home/andrei-robert/ROS2_ws/install/turtlebot3_msgs/share/turtlebot3_msgs/msg/Sound.idl
[0.392s] -- Up-to-date symlink: /home/andrei-robert/ROS2_ws/install/turtlebot3_msgs/share/turtlebot3_msgs/msg/VersionInfo.idl
[0.392s] -- Up-to-date symlink: /home/andrei-robert/ROS2_ws/install/turtlebot3_msgs/share/turtlebot3_msgs/srv/Sound.idl
[0.392s] -- Up-to-date symlink: /home/andrei-robert/ROS2_ws/install/turtlebot3_msgs/share/turtlebot3_msgs/srv/Dqn.idl
[0.392s] -- Up-to-date symlink: /home/andrei-robert/ROS2_ws/install/turtlebot3_msgs/share/turtlebot3_msgs/srv/Goal.idl
[0.392s] -- Up-to-date symlink: /home/andrei-robert/ROS2_ws/install/turtlebot3_msgs/share/turtlebot3_msgs/action/Patrol.idl
[0.392s] -- Up-to-date symlink: /home/andrei-robert/ROS2_ws/install/turtlebot3_msgs/share/turtlebot3_msgs/msg/SensorState.msg
[0.392s] -- Up-to-date symlink: /home/andrei-robert/ROS2_ws/install/turtlebot3_msgs/share/turtlebot3_msgs/msg/Sound.msg
[0.392s] -- Up-to-date symlink: /home/andrei-robert/ROS2_ws/install/turtlebot3_msgs/share/turtlebot3_msgs/msg/VersionInfo.msg
[0.393s] -- Up-to-date symlink: /home/andrei-robert/ROS2_ws/install/turtlebot3_msgs/share/turtlebot3_msgs/srv/Sound.srv
[0.393s] -- Up-to-date symlink: /home/andrei-robert/ROS2_ws/install/turtlebot3_msgs/share/turtlebot3_msgs/srv/Dqn.srv
[0.393s] -- Up-to-date symlink: /home/andrei-robert/ROS2_ws/install/turtlebot3_msgs/share/turtlebot3_msgs/srv/Goal.srv
[0.393s] -- Up-to-date symlink: /home/andrei-robert/ROS2_ws/install/turtlebot3_msgs/share/turtlebot3_msgs/action/Patrol.action
[0.393s] -- Up-to-date symlink: /home/andrei-robert/ROS2_ws/install/turtlebot3_msgs/share/ament_index/resource_index/package_run_dependencies/turtlebot3_msgs
[0.393s] -- Up-to-date symlink: /home/andrei-robert/ROS2_ws/install/turtlebot3_msgs/share/ament_index/resource_index/parent_prefix_path/turtlebot3_msgs
[0.393s] -- Up-to-date symlink: /home/andrei-robert/ROS2_ws/install/turtlebot3_msgs/share/turtlebot3_msgs/environment/ament_prefix_path.sh
[0.393s] -- Up-to-date symlink: /home/andrei-robert/ROS2_ws/install/turtlebot3_msgs/share/turtlebot3_msgs/environment/ament_prefix_path.dsv
[0.393s] -- Up-to-date symlink: /home/andrei-robert/ROS2_ws/install/turtlebot3_msgs/share/turtlebot3_msgs/environment/path.sh
[0.393s] -- Up-to-date symlink: /home/andrei-robert/ROS2_ws/install/turtlebot3_msgs/share/turtlebot3_msgs/environment/path.dsv
[0.393s] -- Up-to-date symlink: /home/andrei-robert/ROS2_ws/install/turtlebot3_msgs/share/turtlebot3_msgs/local_setup.bash
[0.393s] -- Up-to-date symlink: /home/andrei-robert/ROS2_ws/install/turtlebot3_msgs/share/turtlebot3_msgs/local_setup.sh
[0.393s] -- Up-to-date symlink: /home/andrei-robert/ROS2_ws/install/turtlebot3_msgs/share/turtlebot3_msgs/local_setup.zsh
[0.393s] -- Up-to-date symlink: /home/andrei-robert/ROS2_ws/install/turtlebot3_msgs/share/turtlebot3_msgs/local_setup.dsv
[0.393s] -- Symlinking: /home/andrei-robert/ROS2_ws/install/turtlebot3_msgs/share/turtlebot3_msgs/package.dsv
[0.398s] -- Up-to-date symlink: /home/andrei-robert/ROS2_ws/install/turtlebot3_msgs/share/ament_index/resource_index/packages/turtlebot3_msgs
[0.398s] -- Up-to-date symlink: /home/andrei-robert/ROS2_ws/install/turtlebot3_msgs/share/turtlebot3_msgs/cmake/rosidl_cmake-extras.cmake
[0.398s] -- Up-to-date symlink: /home/andrei-robert/ROS2_ws/install/turtlebot3_msgs/share/turtlebot3_msgs/cmake/ament_cmake_export_dependencies-extras.cmake
[0.399s] -- Up-to-date symlink: /home/andrei-robert/ROS2_ws/install/turtlebot3_msgs/share/turtlebot3_msgs/cmake/ament_cmake_export_include_directories-extras.cmake
[0.399s] -- Up-to-date symlink: /home/andrei-robert/ROS2_ws/install/turtlebot3_msgs/share/turtlebot3_msgs/cmake/ament_cmake_export_libraries-extras.cmake
[0.399s] -- Up-to-date symlink: /home/andrei-robert/ROS2_ws/install/turtlebot3_msgs/share/turtlebot3_msgs/cmake/ament_cmake_export_targets-extras.cmake
[0.399s] -- Up-to-date symlink: /home/andrei-robert/ROS2_ws/install/turtlebot3_msgs/share/turtlebot3_msgs/cmake/rosidl_cmake_export_typesupport_targets-extras.cmake
[0.399s] -- Up-to-date symlink: /home/andrei-robert/ROS2_ws/install/turtlebot3_msgs/share/turtlebot3_msgs/cmake/rosidl_cmake_export_typesupport_libraries-extras.cmake
[0.399s] -- Up-to-date symlink: /home/andrei-robert/ROS2_ws/install/turtlebot3_msgs/share/turtlebot3_msgs/cmake/turtlebot3_msgsConfig.cmake
[0.399s] -- Up-to-date symlink: /home/andrei-robert/ROS2_ws/install/turtlebot3_msgs/share/turtlebot3_msgs/cmake/turtlebot3_msgsConfig-version.cmake
[0.400s] -- Up-to-date symlink: /home/andrei-robert/ROS2_ws/install/turtlebot3_msgs/share/turtlebot3_msgs/package.xml
[0.400s] -- Up-to-date: /home/andrei-robert/ROS2_ws/install/turtlebot3_msgs/lib/libturtlebot3_msgs__rosidl_generator_c.so
[0.400s] -- Up-to-date: /home/andrei-robert/ROS2_ws/install/turtlebot3_msgs/lib/libturtlebot3_msgs__rosidl_typesupport_fastrtps_c.so
[0.400s] -- Up-to-date: /home/andrei-robert/ROS2_ws/install/turtlebot3_msgs/lib/libturtlebot3_msgs__rosidl_typesupport_fastrtps_cpp.so
[0.401s] -- Up-to-date: /home/andrei-robert/ROS2_ws/install/turtlebot3_msgs/lib/libturtlebot3_msgs__rosidl_typesupport_introspection_c.so
[0.401s] -- Up-to-date: /home/andrei-robert/ROS2_ws/install/turtlebot3_msgs/lib/libturtlebot3_msgs__rosidl_typesupport_c.so
[0.401s] -- Up-to-date: /home/andrei-robert/ROS2_ws/install/turtlebot3_msgs/lib/libturtlebot3_msgs__rosidl_typesupport_introspection_cpp.so
[0.401s] -- Up-to-date: /home/andrei-robert/ROS2_ws/install/turtlebot3_msgs/lib/libturtlebot3_msgs__rosidl_typesupport_cpp.so
[0.433s] Listing '/home/andrei-robert/ROS2_ws/install/turtlebot3_msgs/lib/python3.12/site-packages/turtlebot3_msgs'...
[0.433s] Listing '/home/andrei-robert/ROS2_ws/install/turtlebot3_msgs/lib/python3.12/site-packages/turtlebot3_msgs/action'...
[0.433s] Listing '/home/andrei-robert/ROS2_ws/install/turtlebot3_msgs/lib/python3.12/site-packages/turtlebot3_msgs/msg'...
[0.433s] Listing '/home/andrei-robert/ROS2_ws/install/turtlebot3_msgs/lib/python3.12/site-packages/turtlebot3_msgs/srv'...
[0.437s] -- Up-to-date: /home/andrei-robert/ROS2_ws/install/turtlebot3_msgs/lib/libturtlebot3_msgs__rosidl_generator_py.so
[0.437s] -- Up-to-date: /home/andrei-robert/ROS2_ws/install/turtlebot3_msgs/share/turtlebot3_msgs/cmake/export_turtlebot3_msgs__rosidl_generator_cExport.cmake
[0.437s] -- Up-to-date: /home/andrei-robert/ROS2_ws/install/turtlebot3_msgs/share/turtlebot3_msgs/cmake/export_turtlebot3_msgs__rosidl_generator_cExport-noconfig.cmake
[0.437s] -- Up-to-date: /home/andrei-robert/ROS2_ws/install/turtlebot3_msgs/share/turtlebot3_msgs/cmake/export_turtlebot3_msgs__rosidl_typesupport_fastrtps_cExport.cmake
[0.438s] -- Up-to-date: /home/andrei-robert/ROS2_ws/install/turtlebot3_msgs/share/turtlebot3_msgs/cmake/export_turtlebot3_msgs__rosidl_typesupport_fastrtps_cExport-noconfig.cmake
[0.438s] -- Up-to-date: /home/andrei-robert/ROS2_ws/install/turtlebot3_msgs/share/turtlebot3_msgs/cmake/export_turtlebot3_msgs__rosidl_generator_cppExport.cmake
[0.438s] -- Up-to-date: /home/andrei-robert/ROS2_ws/install/turtlebot3_msgs/share/turtlebot3_msgs/cmake/export_turtlebot3_msgs__rosidl_typesupport_fastrtps_cppExport.cmake
[0.438s] -- Up-to-date: /home/andrei-robert/ROS2_ws/install/turtlebot3_msgs/share/turtlebot3_msgs/cmake/export_turtlebot3_msgs__rosidl_typesupport_fastrtps_cppExport-noconfig.cmake
[0.438s] -- Up-to-date: /home/andrei-robert/ROS2_ws/install/turtlebot3_msgs/share/turtlebot3_msgs/cmake/turtlebot3_msgs__rosidl_typesupport_introspection_cExport.cmake
[0.438s] -- Up-to-date: /home/andrei-robert/ROS2_ws/install/turtlebot3_msgs/share/turtlebot3_msgs/cmake/turtlebot3_msgs__rosidl_typesupport_introspection_cExport-noconfig.cmake
[0.438s] -- Up-to-date: /home/andrei-robert/ROS2_ws/install/turtlebot3_msgs/share/turtlebot3_msgs/cmake/turtlebot3_msgs__rosidl_typesupport_cExport.cmake
[0.438s] -- Up-to-date: /home/andrei-robert/ROS2_ws/install/turtlebot3_msgs/share/turtlebot3_msgs/cmake/turtlebot3_msgs__rosidl_typesupport_cExport-noconfig.cmake
[0.438s] -- Up-to-date: /home/andrei-robert/ROS2_ws/install/turtlebot3_msgs/share/turtlebot3_msgs/cmake/turtlebot3_msgs__rosidl_typesupport_introspection_cppExport.cmake
[0.438s] -- Up-to-date: /home/andrei-robert/ROS2_ws/install/turtlebot3_msgs/share/turtlebot3_msgs/cmake/turtlebot3_msgs__rosidl_typesupport_introspection_cppExport-noconfig.cmake
[0.438s] -- Up-to-date: /home/andrei-robert/ROS2_ws/install/turtlebot3_msgs/share/turtlebot3_msgs/cmake/turtlebot3_msgs__rosidl_typesupport_cppExport.cmake
[0.439s] -- Up-to-date: /home/andrei-robert/ROS2_ws/install/turtlebot3_msgs/share/turtlebot3_msgs/cmake/turtlebot3_msgs__rosidl_typesupport_cppExport-noconfig.cmake
[0.439s] -- Up-to-date: /home/andrei-robert/ROS2_ws/install/turtlebot3_msgs/share/turtlebot3_msgs/cmake/export_turtlebot3_msgs__rosidl_generator_pyExport.cmake
[0.439s] -- Up-to-date: /home/andrei-robert/ROS2_ws/install/turtlebot3_msgs/share/turtlebot3_msgs/cmake/export_turtlebot3_msgs__rosidl_generator_pyExport-noconfig.cmake
[0.440s] Invoked command in '/home/andrei-robert/ROS2_ws/build/turtlebot3_msgs' returned '0': CMAKE_PREFIX_PATH=${CMAKE_PREFIX_PATH}:/home/andrei-robert/ROS2_ws/install/turtlebot3_teleop:/home/andrei-robert/ROS2_ws/install/turtlebot3_example:/opt/ros/jazzy /usr/bin/cmake --install /home/andrei-robert/ROS2_ws/build/turtlebot3_msgs
